C251 COMPILER V5.60.0,  lsm303                                                             06/04/24  17:18:07  PAGE 1   


C251 COMPILER V5.60.0, COMPILATION OF MODULE lsm303
OBJECT MODULE PLACED IN .\Objects\lsm303.obj
COMPILER INVOKED BY: C:\Keil_v5\C251\BIN\C251.EXE Externals\lsm303.c XSMALL INTR2 BROWSE INCDIR(.\Internals;.\Externals)
                    - DEBUG PRINT(.\Listings\lsm303.lst) TABS(2) OBJECT(.\Objects\lsm303.obj) 

stmt  level    source

    1          #include "lsm303.h"
    2          #include <MATH.H>
    3          
    4          void LSM303_MasterWriteOneBytetoSlave(unsigned char slave_addr, unsigned char register_addr, unsigned cha
             -r dat_to_send) 
    5          {
    6   1          // MASTER   Start   SlaveAddr+W             RegisterAddr            Data            Stop
    7   1          // SLAVE                            ACK                     ACK             ACK
    8   1          IIC_START();
    9   1          IIC_SENDBYTE(slave_addr+0);
   10   1          IIC_WAITACK();
   11   1          IIC_SENDBYTE(register_addr);
   12   1          IIC_WAITACK();
   13   1          IIC_SENDBYTE(dat_to_send);
   14   1          IIC_WAITACK();
   15   1          IIC_STOP();
   16   1      }
   17          
   18          void LSM303_MasterWriteMultipleBytestoSlave(unsigned char slave_addr, unsigned char register_addr, unsign
             -ed char *dat_to_send, unsigned char bytes_to_send)
   19          {
   20   1          // MASTER   Start   SlaveAddr+W             RegisterAddr            Data0           Data1          ..
             -.  DataN          Stop
   21   1          // SLAVE                            ACK                     ACK             ACK             ACK      
             -       ...  ACK
   22   1          unsigned char i;
   23   1      
   24   1          IIC_START();                            // å‘é€èµ·å§‹ä¿¡å·
   25   1          IIC_SENDBYTE(slave_addr);               // å‘é€ä»è®¾å¤‡åœ°å€åŠ å†™æ“ä½œä½
   26   1          IIC_WAITACK();                          // ç­‰å¾…ä»è®¾å¤‡çš„åº”ç­”
   27   1          IIC_SENDBYTE(register_addr);            // å‘é€å¯„å­˜å™¨åœ°å€
   28   1          IIC_WAITACK();                          // ç­‰å¾…ä»è®¾å¤‡çš„åº”ç­”
   29   1      
   30   1          for(i = 0; i < bytes_to_send; i++)      // å¯¹äºæ‰€æœ‰è¦å‘é€çš„æ•°æ®
   31   1          {
   32   2              IIC_SENDBYTE(dat_to_send[i]);       // å‘é€æ•°æ®
   33   2              IIC_WAITACK();                      // ç­‰å¾…ä»è®¾å¤‡çš„åº”ç­”
   34   2          }
   35   1      
   36   1          IIC_STOP();                             // å‘é€åœæ­¢ä¿¡å·
   37   1      }
   38          
   39          void LSM303_MasterRecieveOneBytefromSlave(unsigned char slave_addr, unsigned char register_addr, unsigned
             - char dat_storage) 
   40          {
   41   1          // MASTER   Start   SlaveAddr+W             RegisterAddr            StartRepeat     SlaveAddr+R      
             -               NACK    Stop
   42   1          // SLAVE                            ACK                     ACK                                     A
             -CK     Data
   43   1          IIC_START();
   44   1          IIC_SENDBYTE(slave_addr+0);
   45   1          IIC_WAITACK();
   46   1          IIC_SENDBYTE(register_addr);
   47   1          IIC_WAITACK();
   48   1          IIC_START();
   49   1          IIC_SENDBYTE(slave_addr+1);
*** WARNING C188 IN LINE 49 OF Externals\lsm303.c: 'parameter 1': value truncated
   50   1          IIC_WAITACK();
C251 COMPILER V5.60.0,  lsm303                                                             06/04/24  17:18:07  PAGE 2   

   51   1          dat_storage = IIC_READBYTE();
   52   1          IIC_SENDNACK();
   53   1          IIC_STOP();
   54   1      }
   55          
   56          void LSM303_MasterReceiveMultipleBytesfromSlave(unsigned char slave_addr, unsigned char register_addr, un
             -signed char *data_buffer, unsigned char bytes_to_receive)
   57          {
   58   1          // MASTER   Start   SlaveAddr+W             RegisterAddr            StartRepeat     SlaveAddr+R      
             -               ACK             ACK     ...     NACK    Stop
   59   1          // SLAVE                            ACK                     ACK                                     A
             -CK     Data1           DataN           ...
   60   1          unsigned char i;
   61   1      
   62   1          IIC_START();                            // å‘é€èµ·å§‹ä¿¡å·
   63   1          IIC_SENDBYTE(slave_addr);               // å‘é€ä»è®¾å¤‡åœ°å€åŠ å†™æ“ä½œä½
   64   1          IIC_WAITACK();                          // ç­‰å¾…ä»è®¾å¤‡çš„åº”ç­”
   65   1          IIC_SENDBYTE(register_addr);            // å‘é€å¯„å­˜å™¨åœ°å€
   66   1          IIC_WAITACK();                          // ç­‰å¾…ä»è®¾å¤‡çš„åº”ç­”
   67   1      
   68   1          IIC_START();                            // å‘é€é‡å¤èµ·å§‹ä¿¡å·ï¼Œåˆ‡æ¢åˆ°è¯»æ¨¡å¼
   69   1          IIC_SENDBYTE(slave_addr + 1);           // å‘é€ä»è®¾å¤‡åœ°å€åŠ è¯»æ“ä½œä½
*** WARNING C188 IN LINE 69 OF Externals\lsm303.c: 'parameter 1': value truncated
   70   1          IIC_WAITACK();                          // ç­‰å¾…ä»è®¾å¤‡çš„åº”ç­”
   71   1      
   72   1          for(i = 0; i < bytes_to_receive - 1; i++) // å¯¹äºæ‰€æœ‰è¦æ¥æ”¶çš„æ•°æ®ï¼ˆæœ€åä¸€ä¸ªå­—èŠ‚é™¤å¤
             -–ï¼‰
   73   1          {
   74   2              data_buffer[i] = IIC_READBYTE();    // è¯»å–æ•°æ®
   75   2              IIC_SENDACK();                      // å‘é€åº”ç­”ä¿¡å·ï¼Œå‡†å¤‡æ¥æ”¶ä¸‹ä¸€ä¸ªå­—èŠ‚
   76   2          }
   77   1          
   78   1          // è¯»å–æœ€åä¸€ä¸ªå­—èŠ‚å¹¶å‘é€éåº”ç­”ä¿¡å·
   79   1          data_buffer[bytes_to_receive - 1] = IIC_READBYTE(); // è¯»å–æœ€åä¸€ä¸ªå­—èŠ‚çš„æ•°æ®
   80   1          IIC_SENDNACK();                         // å¯¹äºæœ€åä¸€ä¸ªå­—èŠ‚ï¼Œå‘é€éåº”ç­”ä¿¡å·
   81   1          IIC_STOP();                             // å‘é€åœæ­¢ä¿¡å·
   82   1      }
   83          
   84          void LSM303_Init(void) 
   85          {
   86   1          LSM303_Acc_Init();
   87   1          LSM303_Mag_Init();
   88   1      }
   89          
   90          void LSM303_Acc_Init(void) 
   91          {
   92   1          // åˆå§‹åŒ–åŠ é€Ÿåº¦ä¼ æ„Ÿå™¨
   93   1          // å†™å…¥LSM303_CTRL_REG[1:6]_Aå¯„å­˜å™¨
   94   1      
   95   1          unsigned char CTRL_REG1;
   96   1          unsigned char CTRL_REG2;
   97   1          unsigned char CTRL_REG3;
   98   1          unsigned char CTRL_REG4;
   99   1          unsigned char CTRL_REG5;
  100   1          unsigned char CTRL_REG6;
  101   1      
  102   1          CTRL_REG1 = 0x27;
  103   1          // é…ç½®ä¸º 0101 0111 = 0x57
  104   1          // å‰å››ä½ï¼š 0000 å…³æœºæ¨¡å¼
  105   1          //          0011 é€šç”¨1Hz    0010 é€šç”¨10Hz   0011 é€šç”¨25Hz   0100 é€šç”¨50Hz   0101 é€šç”¨100Hz
  106   1          //          0110 é€šç”¨200Hz  0111 é€šç”¨400Hz  1000 ä½åŠŸè€—1.620kHz             1001 æ™®é€š1.344kH
             -z/ä½åŠŸè€—5.376kHz
  107   1          // åå››ä½ï¼š *___ 0:ä½åŠŸè€—æ¨¡å¼å…³é—­   /   1:ä½åŠŸè€—æ¨¡å¼å¼€å¯
  108   1          //          _*__ 0:Zè½´å…³é—­          /   1:Zè½´å¼€å¯
  109   1          //          __*_ 0:Yè½´å…³é—­          /   1:Yè½´å¼€å¯
  110   1          //          ___* 0:Xè½´å…³é—­          /   1:Xè½´å¼€å¯
C251 COMPILER V5.60.0,  lsm303                                                             06/04/24  17:18:07  PAGE 3   

  111   1      
  112   1          CTRL_REG2 = 0x00; // é«˜é€šæ»¤æ³¢å™¨é…ç½®å…³é—­
  113   1          CTRL_REG3 = 0x00; // æ‰€æœ‰ä¸­æ–­å…³é—­
  114   1          CTRL_REG4 = 0x00; // æ•°æ®è¾“å‡ºæ ¼å¼è®¾ç½®ä¸ºæ­£å¸¸æ¨¡å¼ï¼ŒÂ±2g
  115   1          CTRL_REG5 = 0x00; // FIFOå…³é—­ï¼Œä¸ä½¿ç”¨é«˜é€šæ»¤æ³¢å™¨
  116   1          CTRL_REG6 = 0x00; // ä¸­æ–­æ´»åŠ¨é…ç½®å…³é—­
  117   1      
  118   1          // å†™å…¥å¯„å­˜å™¨
  119   1          LSM303_MasterWriteOneBytetoSlave(LSM303_ACC_ADDRESS, LSM303_CTRL_REG1_A, CTRL_REG1);
  120   1          // LSM303_MasterWriteOneBytetoSlave(LSM303_ACC_ADDRESS, LSM303_CTRL_REG2_A, CTRL_REG2);
  121   1          // LSM303_MasterWriteOneBytetoSlave(LSM303_ACC_ADDRESS, LSM303_CTRL_REG3_A, CTRL_REG3);
  122   1          // LSM303_MasterWriteOneBytetoSlave(LSM303_ACC_ADDRESS, LSM303_CTRL_REG4_A, CTRL_REG4);
  123   1          // LSM303_MasterWriteOneBytetoSlave(LSM303_ACC_ADDRESS, LSM303_CTRL_REG5_A, CTRL_REG5);
  124   1          // LSM303_MasterWriteOneBytetoSlave(LSM303_ACC_ADDRESS, LSM303_CTRL_REG6_A, CTRL_REG6);
  125   1      }
  126          
  127          void LSM303_Mag_Init(void) {
  128   1          // åˆå§‹åŒ–ç£åœºä¼ æ„Ÿå™¨
  129   1          unsigned char CRA_REG_M;
  130   1          unsigned char CRB_REG_M;
  131   1          unsigned char MR_REG_M;
  132   1          // é…ç½®CRA_REG_Mï¼Œæ•°æ®è¾“å‡ºé€Ÿç‡ä¸º220Hzï¼Œæ¸©åº¦ä¼ æ„Ÿå™¨å¼€
  133   1          CRA_REG_M = 0x9C; 
  134   1          // LSM303_MasterWriteOneBytetoSlave(LSM303_MAG_ADDRESS, LSM303_CRA_REG_M, CRA_REG_M);
  135   1      
  136   1          // é…ç½®CRB_REG_Mï¼Œå¢ç›Šé…ç½®ä¸ºÂ±1.3Gauss
  137   1          CRB_REG_M = 0x20; // 0010 0000
  138   1          // LSM303_MasterWriteOneBytetoSlave(LSM303_MAG_ADDRESS, LSM303_CRB_REG_M, CRB_REG_M);
  139   1      
  140   1          // é…ç½®MR_REG_Mï¼Œè®¾ç½®ä¸ºè¿ç»­è½¬æ¢æ¨¡å¼
  141   1          MR_REG_M = 0x00; // 0000 0000
  142   1          LSM303_MasterWriteOneBytetoSlave(LSM303_MAG_ADDRESS, LSM303_MR_REG_M, MR_REG_M);
  143   1      }
  144          
  145          float LSM303_Read_Acc(char axis) 
  146          {
  147   1          unsigned char acc_data[2];
  148   1          float acc_value;
  149   1          unsigned char addr_low, addr_high;
  150   1      
  151   1          // æ ¹æ®è½´é€‰æ‹©æ­£ç¡®çš„å¯„å­˜å™¨åœ°å€
  152   1          switch(axis) 
  153   1          {
  154   2              case 'x':
  155   2                  addr_low = LSM303_OUT_X_L_A;
  156   2                  addr_high = LSM303_OUT_X_H_A;
  157   2                  break;
  158   2              case 'y':
  159   2                  addr_low = LSM303_OUT_Y_L_A;
  160   2                  addr_high = LSM303_OUT_Y_H_A;
  161   2                  break;
  162   2              case 'z':
  163   2                  addr_low = LSM303_OUT_Z_L_A;
  164   2                  addr_high = LSM303_OUT_Z_H_A;
  165   2                  break;
  166   2              default:
  167   2                  return 0; // å¦‚æœè½´ä¸æ­£ç¡®ï¼Œåˆ™è¿”å›0
  168   2          }
  169   1      
  170   1          // è¯»å–åŠ é€Ÿåº¦è®¡çš„æ•°æ®
  171   1          LSM303_MasterReceiveMultipleBytesfromSlave(LSM303_ACC_ADDRESS, addr_low, acc_data, 2);
  172   1          // LSM303_MasterRecieveOneBytefromSlave(LSM303_ACC_ADDRESS, addr_low, acc_data[0]);
  173   1          // LSM303_MasterRecieveOneBytefromSlave(LSM303_ACC_ADDRESS, addr_high, acc_data[1]);
  174   1      
  175   1          // è®¡ç®—åŠ é€Ÿåº¦å€¼ï¼Œè€ƒè™‘åˆ°æ•°æ®ä¸º16ä½ï¼Œå·¦ç§»é«˜ä½å¹¶åŠ ä¸Šä½ä½
  176   1          acc_value = ((short)(acc_data[1] << 8 | acc_data[0])) / 16384.0f;
C251 COMPILER V5.60.0,  lsm303                                                             06/04/24  17:18:07  PAGE 4   

  177   1          // acc_value = ((float)(acc_data[1] << 8 | acc_data[0])) / 16.384f;
  178   1      
  179   1          return acc_value;
  180   1      }
  181          
  182          float LSM303_Read_Mag(char axis) 
  183          {
  184   1          unsigned char mag_data[2];
  185   1          float mag_value;
  186   1          unsigned char addr_low, addr_high;
  187   1      
  188   1          // æ ¹æ®è½´é€‰æ‹©æ­£ç¡®çš„å¯„å­˜å™¨åœ°å€
  189   1          switch(axis) 
  190   1          {
  191   2              case 'x':
  192   2                  addr_low = LSM303_OUT_X_L_M;
  193   2                  addr_high = LSM303_OUT_X_H_M;
  194   2                  break;
  195   2              case 'y':
  196   2                  addr_low = LSM303_OUT_Y_L_M;
  197   2                  addr_high = LSM303_OUT_Y_H_M;
  198   2                  break;
  199   2              case 'z':
  200   2                  addr_low = LSM303_OUT_Z_L_M;
  201   2                  addr_high = LSM303_OUT_Z_H_M;
  202   2                  break;
  203   2              default:
  204   2                  return 0; // å¦‚æœè½´ä¸æ­£ç¡®ï¼Œåˆ™è¿”å›0
  205   2          }
  206   1      
  207   1          // è¯»å–ç£åœºè®¡çš„æ•°æ®
  208   1          // LSM303_MasterReceiveMultipleBytesfromSlave(LSM303_MAG_ADDRESS, addr, mag_data, 2);
  209   1          LSM303_MasterRecieveOneBytefromSlave(LSM303_MAG_ADDRESS, addr_high, mag_data[0]);
  210   1          LSM303_MasterRecieveOneBytefromSlave(LSM303_MAG_ADDRESS, addr_low, mag_data[1]);
  211   1      
  212   1          // è®¡ç®—ç£åœºå€¼ï¼Œç”±äºç£åœºä¼ æ„Ÿå™¨çš„æ•°æ®æ’åˆ—ä¸åŠ é€Ÿåº¦è®¡ä¸åŒï¼Œéœ€è¦å…ˆè¯»é«˜ä½
  213   1          mag_value = ((short)(mag_data[0] << 8 | mag_data[1])) / 1100.0f;
  214   1      
  215   1          return mag_value;
  216   1      }
  217          
  218          double LSM303_Read_Mag_Angle()
  219          {
  220   1          #define M_PI 3.14159265358979323846
  221   1          unsigned char mag_data[6];
  222   1          double angle;
  223   1          int mag_x, mag_y, mag_z;
  224   1          unsigned char addr_starter;
  225   1      
  226   1          LSM303_MasterReceiveMultipleBytesfromSlave(LSM303_MAG_ADDRESS, LSM303_OUT_X_L_M, mag_data, 6);
  227   1      
  228   1          mag_x = mag_data[0] << 8 | mag_data[1];
  229   1          mag_y = mag_data[2] << 8 | mag_data[3];
  230   1          mag_z = mag_data[4] << 8 | mag_data[5];
  231   1      
  232   1          // è®¡ç®—ç£åœºè§’åº¦
  233   1          angle = atan2((double)mag_y, (double)mag_x) * (180 / M_PI) + 180;
  234   1          angle *= 10;
  235   1      
  236   1          return angle;
  237   1      }
*** WARNING C47 IN LINE 224 OF Externals\lsm303.c: 'addr_starter': unreferenced local variable


Module Information          Static   Overlayable
------------------------------------------------
  code size            =       598     ------
C251 COMPILER V5.60.0,  lsm303                                                             06/04/24  17:18:07  PAGE 5   

  ecode size           =    ------     ------
  data size            =    ------     ------
  idata size           =    ------     ------
  pdata size           =    ------     ------
  xdata size           =    ------     ------
  xdata-const size     =    ------     ------
  edata size           =    ------         18
  bit size             =    ------     ------
  ebit size            =    ------     ------
  bitaddressable size  =    ------     ------
  ebitaddressable size =    ------     ------
  far data size        =    ------     ------
  huge data size       =    ------     ------
  const size           =    ------     ------
  hconst size          =    ------     ------
End of Module Information.


C251 COMPILATION COMPLETE.  3 WARNING(S),  0 ERROR(S)
