Build target 'Target 1'
compiling main.c...
main.c(264): warning C140: 'SPI_Init' undefined; assuming 'extern int SPI_Init()'
compiling laser_ranging.c...
linking...
*** WARNING L57: UNCALLED FUNCTION, IGNORED FOR OVERLAY PROCESS
    NAME:    OLED_Loading/main

*** WARNING L57: UNCALLED FUNCTION, IGNORED FOR OVERLAY PROCESS
    NAME:    OLED_BuffShowCircle/oled

*** WARNING L57: UNCALLED FUNCTION, IGNORED FOR OVERLAY PROCESS
    NAME:    OLED_BuffShowNum02F/oled

*** WARNING L57: UNCALLED FUNCTION, IGNORED FOR OVERLAY PROCESS
    NAME:    OLED_BuffShowBMP/oled

*** WARNING L57: UNCALLED FUNCTION, IGNORED FOR OVERLAY PROCESS
    NAME:    OLED_BuffShowChar32/oled

*** WARNING L57: UNCALLED FUNCTION, IGNORED FOR OVERLAY PROCESS
    NAME:    OLED_LightSet/oled

*** WARNING L57: UNCALLED FUNCTION, IGNORED FOR OVERLAY PROCESS
    NAME:    OLED_BuffShowRectangle/oled

*** WARNING L57: UNCALLED FUNCTION, IGNORED FOR OVERLAY PROCESS
    NAME:    OLED_DrawBMP/oled

*** WARNING L57: UNCALLED FUNCTION, IGNORED FOR OVERLAY PROCESS
    NAME:    OLED_DisplayOff/oled

*** WARNING L57: UNCALLED FUNCTION, IGNORED FOR OVERLAY PROCESS
    NAME:    LaserRanging_SetFreq_1Hz/laser_ranging

*** WARNING L57: UNCALLED FUNCTION, IGNORED FOR OVERLAY PROCESS
    NAME:    LaserRanging_SetFreq_5Hz/laser_ranging

*** WARNING L57: UNCALLED FUNCTION, IGNORED FOR OVERLAY PROCESS
    NAME:    LaserRanging_SetFreq_10Hz/laser_ranging

*** WARNING L57: UNCALLED FUNCTION, IGNORED FOR OVERLAY PROCESS
    NAME:    Uart1_Running/uart

*** WARNING L57: UNCALLED FUNCTION, IGNORED FOR OVERLAY PROCESS
    NAME:    Uart2_Running/uart

*** WARNING L57: UNCALLED FUNCTION, IGNORED FOR OVERLAY PROCESS
    NAME:    Uart3_Running/uart

*** WARNING L57: UNCALLED FUNCTION, IGNORED FOR OVERLAY PROCESS
    NAME:    Uart4_Running/uart

*** WARNING L57: UNCALLED FUNCTION, IGNORED FOR OVERLAY PROCESS
    NAME:    Uart1_SendString/uart

*** WARNING L57: UNCALLED FUNCTION, IGNORED FOR OVERLAY PROCESS
    NAME:    Uart2_SendString/uart

*** WARNING L57: UNCALLED FUNCTION, IGNORED FOR OVERLAY PROCESS
    NAME:    Uart3_SendString/uart

*** WARNING L57: UNCALLED FUNCTION, IGNORED FOR OVERLAY PROCESS
    NAME:    Uart4_SendString/uart

*** WARNING L57: UNCALLED FUNCTION, IGNORED FOR OVERLAY PROCESS
    NAME:    Uart2_Init/uart

*** WARNING L57: UNCALLED FUNCTION, IGNORED FOR OVERLAY PROCESS
    NAME:    Uart2_SendCmd/uart

*** WARNING L57: UNCALLED FUNCTION, IGNORED FOR OVERLAY PROCESS
    NAME:    Uart3_SendCmd/uart

*** WARNING L57: UNCALLED FUNCTION, IGNORED FOR OVERLAY PROCESS
    NAME:    Uart4_SendCmd/uart

*** WARNING L15: MULTIPLE CALL TO FUNCTION
    NAME:    OLED_WR_Byte/oled
    CALLER1: Uart1_Isr/uart
    CALLER2: ?C_C51STARTUP?3

*** WARNING L15: MULTIPLE CALL TO FUNCTION
    NAME:    OLED_BuffShowString/oled
    CALLER1: Uart1_Isr/uart
    CALLER2: ?C_C51STARTUP?3

*** WARNING L25: DATA TYPES DIFFERENT
    SYMBOL:  SPI_Init
    MODULE:  .\Objects\main.obj (main)
   DEFINED:  .\Objects\spi.obj (spi)

Program Size: data=8.4 edata+hdata=520 xdata=1047 const=400 code=12130
creating hex file from ".\Objects\STC32G_Test_07_串口通信简易激光测距仪(SPI屏幕)"...
".\Objects\STC32G_Test_07_串口通信简易激光测距仪(SPI屏幕)" - 0 Error(s), 28 Warning(s).
Build Time Elapsed:  00:00:00
