C251 COMPILER V5.60.0,  SEEKFREE_MPU6050                                                   08/04/24  13:47:32  PAGE 1   


C251 COMPILER V5.60.0, COMPILATION OF MODULE SEEKFREE_MPU6050
OBJECT MODULE PLACED IN .\Out_File\SEEKFREE_MPU6050.obj
COMPILER INVOKED BY: C:\Keil_v5\C251\BIN\C251.EXE ..\..\Libraries\seekfree_peripheral\SEEKFREE_MPU6050.c XSMALL INTR2 WA
                    -RNINGLEVEL(3) OPTIMIZE(0,SPEED) BROWSE INCDIR(..\..\Libraries\libraries;..\..\Libraries\seekfree_libraries;..\..\Librari
                    -es\seekfree_peripheral;..\CODE;..\USER\inc;..\USER\src;..\..\Libraries\seekfree_components) DEBUG PRINT(.\Out_File\SEEKF
                    -REE_MPU6050.lst) TABS(2) OBJECT(.\Out_File\SEEKFREE_MPU6050.obj) 

stmt  level    source

    1          /********************************************************************************************************
             -*************
    2           * COPYRIGHT NOTICE
    3           * Copyright (c) 2018,逐飞科技
    4           * All rights reserved.
    5           * 技术讨论QQ群：一群：179029047(已满)  二群：244861897
    6           *
    7           * 以下所有内容版权均属逐飞科技所有，未经允许不得用于商业用途，
    8           * 欢迎各位使用并传播本程序，修改内容时必须保留逐飞科技的版权声明。
    9           *
   10           * @file          MPU6050
   11           * @company       成都逐飞科技有限公司
   12           * @author        逐飞科技(QQ3184284598)
   13           * @version       查看doc内version文件 版本说明
   14           * @Software    MDK FOR C251 V5.60
   15           * @Target core   STC32G12K128
   16           * @Taobao      https://seekfree.taobao.com/
   17           * @date          2019-04-30
   18           * @note
   19                    接线定义：
   20                    ------------------------------------
   21                    软件IIC
   22                    SCL                 查看SEEKFREE_MPU6050.H文件内的MPU6050_SCL_PIN宏定义
   23                    SDA                 查看SEEKFREE_MPU6050.H文件内的MPU6050_SDA_PIN宏定义
   24                    ------------------------------------
   25           ********************************************************************************************************
             -************/
   26          
   27          
   28          
   29          #include "SEEKFREE_MPU6050.h"
   30          #include "zf_delay.h"
   31          
   32          
   33          int16 mpu6050_gyro_x,mpu6050_gyro_y,mpu6050_gyro_z;
   34          int16 mpu6050_acc_x,mpu6050_acc_y,mpu6050_acc_z;
   35          
   36          
   37          #define GET_MPU6050_SDA         MPU6050_SDA_PIN
   38          #define MPU6050_SCL_LOW()           MPU6050_SCL_PIN = 0   //IO口输出低电平
   39          #define MPU6050_SCL_HIGH()          MPU6050_SCL_PIN = 1   //IO口输出高电平  
   40          #define MPU6050_SDA_LOW()           MPU6050_SDA_PIN = 0   //IO口输出低电平
   41          #define MPU6050_SDA_HIGH()          MPU6050_SDA_PIN = 1   //IO口输出高电平
   42          
   43          #define ack 1      //主应答
   44          #define no_ack 0   //从应答 
   45          
   46          //-------------------------------------------------------------------------------------------------------
             -------------
   47          //  @brief      模拟IIC延时
   48          //  @return     void
   49          //  @since      v1.0
   50          //  Sample usage:       如果IIC通讯失败可以尝试增加j的值
   51          //-------------------------------------------------------------------------------------------------------
             -------------
   52          static void mpu6050_simiic_delay(void)
C251 COMPILER V5.60.0,  SEEKFREE_MPU6050                                                   08/04/24  13:47:32  PAGE 2   

   53          {
   54   1          uint16 xdata j=MPU6050_IIC_DELAY;
   55   1          while(j--);
   56   1      }
   57          
   58          //内部使用，用户无需调用
   59          static void mpu6050_simiic_start(void)
   60          {
   61   1          MPU6050_SDA_HIGH();
   62   1          MPU6050_SCL_HIGH();
   63   1          mpu6050_simiic_delay();
   64   1          MPU6050_SDA_LOW();
   65   1          mpu6050_simiic_delay();
   66   1          MPU6050_SCL_LOW();
   67   1      }
   68          
   69          //内部使用，用户无需调用
   70          static void mpu6050_simiic_stop(void)
   71          {
   72   1          MPU6050_SDA_LOW();
   73   1          MPU6050_SCL_LOW();
   74   1          mpu6050_simiic_delay();
   75   1          MPU6050_SCL_HIGH();
   76   1          mpu6050_simiic_delay();
   77   1          MPU6050_SDA_HIGH();
   78   1          mpu6050_simiic_delay();
   79   1      }
   80          
   81          //主应答(包含ack:SDA=0和no_ack:SDA=0)
   82          //内部使用，用户无需调用
   83          static void mpu6050_simiic_sendack(unsigned char ack_dat)
   84          {
   85   1          MPU6050_SCL_LOW();
   86   1          mpu6050_simiic_delay();
   87   1          if(ack_dat) MPU6050_SDA_LOW();
   88   1          else      MPU6050_SDA_HIGH();
   89   1          MPU6050_SCL_HIGH();
   90   1          mpu6050_simiic_delay();
   91   1          MPU6050_SCL_LOW();
   92   1          mpu6050_simiic_delay();
   93   1      }
   94          
   95          
   96          static int mpu6050_sccb_waitack(void)
   97          {
   98   1          MPU6050_SCL_LOW();
   99   1          mpu6050_simiic_delay();
  100   1          MPU6050_SCL_HIGH();
  101   1          mpu6050_simiic_delay();
  102   1          if(GET_MPU6050_SDA)           //应答为高电平，异常，通信失败
  103   1          {
  104   2              MPU6050_SCL_LOW();
  105   2              return 0;
  106   2          }
  107   1          MPU6050_SCL_LOW();
  108   1          mpu6050_simiic_delay();
  109   1          return 1;
  110   1      }
  111          
  112          //字节发送程序
  113          //发送c(可以是数据也可是地址)，送完后接收从应答
  114          //不考虑从应答位
  115          //内部使用，用户无需调用
  116          static void mpu6050_send_ch(uint8 c)
  117          {
  118   1          uint8 xdata i = 8;
C251 COMPILER V5.60.0,  SEEKFREE_MPU6050                                                   08/04/24  13:47:32  PAGE 3   

  119   1          while(i--)
  120   1          {
  121   2              if(c & 0x80)  MPU6050_SDA_HIGH();//SDA 输出数据
  122   2              else      MPU6050_SDA_LOW();
  123   2              c <<= 1;
  124   2              mpu6050_simiic_delay();
  125   2              MPU6050_SCL_HIGH();                //SCL 拉高，采集信号
  126   2              mpu6050_simiic_delay();
  127   2              MPU6050_SCL_LOW();                //SCL 时钟线拉低
  128   2          }
  129   1          mpu6050_sccb_waitack();
  130   1      }
  131          
  132          
  133          //字节接收程序
  134          //接收器件传来的数据，此程序应配合|主应答函数|使用
  135          //内部使用，用户无需调用
  136          static uint8 mpu6050_read_ch(uint8 ack_x)
  137          {
  138   1          uint8 xdata i;
  139   1          uint8 xdata c;
  140   1          c=0;
  141   1          MPU6050_SCL_LOW();
  142   1          mpu6050_simiic_delay();
  143   1          MPU6050_SDA_HIGH();
  144   1          for(i=0; i<8; i++)
  145   1          {
  146   2              mpu6050_simiic_delay();
  147   2              MPU6050_SCL_LOW();         //置时钟线为低，准备接收数据位
  148   2              mpu6050_simiic_delay();
  149   2              MPU6050_SCL_HIGH();         //置时钟线为高，使数据线上数据有效
  150   2              mpu6050_simiic_delay();
  151   2              c<<=1;
  152   2              if(GET_MPU6050_SDA)
  153   2              {
  154   3                  c+=1;   //读数据位，将接收的数据存c
  155   3              }
  156   2          }
  157   1          MPU6050_SCL_LOW();
  158   1          mpu6050_simiic_delay();
  159   1          mpu6050_simiic_sendack(ack_x);
  160   1          return c;
  161   1      }
  162          
  163          
  164          //-------------------------------------------------------------------------------------------------------
             -------------
  165          //  @brief      模拟IIC写数据到设备寄存器函数
  166          //  @param      dev_add     设备地址(低七位地址)
  167          //  @param      reg       寄存器地址
  168          //  @param      dat       写入的数据
  169          //  @return     void
  170          //  @since      v1.0
  171          //  Sample usage:
  172          //-------------------------------------------------------------------------------------------------------
             -------------
  173          static void mpu6050_simiic_write_reg(uint8 dev_add, uint8 reg, uint8 dat)
  174          {
  175   1          mpu6050_simiic_start();
  176   1          mpu6050_send_ch( (dev_add<<1) | 0x00);   //发送器件地址加写位
  177   1          mpu6050_send_ch( reg );            //发送从机寄存器地址
  178   1          mpu6050_send_ch( dat );            //发送需要写入的数据
  179   1          mpu6050_simiic_stop();
  180   1      }
  181          
  182          //-------------------------------------------------------------------------------------------------------
C251 COMPILER V5.60.0,  SEEKFREE_MPU6050                                                   08/04/24  13:47:32  PAGE 4   

             -------------
  183          //  @brief      模拟IIC从设备寄存器读取数据
  184          //  @param      dev_add     设备地址(低七位地址)
  185          //  @param      reg       寄存器地址
  186          //  @param      type      选择通信方式是IIC  还是 SCCB
  187          //  @return     uint8 xdata     返回寄存器的数据
  188          //  @since      v1.0
  189          //  Sample usage:
  190          //-------------------------------------------------------------------------------------------------------
             -------------
  191          uint8 mpu6050_simiic_read_reg(uint8 dev_add, uint8 reg)
  192          {
  193   1          uint8 xdata dat;
  194   1          mpu6050_simiic_start();
  195   1          mpu6050_send_ch( (dev_add<<1) | 0x00);  //发送器件地址加写位
  196   1          mpu6050_send_ch( reg );           //发送从机寄存器地址
  197   1          mpu6050_simiic_start();
  198   1          mpu6050_send_ch( (dev_add<<1) | 0x01);  //发送器件地址加读位
  199   1          dat = mpu6050_read_ch(no_ack);          //读取数据
  200   1          mpu6050_simiic_stop();
  201   1          return dat;
  202   1      }
  203          
  204          //-------------------------------------------------------------------------------------------------------
             -------------
  205          //  @brief      模拟IIC读取多字节数据
  206          //  @param      dev_add     设备地址(低七位地址)
  207          //  @param      reg       寄存器地址
  208          //  @param      dat_add     数据保存的地址指针
  209          //  @param      num       读取字节数量
  210          //  @param      type      选择通信方式是IIC  还是 SCCB
  211          //  @return     uint8 xdata     返回寄存器的数据
  212          //  @since      v1.0
  213          //  Sample usage:
  214          //-------------------------------------------------------------------------------------------------------
             -------------
  215          void mpu6050_simiic_read_regs(uint8 dev_add, uint8 reg, uint8 *dat_add, uint8 num)
  216          {
  217   1          mpu6050_simiic_start();
  218   1          mpu6050_send_ch( (dev_add<<1) | 0x00);  //发送器件地址加写位
  219   1          mpu6050_send_ch( reg );           //发送从机寄存器地址
  220   1          mpu6050_simiic_start();
  221   1          mpu6050_send_ch( (dev_add<<1) | 0x01);  //发送器件地址加读位
  222   1          while(--num)
  223   1          {
  224   2              *dat_add = mpu6050_read_ch(ack); //读取数据
  225   2              dat_add++;
  226   2          }
  227   1          *dat_add = mpu6050_read_ch(no_ack); //读取数据
  228   1          mpu6050_simiic_stop();
  229   1      }
  230          
  231          //-------------------------------------------------------------------------------------------------------
             -------------
  232          //  @brief      MPU6050自检函数
  233          //  @param      NULL
  234          //  @return     void
  235          //  @since      v1.0
  236          //  Sample usage:
  237          //-------------------------------------------------------------------------------------------------------
             -------------
  238          static uint8 mpu6050_self1_check(void)
  239          {
  240   1          mpu6050_simiic_write_reg(MPU6050_DEV_ADDR, PWR_MGMT_1, 0x00); //解除休眠状态
  241   1          mpu6050_simiic_write_reg(MPU6050_DEV_ADDR, SMPLRT_DIV, 0x07);   //125HZ采样率
  242   1          if(0x07 != mpu6050_simiic_read_reg(MPU6050_DEV_ADDR, SMPLRT_DIV))
C251 COMPILER V5.60.0,  SEEKFREE_MPU6050                                                   08/04/24  13:47:32  PAGE 5   

  243   1          {
  244   2              printf("mpu6050 init error.\r\n");
  245   2              return 1;
  246   2              //卡在这里原因有以下几点
  247   2              //1 MPU6050坏了，如果是新的这样的概率极低
  248   2              //2 接线错误或者没有接好
  249   2              //3 可能你需要外接上拉电阻，上拉到3.3V
  250   2              //4 可能没有调用模拟IIC的初始化函数
  251   2          }
  252   1          return 0;
  253   1      }
  254          
  255          
  256          //-------------------------------------------------------------------------------------------------------
             -------------
  257          //  @brief      初始化MPU6050
  258          //  @param      NULL
  259          //  @return     void
  260          //  @since      v1.0
  261          //  Sample usage:
  262          //-------------------------------------------------------------------------------------------------------
             -------------
  263          uint8 mpu6050_init(void)
  264          {
  265   1          delay_ms(100);                                   //上电延时
  266   1          if(mpu6050_self1_check())
  267   1          {
  268   2              return 1;
  269   2          }
  270   1          mpu6050_simiic_write_reg(MPU6050_DEV_ADDR, PWR_MGMT_1, 0x00); //解除休眠状态
  271   1          mpu6050_simiic_write_reg(MPU6050_DEV_ADDR, SMPLRT_DIV, 0x07);   //125HZ采样率
  272   1          mpu6050_simiic_write_reg(MPU6050_DEV_ADDR, MPU6050_CONFIG, 0x04);       //
  273   1          mpu6050_simiic_write_reg(MPU6050_DEV_ADDR, GYRO_CONFIG, 0x18);  //2000
  274   1          mpu6050_simiic_write_reg(MPU6050_DEV_ADDR, ACCEL_CONFIG, 0x10); //8g
  275   1          mpu6050_simiic_write_reg(MPU6050_DEV_ADDR, User_Control, 0x00);
  276   1          mpu6050_simiic_write_reg(MPU6050_DEV_ADDR, INT_PIN_CFG, 0x02);
  277   1          return 0;
  278   1      }
  279          
  280          
  281          
  282          //-------------------------------------------------------------------------------------------------------
             -------------
  283          //  @brief      获取MPU6050加速度计数据
  284          //  @param      NULL
  285          //  @return     void
  286          //  @since      v1.0
  287          //  Sample usage:       执行该函数后，直接查看对应的变量即可
  288          //-------------------------------------------------------------------------------------------------------
             -------------
  289          void mpu6050_get_accdata(void)
  290          {
  291   1          uint8 xdata dat[6];
  292   1          mpu6050_simiic_read_regs(MPU6050_DEV_ADDR, ACCEL_XOUT_H, dat, 6);
  293   1          mpu6050_acc_x = (int16)(((uint16)dat[0]<<8 | dat[1]));
  294   1          mpu6050_acc_y = (int16)(((uint16)dat[2]<<8 | dat[3]));
  295   1          mpu6050_acc_z = (int16)(((uint16)dat[4]<<8 | dat[5]));
  296   1      }
  297          
  298          
  299          //-------------------------------------------------------------------------------------------------------
             -------------
  300          //  @brief      获取MPU6050陀螺仪数据
  301          //  @param      NULL
  302          //  @return     void
  303          //  @since      v1.0
C251 COMPILER V5.60.0,  SEEKFREE_MPU6050                                                   08/04/24  13:47:32  PAGE 6   

  304          //  Sample usage:       执行该函数后，直接查看对应的变量即可
  305          //-------------------------------------------------------------------------------------------------------
             -------------
  306          void mpu6050_get_gyro(void)
  307          {
  308   1          uint8 xdata dat[6];
  309   1          mpu6050_simiic_read_regs(MPU6050_DEV_ADDR, GYRO_XOUT_H, dat, 6);
  310   1          mpu6050_gyro_x = (int16)(((uint16)dat[0]<<8 | dat[1]));
  311   1          mpu6050_gyro_y = (int16)(((uint16)dat[2]<<8 | dat[3]));
  312   1          mpu6050_gyro_z = (int16)(((uint16)dat[4]<<8 | dat[5]));
  313   1      }
  314          
  315          
  316          
  317          
  318          
  319          
  320          
  321          
  322          


Module Information          Static   Overlayable
------------------------------------------------
  code size            =       847     ------
  ecode size           =    ------     ------
  data size            =    ------     ------
  idata size           =    ------     ------
  pdata size           =    ------     ------
  xdata size           =        18     ------
  xdata-const size     =    ------     ------
  edata size           =        27     ------
  bit size             =    ------     ------
  ebit size            =    ------     ------
  bitaddressable size  =    ------     ------
  ebitaddressable size =    ------     ------
  far data size        =    ------     ------
  huge data size       =    ------     ------
  const size           =    ------     ------
  hconst size          =        22     ------
End of Module Information.


C251 COMPILATION COMPLETE.  0 WARNING(S),  0 ERROR(S)
