C251 COMPILER V5.60.0,  SEEKFREE_IMU660RA                                                  08/04/24  13:47:32  PAGE 1   


C251 COMPILER V5.60.0, COMPILATION OF MODULE SEEKFREE_IMU660RA
OBJECT MODULE PLACED IN .\Out_File\SEEKFREE_IMU660RA.obj
COMPILER INVOKED BY: C:\Keil_v5\C251\BIN\C251.EXE ..\..\Libraries\seekfree_peripheral\SEEKFREE_IMU660RA.c XSMALL INTR2 W
                    -ARNINGLEVEL(3) OPTIMIZE(0,SPEED) BROWSE INCDIR(..\..\Libraries\libraries;..\..\Libraries\seekfree_libraries;..\..\Librar
                    -ies\seekfree_peripheral;..\CODE;..\USER\inc;..\USER\src;..\..\Libraries\seekfree_components) DEBUG PRINT(.\Out_File\SEEK
                    -FREE_IMU660RA.lst) TABS(2) OBJECT(.\Out_File\SEEKFREE_IMU660RA.obj) 

stmt  level    source

    1          /********************************************************************************************************
             -*************
    2           * COPYRIGHT NOTICE
    3           * Copyright (c) 2018,é€é£ç§‘æŠ€
    4           * All rights reserved.
    5           * æŠ€æœ¯è®¨è®ºQQç¾¤ï¼šä¸€ç¾¤ï¼š179029047(å·²æ»¡)  äºŒç¾¤ï¼š244861897
    6           *
    7           * ä»¥ä¸‹æ‰€æœ‰å†…å®¹ç‰ˆæƒå‡å±é€é£ç§‘æŠ€æ‰€æœ‰ï¼Œæœªç»å…è®¸ä¸å¾—ç”¨äºå•†ä¸šç”¨é€”ï¼Œ
    8           * æ¬¢è¿å„ä½ä½¿ç”¨å¹¶ä¼ æ’­æœ¬ç¨‹åºï¼Œä¿®æ”¹å†…å®¹æ—¶å¿…é¡»ä¿ç•™é€é£ç§‘æŠ€çš„ç‰ˆæƒå£°æ˜ã€‚
    9           *
   10           * @file          IMU660RA
   11           * @company       æˆéƒ½é€é£ç§‘æŠ€æœ‰é™å…¬å¸
   12           * @author        é€é£ç§‘æŠ€(QQ3184284598)
   13           * @version       æŸ¥çœ‹docå†…versionæ–‡ä»¶ ç‰ˆæœ¬è¯´æ˜
   14           * @Software    MDK FOR C251 V5.60
   15           * @Target core   STC32G12K128
   16           * @Taobao      https://seekfree.taobao.com/
   17           * @date          2019-04-30
   18           * @note
   19           * æ¥çº¿å®šä¹‰ï¼š
   20           *                   ------------------------------------
   21           *                   æ¨¡å—ç®¡è„š            å•ç‰‡æœºç®¡è„š
   22           *                   // ç¡¬ä»¶ SPI å¼•è„š
   23           *                   SCL/SPC           æŸ¥çœ‹ SEEKFREE_IMU660RA.h ä¸­ IMU660RA_SPC_PIN å®å®šä¹‰
   24           *                   SDA/DSI           æŸ¥çœ‹ SEEKFREE_IMU660RA.h ä¸­ IMU660RA_SDI_PIN å®å®šä¹‰
   25           *                   SA0/SDO           æŸ¥çœ‹ SEEKFREE_IMU660RA.h ä¸­ IMU660RA_SDO_PIN å®å®šä¹‰
   26           *                   CS                æŸ¥çœ‹ SEEKFREE_IMU660RA.h ä¸­ IMU660RA_CS_PIN å®å®šä¹‰
   27           *                   VCC               3.3Vç”µæº
   28           *                   GND               ç”µæºåœ°
   29           *                   å…¶ä½™å¼•è„šæ‚¬ç©º
   30           *
   31           *                   // è½¯ä»¶ IIC å¼•è„š
   32           *                   SCL/SPC           æŸ¥çœ‹ SEEKFREE_IMU660RA.h ä¸­ IMU660RA_SCL_PIN å®å®šä¹‰
   33           *                   SDA/DSI           æŸ¥çœ‹ SEEKFREE_IMU660RA.h ä¸­ IMU660RA_SDA_PIN å®å®šä¹‰
   34           *                   VCC               3.3Vç”µæº
   35           *                   GND               ç”µæºåœ°
   36           *                   å…¶ä½™å¼•è„šæ‚¬ç©º
   37           *                   ------------------------------------
   38          *********************************************************************************************************
             -***********/
   39          
   40          #include "SEEKFREE_IMU660RA.h"
   41          
   42          #include "SEEKFREE_CONFIG.h"
   43          
   44          #include "zf_delay.h"
   45          #include "zf_spi.h"
   46          
   47          
   48          #pragma warning disable = 177
   49          #pragma warning disable = 183
   50          
   51          
   52          int16 imu660ra_gyro_x = 0, imu660ra_gyro_y = 0, imu660ra_gyro_z = 0;            // ä¸‰è½´é™€èºä»ªæ•°æ® 
             -  gyro (é™€èºä»ª)
   53          int16 imu660ra_acc_x = 0, imu660ra_acc_y = 0, imu660ra_acc_z = 0;               // ä¸‰è½´åŠ é€Ÿåº¦è®¡æ•°æ
C251 COMPILER V5.60.0,  SEEKFREE_IMU660RA                                                  08/04/24  13:47:32  PAGE 2   

             -® acc  (accelerometer åŠ é€Ÿåº¦è®¡)
   54          
   55          #if IMU660RA_USE_SOFT_IIC
               
               #define GET_IMU660RA_SDA          IMU660RA_SDA_PIN
               #define IMU660RA_SCL_LOW()            IMU660RA_SCL_PIN = 0    //IOå£è¾“å‡ºä½ç”µå¹³
               #define IMU660RA_SCL_HIGH()           IMU660RA_SCL_PIN = 1    //IOå£è¾“å‡ºé«˜ç”µå¹³
               #define IMU660RA_SDA_LOW()            IMU660RA_SDA_PIN = 0    //IOå£è¾“å‡ºä½ç”µå¹³
               #define IMU660RA_SDA_HIGH()           IMU660RA_SDA_PIN = 1    //IOå£è¾“å‡ºé«˜ç”µå¹³
               
               
               #define ack 1      //ä¸»åº”ç­”
               #define no_ack 0   //ä»åº”ç­”  
               
               //-------------------------------------------------------------------------------------------------------
             -------------
               //  @brief      æ¨¡æ‹ŸIICå»¶æ—¶
               //  @return     void
               //  @since      v1.0
               //  Sample usage:       å¦‚æœIICé€šè®¯å¤±è´¥å¯ä»¥å°è¯•å¢åŠ jçš„å€¼
               //-------------------------------------------------------------------------------------------------------
             -------------
               static void imu660ra_simiic_delay(void)
               {
                   uint16 xdata j=IMU660RA_SOFT_IIC_DELAY;
                   while(j--);
               }
               
               //å†…éƒ¨ä½¿ç”¨ï¼Œç”¨æˆ·æ— éœ€è°ƒç”¨
               static void imu660ra_simiic_start(void)
               {
                   IMU660RA_SDA_HIGH();
                   IMU660RA_SCL_HIGH();
                   imu660ra_simiic_delay();
                   IMU660RA_SDA_LOW();
                   imu660ra_simiic_delay();
                   IMU660RA_SCL_LOW();
               }
               
               //å†…éƒ¨ä½¿ç”¨ï¼Œç”¨æˆ·æ— éœ€è°ƒç”¨
               static void imu660ra_simiic_stop(void)
               {
                   IMU660RA_SDA_LOW();
                   IMU660RA_SCL_LOW();
                   imu660ra_simiic_delay();
                   IMU660RA_SCL_HIGH();
                   imu660ra_simiic_delay();
                   IMU660RA_SDA_HIGH();
                   imu660ra_simiic_delay();
               }
               
               //ä¸»åº”ç­”(åŒ…å«ack:SDA=0å’Œno_ack:SDA=0)
               //å†…éƒ¨ä½¿ç”¨ï¼Œç”¨æˆ·æ— éœ€è°ƒç”¨
               static void imu660ra_simiic_sendack(unsigned char ack_dat)
               {
                   IMU660RA_SCL_LOW();
                   imu660ra_simiic_delay();
                   if(ack_dat) IMU660RA_SDA_LOW();
                   else      IMU660RA_SDA_HIGH();
                   IMU660RA_SCL_HIGH();
                   imu660ra_simiic_delay();
                   IMU660RA_SCL_LOW();
                   imu660ra_simiic_delay();
               }
               
               
C251 COMPILER V5.60.0,  SEEKFREE_IMU660RA                                                  08/04/24  13:47:32  PAGE 3   

               static int imu660ra_sccb_waitack(void)
               {
                   IMU660RA_SCL_LOW();
                   imu660ra_simiic_delay();
                   IMU660RA_SCL_HIGH();
                   imu660ra_simiic_delay();
                   if(GET_IMU660RA_SDA)           //åº”ç­”ä¸ºé«˜ç”µå¹³ï¼Œå¼‚å¸¸ï¼Œé€šä¿¡å¤±è´¥
                   {
                       IMU660RA_SCL_LOW();
                       return 0;
                   }
                   IMU660RA_SCL_LOW();
                   imu660ra_simiic_delay();
                   return 1;
               }
               
               //å­—èŠ‚å‘é€ç¨‹åº
               //å‘é€c(å¯ä»¥æ˜¯æ•°æ®ä¹Ÿå¯æ˜¯åœ°å€)ï¼Œé€å®Œåæ¥æ”¶ä»åº”ç­”
               //ä¸è€ƒè™‘ä»åº”ç­”ä½
               //å†…éƒ¨ä½¿ç”¨ï¼Œç”¨æˆ·æ— éœ€è°ƒç”¨
               static void imu660ra_send_ch(uint8 c)
               {
                   uint8 xdata i = 8;
                   while(i--)
                   {
                       if(c & 0x80)  IMU660RA_SDA_HIGH();//SDA è¾“å‡ºæ•°æ®
                       else      IMU660RA_SDA_LOW();
                       c <<= 1;
                       imu660ra_simiic_delay();
                       IMU660RA_SCL_HIGH();                //SCL æ‹‰é«˜ï¼Œé‡‡é›†ä¿¡å·
                       imu660ra_simiic_delay();
                       IMU660RA_SCL_LOW();                //SCL æ—¶é’Ÿçº¿æ‹‰ä½
                   }
                   imu660ra_sccb_waitack();
               }
               
               
               //å­—èŠ‚æ¥æ”¶ç¨‹åº
               //æ¥æ”¶å™¨ä»¶ä¼ æ¥çš„æ•°æ®ï¼Œæ­¤ç¨‹åºåº”é…åˆ|ä¸»åº”ç­”å‡½æ•°|ä½¿ç”¨
               //å†…éƒ¨ä½¿ç”¨ï¼Œç”¨æˆ·æ— éœ€è°ƒç”¨
               static uint8 imu660ra_read_ch(uint8 ack_x)
               {
                   uint8 xdata i;
                   uint8 xdata c;
                   c=0;
                   IMU660RA_SCL_LOW();
                   imu660ra_simiic_delay();
                   IMU660RA_SDA_HIGH();
                   for(i=0; i<8; i++)
                   {
                       imu660ra_simiic_delay();
                       IMU660RA_SCL_LOW();         //ç½®æ—¶é’Ÿçº¿ä¸ºä½ï¼Œå‡†å¤‡æ¥æ”¶æ•°æ®ä½
                       imu660ra_simiic_delay();
                       IMU660RA_SCL_HIGH();         //ç½®æ—¶é’Ÿçº¿ä¸ºé«˜ï¼Œä½¿æ•°æ®çº¿ä¸Šæ•°æ®æœ‰æ•ˆ
                       imu660ra_simiic_delay();
                       c<<=1;
                       if(GET_IMU660RA_SDA)
                       {
                           c+=1;   //è¯»æ•°æ®ä½ï¼Œå°†æ¥æ”¶çš„æ•°æ®å­˜c
                       }
                   }
                   IMU660RA_SCL_LOW();
                   imu660ra_simiic_delay();
                   imu660ra_simiic_sendack(ack_x);
                   return c;
               }
C251 COMPILER V5.60.0,  SEEKFREE_IMU660RA                                                  08/04/24  13:47:32  PAGE 4   

               
               
               //-------------------------------------------------------------------------------------------------------
             -------------
               //  @brief      æ¨¡æ‹ŸIICå†™æ•°æ®åˆ°è®¾å¤‡å¯„å­˜å™¨å‡½æ•°
               //  @param      dev_add     è®¾å¤‡åœ°å€(ä½ä¸ƒä½åœ°å€)
               //  @param      reg       å¯„å­˜å™¨åœ°å€
               //  @param      dat       å†™å…¥çš„æ•°æ®
               //  @return     void
               //  @since      v1.0
               //  Sample usage:
               //-------------------------------------------------------------------------------------------------------
             -------------
               static void imu660ra_simiic_write_reg(uint8 dev_add, uint8 reg, uint8 dat)
               {
                   imu660ra_simiic_start();
                   imu660ra_send_ch( (dev_add<<1) | 0x00);   //å‘é€å™¨ä»¶åœ°å€åŠ å†™ä½
                   imu660ra_send_ch( reg );           //å‘é€ä»æœºå¯„å­˜å™¨åœ°å€
                   imu660ra_send_ch( dat );           //å‘é€éœ€è¦å†™å…¥çš„æ•°æ®
                   imu660ra_simiic_stop();
               }
               
               //-------------------------------------------------------------------------------------------------------
             -------------
               //  @brief      æ¨¡æ‹ŸIICå†™æ•°æ®åˆ°è®¾å¤‡å¯„å­˜å™¨å‡½æ•°
               //  @param      dev_add     è®¾å¤‡åœ°å€(ä½ä¸ƒä½åœ°å€)
               //  @param      reg       å¯„å­˜å™¨åœ°å€
               //  @param      dat       å†™å…¥çš„æ•°æ®
               //  @return     void
               //  @since      v1.0
               //  Sample usage:
               //-------------------------------------------------------------------------------------------------------
             -------------
               static void imu660ra_simiic_write_regs(uint8 dev_add, uint8 reg, uint8 *dat, uint32 len)
               {
                   uint16 xdata i = 0;
                   imu660ra_simiic_start();
                   imu660ra_send_ch( (dev_add<<1) | 0x00);   //å‘é€å™¨ä»¶åœ°å€åŠ å†™ä½
                   imu660ra_send_ch( reg );           //å‘é€ä»æœºå¯„å­˜å™¨åœ°å€
                   while(len--)
                   {
                       imu660ra_send_ch( *dat++ );            //å‘é€éœ€è¦å†™å…¥çš„æ•°æ®
                   }
                   imu660ra_simiic_stop();
               }
               //-------------------------------------------------------------------------------------------------------
             -------------
               //  @brief      æ¨¡æ‹ŸIICä»è®¾å¤‡å¯„å­˜å™¨è¯»å–æ•°æ®
               //  @param      dev_add     è®¾å¤‡åœ°å€(ä½ä¸ƒä½åœ°å€)
               //  @param      reg       å¯„å­˜å™¨åœ°å€
               //  @param      type      é€‰æ‹©é€šä¿¡æ–¹å¼æ˜¯IIC  è¿˜æ˜¯ SCCB
               //  @return     uint8 xdata     è¿”å›å¯„å­˜å™¨çš„æ•°æ®
               //  @since      v1.0
               //  Sample usage:
               //-------------------------------------------------------------------------------------------------------
             -------------
               static uint8 imu660ra_simiic_read_reg(uint8 dev_add, uint8 reg)
               {
                   uint8 xdata dat;
                   imu660ra_simiic_start();
                   imu660ra_send_ch( (dev_add<<1) | 0x00);  //å‘é€å™¨ä»¶åœ°å€åŠ å†™ä½
                   imu660ra_send_ch( reg );          //å‘é€ä»æœºå¯„å­˜å™¨åœ°å€
                   imu660ra_simiic_start();
                   imu660ra_send_ch( (dev_add<<1) | 0x01);  //å‘é€å™¨ä»¶åœ°å€åŠ è¯»ä½
                   dat = imu660ra_read_ch(no_ack);           //è¯»å–æ•°æ®
                   imu660ra_simiic_stop();
C251 COMPILER V5.60.0,  SEEKFREE_IMU660RA                                                  08/04/24  13:47:32  PAGE 5   

                   return dat;
               }
               
               //-------------------------------------------------------------------------------------------------------
             -------------
               //  @brief      æ¨¡æ‹ŸIICè¯»å–å¤šå­—èŠ‚æ•°æ®
               //  @param      dev_add     è®¾å¤‡åœ°å€(ä½ä¸ƒä½åœ°å€)
               //  @param      reg       å¯„å­˜å™¨åœ°å€
               //  @param      dat_add     æ•°æ®ä¿å­˜çš„åœ°å€æŒ‡é’ˆ
               //  @param      num       è¯»å–å­—èŠ‚æ•°é‡
               //  @param      type      é€‰æ‹©é€šä¿¡æ–¹å¼æ˜¯IIC  è¿˜æ˜¯ SCCB
               //  @return     uint8 xdata     è¿”å›å¯„å­˜å™¨çš„æ•°æ®
               //  @since      v1.0
               //  Sample usage:
               //-------------------------------------------------------------------------------------------------------
             -------------
               static void imu660ra_simiic_read_regs(uint8 dev_add, uint8 reg, uint8 *dat_add, uint32 num)
               {
                   imu660ra_simiic_start();
                   imu660ra_send_ch( (dev_add<<1) | 0x00);  //å‘é€å™¨ä»¶åœ°å€åŠ å†™ä½
                   imu660ra_send_ch( reg );          //å‘é€ä»æœºå¯„å­˜å™¨åœ°å€
                   imu660ra_simiic_start();
                   imu660ra_send_ch( (dev_add<<1) | 0x01);  //å‘é€å™¨ä»¶åœ°å€åŠ è¯»ä½
                   while(--num)
                   {
                       *dat_add = imu660ra_read_ch(ack); //è¯»å–æ•°æ®
                       dat_add++;
                   }
                   *dat_add = imu660ra_read_ch(no_ack); //è¯»å–æ•°æ®
                   imu660ra_simiic_stop();
               }
               
               #define imu660ra_write_register(reg, dat)        (imu660ra_simiic_write_reg(IMU660RA_DEV_ADDR, (reg), (da
             -t)))
               #define imu660ra_write_registers(reg, dat, len)  (imu660ra_simiic_write_regs(IMU660RA_DEV_ADDR, (reg), (d
             -at), (len)))
               #define imu660ra_read_register(reg)              (imu660ra_simiic_read_reg(IMU660RA_DEV_ADDR, (reg)))
               #define imu660ra_read_registers(reg, dat, len)   (imu660ra_simiic_read_regs(IMU660RA_DEV_ADDR, (reg), (da
             -t), (len)))
               
               #else
  279          
  280          
  281          #define IMU660RA_SCK(x)       IMU660RA_SPC_PIN  = x
  282          #define IMU660RA_MOSI(x)      IMU660RA_SDI_PIN = x
  283          #define IMU660RA_CS(x)        IMU660RA_CS_PIN  = x
  284          #define IMU660RA_MISO         IMU660RA_SDO_PIN
  285          
  286          
  287          //-------------------------------------------------------------------------------------------------------
             -------------
  288          //  @brief      é€šè¿‡SPIå†™ä¸€ä¸ªbyte,åŒæ—¶è¯»å–ä¸€ä¸ªbyte
  289          //  @param      byte        å‘é€çš„æ•°æ®
  290          //  @return     uint8 xdata       return è¿”å›statusçŠ¶æ€
  291          //  @since      v1.0
  292          //  Sample usage:
  293          //-------------------------------------------------------------------------------------------------------
             -------------
  294          static uint8 imu660ra_simspi_wr_byte(uint8 byte)
  295          {
  296   1          uint8 xdata i;
  297   1          for(i=0; i<8; i++)
  298   1          {
  299   2              IMU660RA_MOSI(byte&0x80);
  300   2              byte <<= 1;
  301   2              IMU660RA_SCK (0);
C251 COMPILER V5.60.0,  SEEKFREE_IMU660RA                                                  08/04/24  13:47:32  PAGE 6   

  302   2              IMU660RA_SCK (0);
  303   2              IMU660RA_SCK (1);
  304   2              IMU660RA_SCK (1);
  305   2              byte |= IMU660RA_MISO;
  306   2          }
  307   1          return(byte);
  308   1      }
  309          //-------------------------------------------------------------------------------------------------------
             -------------
  310          //  @brief      å°†valå†™å…¥cmdå¯¹åº”çš„å¯„å­˜å™¨åœ°å€,åŒæ—¶è¿”å›statuså­—èŠ‚
  311          //  @param      cmd         å‘½ä»¤å­—
  312          //  @param      val         å¾…å†™å…¥å¯„å­˜å™¨çš„æ•°å€¼
  313          //  @since      v1.0
  314          //  Sample usage:
  315          //-------------------------------------------------------------------------------------------------------
             -------------
  316          static void imu660ra_simspi_w_reg_byte(uint8 cmd, uint8 val)
  317          {
  318   1          cmd |= IMU660RA_SPI_W;
  319   1          imu660ra_simspi_wr_byte(cmd);
  320   1          imu660ra_simspi_wr_byte(val);
  321   1      }
  322          
  323          
  324          //-------------------------------------------------------------------------------------------------------
             -------------
  325          //  @brief      å°†valå†™å…¥cmdå¯¹åº”çš„å¯„å­˜å™¨åœ°å€
  326          //  @param      cmd         å‘½ä»¤å­—
  327          //  @param      val         å¾…å†™å…¥å¯„å­˜å™¨çš„æ•°å€¼
  328          //  @since      v1.0
  329          //  Sample usage:
  330          //-------------------------------------------------------------------------------------------------------
             -------------
  331          static void imu660ra_simspi_w_reg_bytes(uint8 cmd, uint8 *dat_addr, uint32 len)
  332          {
  333   1          cmd |= IMU660RA_SPI_W;
  334   1          imu660ra_simspi_wr_byte(cmd);
  335   1          while(len--)
  336   1          {
  337   2              imu660ra_simspi_wr_byte(*dat_addr++);
  338   2          }
  339   1      }
  340          
  341          //-------------------------------------------------------------------------------------------------------
             -------------
  342          //  @brief      è¯»å–cmdæ‰€å¯¹åº”çš„å¯„å­˜å™¨åœ°å€
  343          //  @param      cmd         å‘½ä»¤å­—
  344          //  @param      *val        å­˜å‚¨è¯»å–çš„æ•°æ®åœ°å€
  345          //  @since      v1.0
  346          //  Sample usage:
  347          //-------------------------------------------------------------------------------------------------------
             -------------
  348          //static void imu660ra_simspi_r_reg_byte(uint8 cmd, uint8 *val)
  349          //{
  350          //    IMU660RA_CS(0);
  351          //    cmd |= IMU660RA_SPI_R;
  352          //    imu660ra_simspi_wr_byte(cmd);
  353          //    *val = imu660ra_simspi_wr_byte(0);
  354          //    IMU660RA_CS(1);
  355          //}
  356          
  357          //-------------------------------------------------------------------------------------------------------
             -------------
  358          //  @brief      è¯»å–cmdæ‰€å¯¹åº”çš„å¯„å­˜å™¨åœ°å€
  359          //  @param      cmd         å‘½ä»¤å­—
  360          //  @param      *val        å­˜å‚¨è¯»å–çš„æ•°æ®åœ°å€
C251 COMPILER V5.60.0,  SEEKFREE_IMU660RA                                                  08/04/24  13:47:32  PAGE 7   

  361          //  @param      num         è¯»å–çš„æ•°é‡
  362          //  @since      v1.0
  363          //  Sample usage:
  364          //-------------------------------------------------------------------------------------------------------
             -------------
  365          static void imu660ra_simspi_r_reg_bytes(uint8 cmd, uint8 *val, uint32 num)
  366          {
  367   1          cmd |= IMU660RA_SPI_R;
  368   1          imu660ra_simspi_wr_byte(cmd);
  369   1          while(num--)
  370   1          {
  371   2              *val++ = imu660ra_simspi_wr_byte(0);
  372   2          }
  373   1      }
  374          
  375          
  376          //-------------------------------------------------------------------------------------------------------
             -------------
  377          // å‡½æ•°ç®€ä»‹     IMU660RA å†™å¯„å­˜å™¨
  378          // å‚æ•°è¯´æ˜     reg             å¯„å­˜å™¨åœ°å€
  379          // å‚æ•°è¯´æ˜     dat            æ•°æ®
  380          // è¿”å›å‚æ•°     void
  381          // ä½¿ç”¨ç¤ºä¾‹     imu660ra_write_register(IMU660RA_PWR_CONF, 0x00);                   // å…³é—­é«˜çº§çœ
             -ç”µæ¨¡å¼
  382          // å¤‡æ³¨ä¿¡æ¯     å†…éƒ¨è°ƒç”¨
  383          //-------------------------------------------------------------------------------------------------------
             -------------
  384          static void imu660ra_write_register(uint8 reg, uint8 dat)
  385          {
  386   1          IMU660RA_CS(0);
  387   1          imu660ra_simspi_w_reg_byte(reg | IMU660RA_SPI_W, dat);
  388   1          IMU660RA_CS(1);
  389   1      }
  390          
  391          //-------------------------------------------------------------------------------------------------------
             -------------
  392          // å‡½æ•°ç®€ä»‹     IMU660RA å†™æ•°æ®
  393          // å‚æ•°è¯´æ˜     reg             å¯„å­˜å™¨åœ°å€
  394          // å‚æ•°è¯´æ˜     dat            æ•°æ®
  395          // è¿”å›å‚æ•°     void
  396          // ä½¿ç”¨ç¤ºä¾‹     imu660ra_write_registers(IMU660RA_INIT_dat, imu660ra_config_file, sizeof(imu660ra_con
             -fig_file));
  397          // å¤‡æ³¨ä¿¡æ¯     å†…éƒ¨è°ƒç”¨
  398          //-------------------------------------------------------------------------------------------------------
             -------------
  399          static void imu660ra_write_registers(uint8 reg, const uint8 *dat, uint32 len)
  400          {
  401   1          IMU660RA_CS(0);
  402   1          imu660ra_simspi_w_reg_bytes(reg | IMU660RA_SPI_W, dat, len);
  403   1          IMU660RA_CS(1);
  404   1      }
  405          
  406          //-------------------------------------------------------------------------------------------------------
             -------------
  407          // å‡½æ•°ç®€ä»‹     IMU660RA è¯»å¯„å­˜å™¨
  408          // å‚æ•°è¯´æ˜     reg             å¯„å­˜å™¨åœ°å€
  409          // è¿”å›å‚æ•°     uint8 xdata           æ•°æ®
  410          // ä½¿ç”¨ç¤ºä¾‹     imu660ra_read_register(IMU660RA_CHIP_ID);
  411          // å¤‡æ³¨ä¿¡æ¯     å†…éƒ¨è°ƒç”¨
  412          //-------------------------------------------------------------------------------------------------------
             -------------
  413          static uint8 imu660ra_read_register(uint8 reg)
  414          {
  415   1          uint8 xdata dat[2];
  416   1          IMU660RA_CS(0);
  417   1          imu660ra_simspi_r_reg_bytes(reg | IMU660RA_SPI_R, dat, 2);
C251 COMPILER V5.60.0,  SEEKFREE_IMU660RA                                                  08/04/24  13:47:32  PAGE 8   

  418   1          IMU660RA_CS(1);
  419   1          return dat[1];
  420   1      }
  421          
  422          //-------------------------------------------------------------------------------------------------------
             -------------
  423          // å‡½æ•°ç®€ä»‹     IMU660RA è¯»æ•°æ®
  424          // å‚æ•°è¯´æ˜     reg             å¯„å­˜å™¨åœ°å€
  425          // å‚æ•°è¯´æ˜     dat            æ•°æ®ç¼“å†²åŒº
  426          // å‚æ•°è¯´æ˜     len             æ•°æ®é•¿åº¦
  427          // è¿”å›å‚æ•°     void
  428          // ä½¿ç”¨ç¤ºä¾‹     imu660ra_read_registers(IMU660RA_ACC_ADDRESS, dat, 6);
  429          // å¤‡æ³¨ä¿¡æ¯     å†…éƒ¨è°ƒç”¨
  430          //-------------------------------------------------------------------------------------------------------
             -------------
  431          static void imu660ra_read_registers(uint8 reg, uint8 *dat, uint32 len)
  432          {
  433   1          IMU660RA_CS(0);
  434   1          imu660ra_simspi_r_reg_bytes(reg | IMU660RA_SPI_R, dat, len);
  435   1          IMU660RA_CS(1);
  436   1      }
  437          #endif
  438          
  439          //-------------------------------------------------------------------------------------------------------
             -------------
  440          // å‡½æ•°ç®€ä»‹     IMU660RA è‡ªæ£€
  441          // å‚æ•°è¯´æ˜     void
  442          // è¿”å›å‚æ•°     uint8 xdata           1-è‡ªæ£€å¤±è´¥ 0-è‡ªæ£€æˆåŠŸ
  443          // ä½¿ç”¨ç¤ºä¾‹     imu660ra_self_check();
  444          // å¤‡æ³¨ä¿¡æ¯     å†…éƒ¨è°ƒç”¨
  445          //-------------------------------------------------------------------------------------------------------
             -------------
  446          static uint8 imu660ra_self_check (void)
  447          {
  448   1          uint8 xdata dat = 0, return_state = 0;
  449   1          uint16 xdata timeout_count = 0;
  450   1          do
  451   1          {
  452   2              if(timeout_count ++ > IMU660RA_TIMEOUT_COUNT)
  453   2              {
  454   3                  return_state =  1;
  455   3                  break;
  456   3              }
  457   2              dat = imu660ra_read_register(IMU660RA_CHIP_ID);
  458   2              delay_ms(1);
  459   2          }
  460   1          while(0x24 != dat);                                                         // è¯»å–è®¾å¤‡IDæ˜¯å¦ç­
             -‰äº0X24ï¼Œå¦‚æœä¸æ˜¯0X24åˆ™è®¤ä¸ºæ²¡æ£€æµ‹åˆ°è®¾å¤‡
  461   1          return return_state;
  462   1      }
  463          
  464          //-------------------------------------------------------------------------------------------------------
             -------------
  465          // å‡½æ•°ç®€ä»‹     è·å– IMU660RA åŠ é€Ÿåº¦è®¡æ•°æ®
  466          // å‚æ•°è¯´æ˜     void
  467          // è¿”å›å‚æ•°     void
  468          // ä½¿ç”¨ç¤ºä¾‹     imu660ra_get_acc();                                             // æ‰§è¡Œè¯¥å‡½æ•°å
             -ï¼Œç›´æ¥æŸ¥çœ‹å¯¹åº”çš„å˜é‡å³å¯
  469          // å¤‡æ³¨ä¿¡æ¯     ä½¿ç”¨ SPI çš„é‡‡é›†æ—¶é—´ä¸º69us
  470          //             ä½¿ç”¨ IIC çš„é‡‡é›†æ—¶é—´ä¸º126us        é‡‡é›†åŠ é€Ÿåº¦è®¡çš„æ—¶é—´ä¸é‡‡é›†é™€èºä»ªçš„
             -æ—¶é—´ä¸€è‡´çš„åŸå› æ˜¯éƒ½åªæ˜¯è¯»å–å¯„å­˜å™¨æ•°æ®
  471          //-------------------------------------------------------------------------------------------------------
             -------------
  472          void imu660ra_get_acc (void)
  473          {
  474   1      #if IMU660RA_USE_SOFT_IIC
C251 COMPILER V5.60.0,  SEEKFREE_IMU660RA                                                  08/04/24  13:47:32  PAGE 9   

                   uint8 xdata dat[6];
                   imu660ra_read_registers(IMU660RA_ACC_ADDRESS, dat, 6);
                   imu660ra_acc_x = (int16)(((uint16)dat[1]<<8 | dat[0]));
                   imu660ra_acc_y = (int16)(((uint16)dat[3]<<8 | dat[2]));
                   imu660ra_acc_z = (int16)(((uint16)dat[5]<<8 | dat[4]));
               #else
  481   1          // SPIè¯»å–ç¬¬ä¸€ä¸ªåœ°å€ä¸ºç©º
  482   1          uint8 xdata dat[7];
  483   1          imu660ra_read_registers(IMU660RA_ACC_ADDRESS, dat, 7);
  484   1          imu660ra_acc_x = (int16)(((uint16)dat[2]<<8 | dat[1]));
  485   1          imu660ra_acc_y = (int16)(((uint16)dat[4]<<8 | dat[3]));
  486   1          imu660ra_acc_z = (int16)(((uint16)dat[6]<<8 | dat[5]));
  487   1      #endif
  488   1      }
  489          //-------------------------------------------------------------------------------------------------------
             -------------
  490          // å‡½æ•°ç®€ä»‹     è·å– IMU660RA é™€èºä»ªæ•°æ®
  491          // å‚æ•°è¯´æ˜     void
  492          // è¿”å›å‚æ•°     void
  493          // ä½¿ç”¨ç¤ºä¾‹     imu660ra_get_gyro();                                            // æ‰§è¡Œè¯¥å‡½æ•°å
             -ï¼Œç›´æ¥æŸ¥çœ‹å¯¹åº”çš„å˜é‡å³å¯
  494          // å¤‡æ³¨ä¿¡æ¯     ä½¿ç”¨ SPI çš„é‡‡é›†æ—¶é—´ä¸º69us
  495          //             ä½¿ç”¨ IIC çš„é‡‡é›†æ—¶é—´ä¸º126us
  496          //-------------------------------------------------------------------------------------------------------
             -------------
  497          void imu660ra_get_gyro (void)
  498          {
  499   1      #if IMU660RA_USE_SOFT_IIC
                   uint8 xdata dat[6];
                   imu660ra_read_registers(IMU660RA_GYRO_ADDRESS, dat, 6);
                   imu660ra_gyro_x = (int16)(((uint16)dat[1]<<8 | dat[0]));
                   imu660ra_gyro_y = (int16)(((uint16)dat[3]<<8 | dat[2]));
                   imu660ra_gyro_z = (int16)(((uint16)dat[5]<<8 | dat[4]));
               #else
  506   1          // SPIè¯»å–ç¬¬ä¸€ä¸ªåœ°å€ä¸ºç©º
  507   1          uint8 xdata dat[7];
  508   1          imu660ra_read_registers(IMU660RA_GYRO_ADDRESS, dat, 7);
  509   1          imu660ra_gyro_x = (int16)(((uint16)dat[2]<<8 | dat[1]));
  510   1          imu660ra_gyro_y = (int16)(((uint16)dat[4]<<8 | dat[3]));
  511   1          imu660ra_gyro_z = (int16)(((uint16)dat[6]<<8 | dat[5]));
  512   1      #endif
  513   1      }
  514          
  515          //-------------------------------------------------------------------------------------------------------
             -------------
  516          // å‡½æ•°ç®€ä»‹     å°† IMU660RA åŠ é€Ÿåº¦è®¡æ•°æ®è½¬æ¢ä¸ºå®é™…ç‰©ç†æ•°æ®
  517          // å‚æ•°è¯´æ˜     gyro_value      ä»»æ„è½´çš„åŠ é€Ÿåº¦è®¡æ•°æ®
  518          // è¿”å›å‚æ•°     void
  519          // ä½¿ç”¨ç¤ºä¾‹     float dat = imu660ra_acc_transition(imu660ra_acc_x);           // å•ä½ä¸º g(m/s^2)
  520          // å¤‡æ³¨ä¿¡æ¯
  521          //-------------------------------------------------------------------------------------------------------
             -------------
  522          float imu660ra_acc_transition (int16 acc_value)
  523          {
  524   1          float acc_dat = 0;
  525   1          switch((uint8)IMU660RA_ACC_SAMPLE)
  526   1          {
  527   2              case 0x00:
  528   2                  acc_dat = (float)acc_value / 16384;
  529   2                  break;                  // 0x00 åŠ é€Ÿåº¦è®¡é‡ç¨‹ä¸º:Â±2g     è·å–åˆ°çš„åŠ é€Ÿåº¦è®¡æ•°æ®
             - é™¤ä»¥ 16384     å¯ä»¥è½¬åŒ–ä¸ºå¸¦ç‰©ç†å•ä½çš„æ•°æ® å•ä½ï¼šg(m/s^2)
  530   2              case 0x01:
  531   2                  acc_dat = (float)acc_value / 8192;
  532   2                  break;                   // 0x01 åŠ é€Ÿåº¦è®¡é‡ç¨‹ä¸º:Â±4g     è·å–åˆ°çš„åŠ é€Ÿåº¦è®¡æ•°æ
             -® é™¤ä»¥ 8192      å¯ä»¥è½¬åŒ–ä¸ºå¸¦ç‰©ç†å•ä½çš„æ•°æ® å•ä½ï¼šg(m/s^2)
  533   2              case 0x02:
C251 COMPILER V5.60.0,  SEEKFREE_IMU660RA                                                  08/04/24  13:47:32  PAGE 10  

  534   2                  acc_dat = (float)acc_value / 4096;
  535   2                  break;                   // 0x02 åŠ é€Ÿåº¦è®¡é‡ç¨‹ä¸º:Â±8g     è·å–åˆ°çš„åŠ é€Ÿåº¦è®¡æ•°æ
             -® é™¤ä»¥ 4096      å¯ä»¥è½¬åŒ–ä¸ºå¸¦ç‰©ç†å•ä½çš„æ•°æ® å•ä½ï¼šg(m/s^2)
  536   2              case 0x03:
  537   2                  acc_dat = (float)acc_value / 2048;
  538   2                  break;                   // 0x03 åŠ é€Ÿåº¦è®¡é‡ç¨‹ä¸º:Â±16g    è·å–åˆ°çš„åŠ é€Ÿåº¦è®¡æ•°æ
             -® é™¤ä»¥ 2048      å¯ä»¥è½¬åŒ–ä¸ºå¸¦ç‰©ç†å•ä½çš„æ•°æ® å•ä½ï¼šg(m/s^2)
  539   2              default:
  540   2                  break;
  541   2          }
  542   1          return acc_dat;
  543   1      }
  544          
  545          //-------------------------------------------------------------------------------------------------------
             -------------
  546          // å‡½æ•°ç®€ä»‹     å°† IMU660RA é™€èºä»ªæ•°æ®è½¬æ¢ä¸ºå®é™…ç‰©ç†æ•°æ®
  547          // å‚æ•°è¯´æ˜     gyro_value      ä»»æ„è½´çš„é™€èºä»ªæ•°æ®
  548          // è¿”å›å‚æ•°     void
  549          // ä½¿ç”¨ç¤ºä¾‹     float dat = imu660ra_gyro_transition(imu660ra_gyro_x);         // å•ä½ä¸ºÂ°/s
  550          // å¤‡æ³¨ä¿¡æ¯
  551          //-------------------------------------------------------------------------------------------------------
             -------------
  552          float imu660ra_gyro_transition (int16 gyro_value)
  553          {
  554   1          float gyro_dat = 0;
  555   1          switch(IMU660RA_GYR_SAMPLE)
  556   1          {
  557   2              case 0x00:
  558   2                  gyro_dat = (float)gyro_value / 16.4f;
  559   2                  break;               //  0x00 é™€èºä»ªé‡ç¨‹ä¸º:Â±2000dps    è·å–åˆ°çš„é™€èºä»ªæ•°æ®é™¤ä
             -»¥ 16.4    å¯ä»¥è½¬åŒ–ä¸ºå¸¦ç‰©ç†å•ä½çš„æ•°æ® å•ä½ä¸ºï¼šÂ°/s
  560   2              case 0x01:
  561   2                  gyro_dat = (float)gyro_value / 32.8f;
  562   2                  break;               //  0x01 é™€èºä»ªé‡ç¨‹ä¸º:Â±1000dps    è·å–åˆ°çš„é™€èºä»ªæ•°æ®é™¤ä
             -»¥ 32.8    å¯ä»¥è½¬åŒ–ä¸ºå¸¦ç‰©ç†å•ä½çš„æ•°æ® å•ä½ä¸ºï¼šÂ°/s
  563   2              case 0x02:
  564   2                  gyro_dat = (float)gyro_value / 65.6f;
  565   2                  break;               //  0x02 é™€èºä»ªé‡ç¨‹ä¸º:Â±500 dps    è·å–åˆ°çš„é™€èºä»ªæ•°æ®é™¤ä
             -»¥ 65.6    å¯ä»¥è½¬åŒ–ä¸ºå¸¦ç‰©ç†å•ä½çš„æ•°æ® å•ä½ä¸ºï¼šÂ°/s
  566   2              case 0x03:
  567   2                  gyro_dat = (float)gyro_value / 131.2f;
  568   2                  break;               //  0x03 é™€èºä»ªé‡ç¨‹ä¸º:Â±250 dps    è·å–åˆ°çš„é™€èºä»ªæ•°æ®é™¤ä
             -»¥ 131.2   å¯ä»¥è½¬åŒ–ä¸ºå¸¦ç‰©ç†å•ä½çš„æ•°æ® å•ä½ä¸ºï¼šÂ°/s
  569   2              case 0x04:
  570   2                  gyro_dat = (float)gyro_value / 262.4f;
  571   2                  break;               //  0x04 é™€èºä»ªé‡ç¨‹ä¸º:Â±125 dps    è·å–åˆ°çš„é™€èºä»ªæ•°æ®é™¤ä
             -»¥ 262.4   å¯ä»¥è½¬åŒ–ä¸ºå¸¦ç‰©ç†å•ä½çš„æ•°æ® å•ä½ä¸ºï¼šÂ°/s
  572   2              default:
  573   2                  break;
  574   2          }
  575   1          return gyro_dat;
  576   1      }
  577          
  578          //-------------------------------------------------------------------------------------------------------
             -------------
  579          // å‡½æ•°ç®€ä»‹     åˆå§‹åŒ– IMU660RA
  580          // å‚æ•°è¯´æ˜     void
  581          // è¿”å›å‚æ•°     uint8 xdata           1-åˆå§‹åŒ–å¤±è´¥ 0-åˆå§‹åŒ–æˆåŠŸ
  582          // ä½¿ç”¨ç¤ºä¾‹     imu660ra_init();
  583          // å¤‡æ³¨ä¿¡æ¯
  584          //-------------------------------------------------------------------------------------------------------
             -------------
  585          uint8 imu660ra_init (void)
  586          {
  587   1          uint8 xdata return_state = 0;
  588   1          delay_ms(20);                                                           // ç­‰å¾…è®¾å¤‡ä¸Šç”µæˆåŠŸ
C251 COMPILER V5.60.0,  SEEKFREE_IMU660RA                                                  08/04/24  13:47:32  PAGE 11  

  589   1      #if (IMU660RA_USE_SOFT_IIC == 0 )
  590   1          imu660ra_read_register(IMU660RA_CHIP_ID);                                   // è¯»å–ä¸€ä¸‹è®¾å¤‡ID å
             -°†è®¾å¤‡è®¾ç½®ä¸ºSPIæ¨¡å¼
  591   1      #endif
  592   1          do
  593   1          {
  594   2              if(imu660ra_self_check())                                               // IMU660RA è‡ªæ£€
  595   2              {
  596   3                  // å¦‚æœç¨‹åºåœ¨è¾“å‡ºäº†æ–­è¨€ä¿¡æ¯ å¹¶ä¸”æç¤ºå‡ºé”™ä½ç½®åœ¨è¿™é‡Œ
  597   3                  // é‚£ä¹ˆå°±æ˜¯ IMU660RA è‡ªæ£€å‡ºé”™å¹¶è¶…æ—¶é€€å‡ºäº†
  598   3                  // æ£€æŸ¥ä¸€ä¸‹æ¥çº¿æœ‰æ²¡æœ‰é—®é¢˜ å¦‚æœæ²¡é—®é¢˜å¯èƒ½å°±æ˜¯åäº†
  599   3                  printf("imu660ra self check error.\r\n");
  600   3                  return_state = 1;
  601   3                  break;
  602   3              }
  603   2              imu660ra_write_register(IMU660RA_PWR_CONF, 0x00);                       // å…³é—­é«˜çº§çœç”µæ¨¡å
             -¼
  604   2              delay_ms(10);
  605   2              imu660ra_write_register(IMU660RA_INIT_CTRL, 0x00);                      // å¼€å§‹å¯¹æ¨¡å—è¿›è¡Œå
             -ˆå§‹åŒ–é…ç½®
  606   2              imu660ra_write_registers(IMU660RA_INIT_DATA, imu660ra_config_file, sizeof(imu660ra_config_file));
             -   // è¾“å‡ºé…ç½®æ–‡ä»¶
  607   2              imu660ra_write_register(IMU660RA_INIT_CTRL, 0x01);                      // åˆå§‹åŒ–é…ç½®ç»“æŸ
  608   2              delay_ms(20);
  609   2              if(imu660ra_read_register(IMU660RA_INT_STA) != 1)                       // æ£€æŸ¥æ˜¯å¦é…ç½®å®Œæ
             -ˆ
  610   2              {
  611   3                  // å¦‚æœç¨‹åºåœ¨è¾“å‡ºäº†æ–­è¨€ä¿¡æ¯ å¹¶ä¸”æç¤ºå‡ºé”™ä½ç½®åœ¨è¿™é‡Œ
  612   3                  // é‚£ä¹ˆå°±æ˜¯ IMU660RA é…ç½®åˆå§‹åŒ–æ–‡ä»¶å‡ºé”™äº†
  613   3                  // æ£€æŸ¥ä¸€ä¸‹æ¥çº¿æœ‰æ²¡æœ‰é—®é¢˜ å¦‚æœæ²¡é—®é¢˜å¯èƒ½å°±æ˜¯åäº†
  614   3      //      while(1)
  615   3      //      {
  616   3                  printf("imu660ra init error.\r\n");
  617   3      //        delay_ms(200);
  618   3      //      }
  619   3                  return_state = 1;
  620   3                  //break;
  621   3              }
  622   2              imu660ra_write_register(IMU660RA_PWR_CTRL, 0x0E);                       // å¼€å¯æ€§èƒ½æ¨¡å¼  ä½
             -¿èƒ½é™€èºä»ªã€åŠ é€Ÿåº¦ã€æ¸©åº¦ä¼ æ„Ÿå™¨
  623   2              imu660ra_write_register(IMU660RA_ACC_CONF, 0xA7);                       // åŠ é€Ÿåº¦é‡‡é›†é…ç½® 
             -æ€§èƒ½æ¨¡å¼ æ­£å¸¸é‡‡é›† 50Hz  é‡‡æ ·é¢‘ç‡
  624   2              imu660ra_write_register(IMU660RA_GYR_CONF, 0xA9);                       // é™€èºä»ªé‡‡é›†é…ç½® 
             -æ€§èƒ½æ¨¡å¼ æ­£å¸¸é‡‡é›† 200Hz é‡‡æ ·é¢‘ç‡
  625   2              imu660ra_write_register(IMU660RA_ACC_RANGE, IMU660RA_ACC_SAMPLE);       // åŠ é€Ÿåº¦é‡ç¨‹é…ç½® 
             -é…ç½®é‡ç¨‹ä¸º:Â±8g
  626   2              // IMU660RA_ACC_SAMPLE å¯„å­˜å™¨
  627   2              // è®¾ç½®ä¸º:0x00 é™€èºä»ªé‡ç¨‹ä¸º:Â±2000dps     è·å–åˆ°çš„é™€èºä»ªæ•°æ® é™¤ä»¥ 16.4       
             -å¯ä»¥è½¬åŒ–ä¸ºå¸¦ç‰©ç†å•ä½çš„æ•°æ® å•ä½ä¸ºï¼šÂ°/s
  628   2              // è®¾ç½®ä¸º:0x01 é™€èºä»ªé‡ç¨‹ä¸º:Â±1000dps     è·å–åˆ°çš„é™€èºä»ªæ•°æ® é™¤ä»¥ 32.8       
             -å¯ä»¥è½¬åŒ–ä¸ºå¸¦ç‰©ç†å•ä½çš„æ•°æ® å•ä½ä¸ºï¼šÂ°/s
  629   2              // è®¾ç½®ä¸º:0x02 é™€èºä»ªé‡ç¨‹ä¸º:Â±500 dps     è·å–åˆ°çš„é™€èºä»ªæ•°æ® é™¤ä»¥ 65.6       
             -å¯ä»¥è½¬åŒ–ä¸ºå¸¦ç‰©ç†å•ä½çš„æ•°æ® å•ä½ä¸ºï¼šÂ°/s
  630   2              // è®¾ç½®ä¸º:0x03 é™€èºä»ªé‡ç¨‹ä¸º:Â±250 dps     è·å–åˆ°çš„é™€èºä»ªæ•°æ® é™¤ä»¥ 131.2      
             -å¯ä»¥è½¬åŒ–ä¸ºå¸¦ç‰©ç†å•ä½çš„æ•°æ® å•ä½ä¸ºï¼šÂ°/s
  631   2              // è®¾ç½®ä¸º:0x04 é™€èºä»ªé‡ç¨‹ä¸º:Â±125 dps     è·å–åˆ°çš„é™€èºä»ªæ•°æ® é™¤ä»¥ 262.4      
             -å¯ä»¥è½¬åŒ–ä¸ºå¸¦ç‰©ç†å•ä½çš„æ•°æ® å•ä½ä¸ºï¼šÂ°/s
  632   2              imu660ra_write_register(IMU660RA_GYR_RANGE, IMU660RA_GYR_SAMPLE);       // é™€èºä»ªé‡ç¨‹é…ç½® 
             -é…ç½®é‡ç¨‹ä¸º:Â±2000dps
  633   2              // IMU660RA_GYR_RANGE å¯„å­˜å™¨
  634   2              // è®¾ç½®ä¸º:0x00 åŠ é€Ÿåº¦è®¡é‡ç¨‹ä¸º:Â±2g         è·å–åˆ°çš„åŠ é€Ÿåº¦è®¡æ•°æ® é™¤ä»¥ 16384 
             -  å¯ä»¥è½¬åŒ–ä¸ºå¸¦ç‰©ç†å•ä½çš„æ•°æ® å•ä½ï¼šg(m/s^2)
  635   2              // è®¾ç½®ä¸º:0x01 åŠ é€Ÿåº¦è®¡é‡ç¨‹ä¸º:Â±4g         è·å–åˆ°çš„åŠ é€Ÿåº¦è®¡æ•°æ® é™¤ä»¥ 8192  
             -  å¯ä»¥è½¬åŒ–ä¸ºå¸¦ç‰©ç†å•ä½çš„æ•°æ® å•ä½ï¼šg(m/s^2)
  636   2              // è®¾ç½®ä¸º:0x02 åŠ é€Ÿåº¦è®¡é‡ç¨‹ä¸º:Â±8g         è·å–åˆ°çš„åŠ é€Ÿåº¦è®¡æ•°æ® é™¤ä»¥ 4096  
             -  å¯ä»¥è½¬åŒ–ä¸ºå¸¦ç‰©ç†å•ä½çš„æ•°æ® å•ä½ï¼šg(m/s^2)
C251 COMPILER V5.60.0,  SEEKFREE_IMU660RA                                                  08/04/24  13:47:32  PAGE 12  

  637   2              // è®¾ç½®ä¸º:0x03 åŠ é€Ÿåº¦è®¡é‡ç¨‹ä¸º:Â±16g        è·å–åˆ°çš„åŠ é€Ÿåº¦è®¡æ•°æ® é™¤ä»¥ 2048  
             -  å¯ä»¥è½¬åŒ–ä¸ºå¸¦ç‰©ç†å•ä½çš„æ•°æ® å•ä½ï¼šg(m/s^2)
  638   2              delay_ms(50); // ç­‰å¾…æ¨¡å—é‡‡é›†åˆ°æ•°æ®ã€‚
  639   2          }
  640   1          while(0);
  641   1          return return_state;
  642   1      }
  643          


Module Information          Static   Overlayable
------------------------------------------------
  code size            =      1101     ------
  ecode size           =    ------     ------
  data size            =    ------     ------
  idata size           =    ------     ------
  pdata size           =    ------     ------
  xdata size           =        21     ------
  xdata-const size     =    ------     ------
  edata size           =        67     ------
  bit size             =    ------     ------
  ebit size            =    ------     ------
  bitaddressable size  =    ------     ------
  ebitaddressable size =    ------     ------
  far data size        =    ------     ------
  huge data size       =    ------     ------
  const size           =    ------     ------
  hconst size          =        88     ------
End of Module Information.


C251 COMPILATION COMPLETE.  0 WARNING(S),  0 ERROR(S)
