C251 COMPILER V5.60.0,  SEEKFREE_DL1A                                                      08/04/24  13:47:31  PAGE 1   


C251 COMPILER V5.60.0, COMPILATION OF MODULE SEEKFREE_DL1A
OBJECT MODULE PLACED IN .\Out_File\SEEKFREE_DL1A.obj
COMPILER INVOKED BY: C:\Keil_v5\C251\BIN\C251.EXE ..\..\Libraries\seekfree_peripheral\SEEKFREE_DL1A.c XSMALL INTR2 WARNI
                    -NGLEVEL(3) OPTIMIZE(0,SPEED) BROWSE INCDIR(..\..\Libraries\libraries;..\..\Libraries\seekfree_libraries;..\..\Libraries\
                    -seekfree_peripheral;..\CODE;..\USER\inc;..\USER\src;..\..\Libraries\seekfree_components) DEBUG PRINT(.\Out_File\SEEKFREE
                    -_DL1A.lst) TABS(2) OBJECT(.\Out_File\SEEKFREE_DL1A.obj) 

stmt  level    source

    1          /********************************************************************************************************
             -*************
    2           * COPYRIGHT NOTICE
    3           * Copyright (c) 2021,é€é£ç§‘æŠ€
    4           * All rights reserved.
    5           * æŠ€æœ¯è®¨è®ºQQç¾¤ï¼šä¸€ç¾¤ï¼š179029047(å·²æ»¡)  äºŒç¾¤ï¼š244861897
    6           *
    7           * ä»¥ä¸‹æ‰€æœ‰å†…å®¹ç‰ˆæƒå‡å±é€é£ç§‘æŠ€æ‰€æœ‰ï¼Œæœªç»å…è®¸ä¸å¾—ç”¨äºå•†ä¸šç”¨é€”ï¼Œ
    8           * æ¬¢è¿å„ä½ä½¿ç”¨å¹¶ä¼ æ’­æœ¬ç¨‹åºï¼Œä¿®æ”¹å†…å®¹æ—¶å¿…é¡»ä¿ç•™é€é£ç§‘æŠ€çš„ç‰ˆæƒå£°æ˜ã€‚
    9           *
   10           * @file          DL1A
   11           * @company       æˆéƒ½é€é£ç§‘æŠ€æœ‰é™å…¬å¸
   12           * @author        é€é£ç§‘æŠ€(QQ3184284598)
   13           * @version       æŸ¥çœ‹docå†…versionæ–‡ä»¶ ç‰ˆæœ¬è¯´æ˜
   14           * @Software    MDK FOR C251 V5.60
   15           * @Target core   STC32G12K128
   16           * @Taobao      https://seekfree.taobao.com/
   17           * @date          2021-08-27
   18           * @note
   19           * æ¥çº¿å®šä¹‰ï¼š
   20           *                   ------------------------------------
   21           *                   æ¨¡å—ç®¡è„š            å•ç‰‡æœºç®¡è„š
   22           *                   SCL                 æŸ¥çœ‹ SEEKFREE_DL1A.h ä¸­ DL1A_SCL_PIN   å®å®šä¹‰
   23           *                   SDA                 æŸ¥çœ‹ SEEKFREE_DL1A.h ä¸­ DL1A_SDA_PIN   å®å®šä¹‰
   24           *           XS          æŸ¥çœ‹ SEEKFREE_DL1A.h ä¸­ DL1A_XSHUT_PIN å®å®šä¹‰
   25           *                   VCC                 5V ç”µæº
   26           *                   GND                 ç”µæºåœ°
   27           *                   ------------------------------------
   28          *********************************************************************************************************
             -***********/
   29          
   30          
   31          #include "zf_delay.h"
   32          #include "SEEKFREE_DL1A.h"
   33          
   34          
   35          #pragma warning disable = 183
   36          
   37          
   38          uint8 dl1a_finsh_flag;
   39          uint16 dl1a_distance_mm;
   40          
   41          
   42          
   43          #define GET_DL1A_SDA          DL1A_SDA_PIN
   44          #define DL1A_SDA_LOW()            DL1A_SDA_PIN = 0    //IOå£è¾“å‡ºä½ç”µå¹³
   45          #define DL1A_SDA_HIGH()           DL1A_SDA_PIN = 1    //IOå£è¾“å‡ºé«˜ç”µå¹³
   46          
   47          #define DL1A_SCL_LOW()            DL1A_SCL_PIN = 0    //IOå£è¾“å‡ºä½ç”µå¹³
   48          #define DL1A_SCL_HIGH()           DL1A_SCL_PIN = 1    //IOå£è¾“å‡ºé«˜ç”µå¹³
   49          
   50          #define ack 1      //ä¸»åº”ç­”
   51          #define no_ack 0   //ä»åº”ç­”  
   52          
   53          //-------------------------------------------------------------------------------------------------------
             -------------
C251 COMPILER V5.60.0,  SEEKFREE_DL1A                                                      08/04/24  13:47:31  PAGE 2   

   54          //  @brief      æ¨¡æ‹ŸIICå»¶æ—¶
   55          //  @return     void
   56          //  @since      v1.0
   57          //  Sample usage:       å¦‚æœIICé€šè®¯å¤±è´¥å¯ä»¥å°è¯•å¢åŠ jçš„å€¼
   58          //-------------------------------------------------------------------------------------------------------
             -------------
   59          static void dl1a_simiic_delay(void)
   60          {
   61   1          uint16 xdata j=DL1A_SOFT_IIC_DELAY;
   62   1          while(j--);
   63   1      }
   64          
   65          //å†…éƒ¨ä½¿ç”¨ï¼Œç”¨æˆ·æ— éœ€è°ƒç”¨
   66          static void dl1a_simiic_start(void)
   67          {
   68   1          DL1A_SDA_HIGH();
   69   1          DL1A_SCL_HIGH();
   70   1          dl1a_simiic_delay();
   71   1          DL1A_SDA_LOW();
   72   1          dl1a_simiic_delay();
   73   1          DL1A_SCL_LOW();
   74   1      }
   75          
   76          //å†…éƒ¨ä½¿ç”¨ï¼Œç”¨æˆ·æ— éœ€è°ƒç”¨
   77          static void dl1a_simiic_stop(void)
   78          {
   79   1          DL1A_SDA_LOW();
   80   1          DL1A_SCL_LOW();
   81   1          dl1a_simiic_delay();
   82   1          DL1A_SCL_HIGH();
   83   1          dl1a_simiic_delay();
   84   1          DL1A_SDA_HIGH();
   85   1          dl1a_simiic_delay();
   86   1      }
   87          
   88          //ä¸»åº”ç­”(åŒ…å«ack:SDA=0å’Œno_ack:SDA=0)
   89          //å†…éƒ¨ä½¿ç”¨ï¼Œç”¨æˆ·æ— éœ€è°ƒç”¨
   90          static void dl1a_simiic_sendack(unsigned char ack_dat)
   91          {
   92   1          DL1A_SCL_LOW();
   93   1          dl1a_simiic_delay();
   94   1          if(ack_dat) DL1A_SDA_LOW();
   95   1          else      DL1A_SDA_HIGH();
   96   1          DL1A_SCL_HIGH();
   97   1          dl1a_simiic_delay();
   98   1          DL1A_SCL_LOW();
   99   1          dl1a_simiic_delay();
  100   1      }
  101          
  102          
  103          static int dl1a_sccb_waitack(void)
  104          {
  105   1          DL1A_SCL_LOW();
  106   1          dl1a_simiic_delay();
  107   1          DL1A_SCL_HIGH();
  108   1          dl1a_simiic_delay();
  109   1          if(GET_DL1A_SDA)           //åº”ç­”ä¸ºé«˜ç”µå¹³ï¼Œå¼‚å¸¸ï¼Œé€šä¿¡å¤±è´¥
  110   1          {
  111   2              DL1A_SCL_LOW();
  112   2              return 0;
  113   2          }
  114   1          DL1A_SCL_LOW();
  115   1          dl1a_simiic_delay();
  116   1          return 1;
  117   1      }
  118          
C251 COMPILER V5.60.0,  SEEKFREE_DL1A                                                      08/04/24  13:47:31  PAGE 3   

  119          //å­—èŠ‚å‘é€ç¨‹åº
  120          //å‘é€c(å¯ä»¥æ˜¯æ•°æ®ä¹Ÿå¯æ˜¯åœ°å€)ï¼Œé€å®Œåæ¥æ”¶ä»åº”ç­”
  121          //ä¸è€ƒè™‘ä»åº”ç­”ä½
  122          //å†…éƒ¨ä½¿ç”¨ï¼Œç”¨æˆ·æ— éœ€è°ƒç”¨
  123          static void dl1a_send_ch(uint8 c)
  124          {
  125   1          uint8 xdata i = 8;
  126   1          while(i--)
  127   1          {
  128   2              if(c & 0x80)  DL1A_SDA_HIGH();//SDA è¾“å‡ºæ•°æ®
  129   2              else      DL1A_SDA_LOW();
  130   2              c <<= 1;
  131   2              dl1a_simiic_delay();
  132   2              DL1A_SCL_HIGH();                //SCL æ‹‰é«˜ï¼Œé‡‡é›†ä¿¡å·
  133   2              dl1a_simiic_delay();
  134   2              DL1A_SCL_LOW();                //SCL æ—¶é’Ÿçº¿æ‹‰ä½
  135   2          }
  136   1          dl1a_sccb_waitack();
  137   1      }
  138          
  139          
  140          //å­—èŠ‚æ¥æ”¶ç¨‹åº
  141          //æ¥æ”¶å™¨ä»¶ä¼ æ¥çš„æ•°æ®ï¼Œæ­¤ç¨‹åºåº”é…åˆ|ä¸»åº”ç­”å‡½æ•°|ä½¿ç”¨
  142          //å†…éƒ¨ä½¿ç”¨ï¼Œç”¨æˆ·æ— éœ€è°ƒç”¨
  143          static uint8 dl1a_read_ch(uint8 ack_x)
  144          {
  145   1          uint8 xdata i;
  146   1          uint8 xdata c;
  147   1          c=0;
  148   1          DL1A_SCL_LOW();
  149   1          dl1a_simiic_delay();
  150   1          DL1A_SDA_HIGH();
  151   1          for(i=0; i<8; i++)
  152   1          {
  153   2              dl1a_simiic_delay();
  154   2              DL1A_SCL_LOW();         //ç½®æ—¶é’Ÿçº¿ä¸ºä½ï¼Œå‡†å¤‡æ¥æ”¶æ•°æ®ä½
  155   2              dl1a_simiic_delay();
  156   2              DL1A_SCL_HIGH();         //ç½®æ—¶é’Ÿçº¿ä¸ºé«˜ï¼Œä½¿æ•°æ®çº¿ä¸Šæ•°æ®æœ‰æ•ˆ
  157   2              dl1a_simiic_delay();
  158   2              c<<=1;
  159   2              if(GET_DL1A_SDA)
  160   2              {
  161   3                  c+=1;   //è¯»æ•°æ®ä½ï¼Œå°†æ¥æ”¶çš„æ•°æ®å­˜c
  162   3              }
  163   2          }
  164   1          DL1A_SCL_LOW();
  165   1          dl1a_simiic_delay();
  166   1          dl1a_simiic_sendack(ack_x);
  167   1          return c;
  168   1      }
  169          
  170          
  171          //-------------------------------------------------------------------------------------------------------
             -------------
  172          //  @brief      æ¨¡æ‹ŸIICå†™æ•°æ®åˆ°è®¾å¤‡å¯„å­˜å™¨å‡½æ•°
  173          //  @param      dev_add     è®¾å¤‡åœ°å€(ä½ä¸ƒä½åœ°å€)
  174          //  @param      reg       å¯„å­˜å™¨åœ°å€
  175          //  @param      dat       å†™å…¥çš„æ•°æ®
  176          //  @return     void
  177          //  @since      v1.0
  178          //  Sample usage:
  179          //-------------------------------------------------------------------------------------------------------
             -------------
  180          static void dl1a_simiic_write_dats(uint8 dev_add, uint8 *dat, uint32 len)
  181          {
  182   1          dl1a_simiic_start();
C251 COMPILER V5.60.0,  SEEKFREE_DL1A                                                      08/04/24  13:47:31  PAGE 4   

  183   1          dl1a_send_ch( (dev_add<<1) | 0x00);   //å‘é€å™¨ä»¶åœ°å€åŠ å†™ä½
  184   1          while(len--)
  185   1          {
  186   2              dl1a_send_ch( *dat++ );            //å‘é€éœ€è¦å†™å…¥çš„æ•°æ®
  187   2          }
  188   1          dl1a_simiic_stop();
  189   1      }
  190          
  191          
  192          //-------------------------------------------------------------------------------------------------------
             -------------
  193          //  @brief      æ¨¡æ‹ŸIICå†™æ•°æ®åˆ°è®¾å¤‡å¯„å­˜å™¨å‡½æ•°
  194          //  @param      dev_add     è®¾å¤‡åœ°å€(ä½ä¸ƒä½åœ°å€)
  195          //  @param      reg       å¯„å­˜å™¨åœ°å€
  196          //  @param      dat       å†™å…¥çš„æ•°æ®
  197          //  @return     void
  198          //  @since      v1.0
  199          //  Sample usage:
  200          //-------------------------------------------------------------------------------------------------------
             -------------
  201          static void dl1a_simiic_write_reg(uint8 dev_add, uint8 reg, uint8 dat)
  202          {
  203   1          dl1a_simiic_start();
  204   1          dl1a_send_ch( (dev_add<<1) | 0x00);   //å‘é€å™¨ä»¶åœ°å€åŠ å†™ä½
  205   1          dl1a_send_ch( reg );           //å‘é€ä»æœºå¯„å­˜å™¨åœ°å€
  206   1          dl1a_send_ch( dat );           //å‘é€éœ€è¦å†™å…¥çš„æ•°æ®
  207   1          dl1a_simiic_stop();
  208   1      }
  209          
  210          //-------------------------------------------------------------------------------------------------------
             -------------
  211          //  @brief      æ¨¡æ‹ŸIICä»è®¾å¤‡å¯„å­˜å™¨è¯»å–æ•°æ®
  212          //  @param      dev_add     è®¾å¤‡åœ°å€(ä½ä¸ƒä½åœ°å€)
  213          //  @param      reg       å¯„å­˜å™¨åœ°å€
  214          //  @param      type      é€‰æ‹©é€šä¿¡æ–¹å¼æ˜¯IIC  è¿˜æ˜¯ SCCB
  215          //  @return     uint8 xdata     è¿”å›å¯„å­˜å™¨çš„æ•°æ®
  216          //  @since      v1.0
  217          //  Sample usage:
  218          //-------------------------------------------------------------------------------------------------------
             -------------
  219          static uint8 dl1a_simiic_read_reg(uint8 dev_add, uint8 reg)
  220          {
  221   1          uint8 xdata dat;
  222   1          dl1a_simiic_start();
  223   1          dl1a_send_ch( (dev_add<<1) | 0x00);  //å‘é€å™¨ä»¶åœ°å€åŠ å†™ä½
  224   1          dl1a_send_ch( reg );          //å‘é€ä»æœºå¯„å­˜å™¨åœ°å€
  225   1          dl1a_simiic_start();
  226   1          dl1a_send_ch( (dev_add<<1) | 0x01);  //å‘é€å™¨ä»¶åœ°å€åŠ è¯»ä½
  227   1          dat = dl1a_read_ch(no_ack);           //è¯»å–æ•°æ®
  228   1          dl1a_simiic_stop();
  229   1          return dat;
  230   1      }
  231          
  232          //-------------------------------------------------------------------------------------------------------
             -------------
  233          //  @brief      æ¨¡æ‹ŸIICè¯»å–å¤šå­—èŠ‚æ•°æ®
  234          //  @param      dev_add     è®¾å¤‡åœ°å€(ä½ä¸ƒä½åœ°å€)
  235          //  @param      reg       å¯„å­˜å™¨åœ°å€
  236          //  @param      dat_add     æ•°æ®ä¿å­˜çš„åœ°å€æŒ‡é’ˆ
  237          //  @param      num       è¯»å–å­—èŠ‚æ•°é‡
  238          //  @param      type      é€‰æ‹©é€šä¿¡æ–¹å¼æ˜¯IIC  è¿˜æ˜¯ SCCB
  239          //  @return     uint8 xdata     è¿”å›å¯„å­˜å™¨çš„æ•°æ®
  240          //  @since      v1.0
  241          //  Sample usage:
  242          //-------------------------------------------------------------------------------------------------------
             -------------
C251 COMPILER V5.60.0,  SEEKFREE_DL1A                                                      08/04/24  13:47:31  PAGE 5   

  243          static void dl1a_simiic_read_regs(uint8 dev_add, uint8 reg, uint8 *dat_add, uint32 num)
  244          {
  245   1          dl1a_simiic_start();
  246   1          dl1a_send_ch( (dev_add<<1) | 0x00);  //å‘é€å™¨ä»¶åœ°å€åŠ å†™ä½
  247   1          dl1a_send_ch( reg );          //å‘é€ä»æœºå¯„å­˜å™¨åœ°å€
  248   1          dl1a_simiic_start();
  249   1          dl1a_send_ch( (dev_add<<1) | 0x01);  //å‘é€å™¨ä»¶åœ°å€åŠ è¯»ä½
  250   1          while(--num)
  251   1          {
  252   2              *dat_add = dl1a_read_ch(ack); //è¯»å–æ•°æ®
  253   2              dat_add++;
  254   2          }
  255   1          *dat_add = dl1a_read_ch(no_ack); //è¯»å–æ•°æ®
  256   1          dl1a_simiic_stop();
  257   1      }
  258          
  259          //-------------------------------------------------------------------------------------------------------
             -------------
  260          //  @brief      æ¨¡æ‹ŸIICè¯»å–å¤šå­—èŠ‚æ•°æ®
  261          //  @param      dev_add     è®¾å¤‡åœ°å€(ä½ä¸ƒä½åœ°å€)
  262          //  @param      reg       å¯„å­˜å™¨åœ°å€
  263          //  @param      dat_add     æ•°æ®ä¿å­˜çš„åœ°å€æŒ‡é’ˆ
  264          //  @param      num       è¯»å–å­—èŠ‚æ•°é‡
  265          //  @param      type      é€‰æ‹©é€šä¿¡æ–¹å¼æ˜¯IIC  è¿˜æ˜¯ SCCB
  266          //  @return     uint8 xdata     è¿”å›å¯„å­˜å™¨çš„æ•°æ®
  267          //  @since      v1.0
  268          //  Sample usage:
  269          //-------------------------------------------------------------------------------------------------------
             -------------
  270          static void dl1a_simiic_read_regs_1(uint8 dev_add, uint8 reg, uint8 *dat_add, uint32 num)
  271          {
  272   1          dl1a_simiic_start();
  273   1          dl1a_send_ch( (dev_add<<1) | 0x00);  //å‘é€å™¨ä»¶åœ°å€åŠ å†™ä½
  274   1          dl1a_send_ch( reg );          //å‘é€ä»æœºå¯„å­˜å™¨åœ°å€
  275   1          dl1a_simiic_start();
  276   1          dl1a_send_ch( (dev_add<<1) | 0x01);  //å‘é€å™¨ä»¶åœ°å€åŠ è¯»ä½
  277   1          while(--num)
  278   1          {
  279   2              *dat_add = dl1a_read_ch(ack); //è¯»å–æ•°æ®
  280   2              dat_add++;
  281   2          }
  282   1          *dat_add = dl1a_read_ch(no_ack); //è¯»å–æ•°æ®
  283   1          dl1a_simiic_stop();
  284   1      }
  285          
  286          
  287          #define dl1a_write_array(dat, len)          (dl1a_simiic_write_dats(DL1A_DEV_ADDR, (dat), (len)))
  288          #define dl1a_write_register(reg, dat)       (dl1a_simiic_write_reg(DL1A_DEV_ADDR, (reg), (dat)))
  289          #define dl1a_read_register(reg)             (dl1a_simiic_read_reg (DL1A_DEV_ADDR, (reg)))
  290          #define dl1a_read_registers(reg, dat, len)  (dl1a_simiic_read_regs(DL1A_DEV_ADDR, (reg), (dat), (len)))
  291          #define dl1a_read_registers_1(reg, dat, len)  (dl1a_simiic_read_regs_1(DL1A_DEV_ADDR, (reg), (dat), (len)
             -))
  292          
  293          // è¿™ä¸ªé€Ÿç‡è¡¨ç¤ºä»ç›®æ ‡åå°„å¹¶è¢«è®¾å¤‡æ£€æµ‹åˆ°çš„ä¿¡å·çš„æŒ¯å¹…
  294          // è®¾ç½®æ­¤é™åˆ¶å¯ä»¥ç¡®å®šä¼ æ„Ÿå™¨æŠ¥å‘Šæœ‰æ•ˆè¯»æ•°æ‰€éœ€çš„æœ€å°æµ‹é‡å€¼
  295          // è®¾ç½®ä¸€ä¸ªè¾ƒä½çš„é™åˆ¶å¯ä»¥å¢åŠ ä¼ æ„Ÿå™¨çš„æµ‹é‡èŒƒå›´
  296          // ä½†ä¼¼ä¹ä¹Ÿå¢åŠ äº† <ç”±äºæ¥è‡ªç›®æ ‡ä»¥å¤–çš„ç‰©ä½“çš„ä¸éœ€è¦çš„åå°„å¯¼è‡´> å¾—åˆ°ä¸å‡†ç¡®è¯
             -»æ•°çš„å¯èƒ½æ€§
  297          // é»˜è®¤ä¸º 0.25 MCPS å¯é¢„è®¾èŒƒå›´ä¸º 0 - 511.99
  298          #define DL1A_DEFAULT_RATE_LIMIT  (0.25)
  299          
  300          // ä»å¯„å­˜å™¨æ•°æ®è§£ç  PCLKs ä¸­ VCSEL (vertical cavity surface emitting laser) çš„è„‰å®½å‘¨æœŸ
  301          #define decode_vcsel_period(reg_val)            (((reg_val) + 1) << 1)
  302          
  303          // ä» PCLK ä¸­çš„ VCSEL å‘¨æœŸè®¡ç®—å®å‘¨æœŸ (ä»¥ *çº³ç§’ä¸ºå•ä½)
  304          // PLL_period_ps = 1655
C251 COMPILER V5.60.0,  SEEKFREE_DL1A                                                      08/04/24  13:47:31  PAGE 6   

  305          // macro_period_vclks = 2304
  306          #define calc_macro_period(vcsel_period_pclks)   ((((uint32)2304 * (vcsel_period_pclks) * 1655) + 500) / 1
             -000)
  307          
  308          //-------------------------------------------------------------------------------------------------------
             -------------
  309          // å‡½æ•°ç®€ä»‹     è·å–è®¾å¤‡ SPAD ä¿¡æ¯
  310          // å‚æ•°è¯´æ˜     index           ç´¢å¼•
  311          // å‚æ•°è¯´æ˜     type            ç±»å‹å€¼
  312          // è¿”å›å‚æ•°     uint8 xdata           æ˜¯å¦æˆåŠŸ 0-æˆåŠŸ 1-å¤±è´¥
  313          // ä½¿ç”¨ç¤ºä¾‹     dl1a_get_spad_info(index, type_is_aperture);
  314          // å¤‡æ³¨ä¿¡æ¯
  315          //-------------------------------------------------------------------------------------------------------
             -------------
  316          static uint8 dl1a_get_spad_info (uint8 *index, uint8 *type_is_aperture)
  317          {
  318   1          uint8 xdata tmp = 0;
  319   1          uint8 xdata return_state = 0;
  320   1          volatile uint16 loop_count = 0;
  321   1          do
  322   1          {
  323   2              dl1a_write_register(0x80, 0x01);
  324   2              dl1a_write_register(0xFF, 0x01);
  325   2              dl1a_write_register(0x00, 0x00);
  326   2              dl1a_write_register(0xFF, 0x06);
  327   2              dl1a_read_registers(0x83, &tmp, 1);
  328   2              dl1a_write_register(0x83, tmp | 0x04);
  329   2              dl1a_write_register(0xFF, 0x07);
  330   2              dl1a_write_register(0x81, 0x01);
  331   2              dl1a_write_register(0x80, 0x01);
  332   2              dl1a_write_register(0x94, 0x6b);
  333   2              dl1a_write_register(0x83, 0x00);
  334   2              tmp = 0x00;
  335   2              while(tmp != 0x10)
  336   2              {
  337   3                  dl1a_read_registers(0x83, &tmp, 1);
  338   3                  loop_count++;
  339   3                  if(loop_count == DL1A_TIMEOUT_COUNT)
  340   3                  {
  341   4                      return_state = 1;
  342   4                      break;
  343   4                  }
  344   3              }
  345   2              if(return_state)
  346   2              {
  347   3                  break;
  348   3              }
  349   2              dl1a_write_register(0x83, 0x01);
  350   2              dl1a_read_registers(0x92, &tmp, 1);
  351   2              *index = tmp & 0x7f;
  352   2              *type_is_aperture = (tmp >> 7) & 0x01;
  353   2              dl1a_write_register(0x81, 0x00);
  354   2              dl1a_write_register(0xFF, 0x06);
  355   2              dl1a_read_registers(0x83, &tmp, 1);
  356   2              dl1a_write_register(0x83, tmp);
  357   2              dl1a_write_register(0xFF, 0x01);
  358   2              dl1a_write_register(0x00, 0x01);
  359   2              dl1a_write_register(0xFF, 0x00);
  360   2              dl1a_write_register(0x80, 0x00);
  361   2          }
  362   1          while(0);
  363   1          return return_state;
  364   1      }
  365          
  366          //-------------------------------------------------------------------------------------------------------
             -------------
C251 COMPILER V5.60.0,  SEEKFREE_DL1A                                                      08/04/24  13:47:31  PAGE 7   

  367          // å‡½æ•°ç®€ä»‹     å°†è¶…æ—¶æ•°å€¼ä» MCLKs è½¬æ¢åˆ°å¯¹åº”çš„ ms
  368          // å‚æ•°è¯´æ˜     timeout_period_mclks    è¶…æ—¶å‘¨æœŸ MCLKs
  369          // å‚æ•°è¯´æ˜     vcsel_period_pclks      PCLK å€¼
  370          // è¿”å›å‚æ•°     uint32 xdata                  è¿”å›è¶…æ—¶æ•°å€¼
  371          // ä½¿ç”¨ç¤ºä¾‹     dl1a_timeout_mclks_to_microseconds(timeout_period_mclks, vcsel_period_pclks);
  372          // å¤‡æ³¨ä¿¡æ¯     å°†åºåˆ—æ­¥éª¤è¶…æ—¶ä»å…·æœ‰ç»™å®š VCSEL å‘¨æœŸçš„ MCLK (ä»¥ PCLK ä¸ºå•ä½)è½¬æ¢ä
             -¸ºå¾®ç§’
  373          //-------------------------------------------------------------------------------------------------------
             -------------
  374          static uint32 dl1a_timeout_mclks_to_microseconds (uint16 timeout_period_mclks, uint8 vcsel_period_pclks)
  375          {
  376   1          uint32 xdata macro_period_ns = calc_macro_period(vcsel_period_pclks);
  377   1          return ((timeout_period_mclks * macro_period_ns) + (macro_period_ns / 2)) / 1000;
  378   1      }
  379          
  380          //-------------------------------------------------------------------------------------------------------
             -------------
  381          // å‡½æ•°ç®€ä»‹     å°†è¶…æ—¶æ•°å€¼ä» ms è½¬æ¢åˆ°å¯¹åº”çš„ MCLKs
  382          // å‚æ•°è¯´æ˜     timeout_period_us   è¶…æ—¶å‘¨æœŸ å¾®ç§’å•ä½
  383          // å‚æ•°è¯´æ˜     vcsel_period_pclks  PCLK å€¼
  384          // è¿”å›å‚æ•°     uint32 xdata              è¿”å›è¶…æ—¶æ•°å€¼
  385          // ä½¿ç”¨ç¤ºä¾‹     dl1a_timeout_microseconds_to_mclks(timeout_period_us, vcsel_period_pclks);
  386          // å¤‡æ³¨ä¿¡æ¯     å°†åºåˆ—æ­¥éª¤è¶…æ—¶ä»å¾®ç§’è½¬æ¢ä¸ºå…·æœ‰ç»™å®š VCSEL å‘¨æœŸçš„ MCLK (ä»¥ PCLK ä¸
             -ºå•ä½)
  387          //-------------------------------------------------------------------------------------------------------
             -------------
  388          static uint32 dl1a_timeout_microseconds_to_mclks (uint32 timeout_period_us, uint8 vcsel_period_pclks)
  389          {
  390   1          uint32 xdata macro_period_ns = calc_macro_period(vcsel_period_pclks);
  391   1          return (((timeout_period_us * 1000) + (macro_period_ns / 2)) / macro_period_ns);
  392   1      }
  393          
  394          //-------------------------------------------------------------------------------------------------------
             -------------
  395          // å‡½æ•°ç®€ä»‹     å¯¹è¶…æ—¶æ•°å€¼è¿›è¡Œè§£ç 
  396          // å‚æ•°è¯´æ˜     reg_val         è¶…æ—¶æ—¶é•¿ å¯„å­˜å™¨å€¼
  397          // è¿”å›å‚æ•°     uint16 xdata          è¿”å›è¶…æ—¶æ•°å€¼
  398          // ä½¿ç”¨ç¤ºä¾‹     dl1a_decode_timeout(reg_val);
  399          // å¤‡æ³¨ä¿¡æ¯     ä»å¯„å­˜å™¨å€¼è§£ç  MCLK ä¸­çš„åºåˆ—æ­¥éª¤è¶…æ—¶
  400          //-------------------------------------------------------------------------------------------------------
             -------------
  401          static uint16 dl1a_decode_timeout (uint16 reg_val)
  402          {
  403   1          // æ ¼å¼: (LSByte * 2 ^ MSByte) + 1
  404   1          return  (uint16)((reg_val & 0x00FF) <<
  405   1                           (uint16)((reg_val & 0xFF00) >> 8)) + 1;
  406   1      }
  407          
  408          //-------------------------------------------------------------------------------------------------------
             -------------
  409          // å‡½æ•°ç®€ä»‹     å¯¹è¶…æ—¶æ•°å€¼è¿›è¡Œç¼–ç 
  410          // å‚æ•°è¯´æ˜     timeout_mclks   è¶…æ—¶æ—¶é•¿ -MCLKs å€¼
  411          // è¿”å›å‚æ•°     uint16 xdata          è¿”å›ç¼–ç å€¼
  412          // ä½¿ç”¨ç¤ºä¾‹     dl1a_encode_timeout(timeout_mclks);
  413          // å¤‡æ³¨ä¿¡æ¯     åœ¨ MCLK ä¸­å¯¹è¶…æ—¶çš„åºåˆ—æ­¥éª¤è¶…æ—¶å¯„å­˜å™¨å€¼è¿›è¡Œç¼–ç 
  414          //-------------------------------------------------------------------------------------------------------
             -------------
  415          static uint16 dl1a_encode_timeout (uint16 timeout_mclks)
  416          {
  417   1          uint32 xdata ls_byte = 0;
  418   1          uint16 xdata ms_byte = 0;
  419   1          uint16 xdata return_data = 0;
  420   1          if (timeout_mclks > 0)
  421   1          {
  422   2              // æ ¼å¼: (LSByte * 2 ^ MSByte) + 1
  423   2              ls_byte = timeout_mclks - 1;
C251 COMPILER V5.60.0,  SEEKFREE_DL1A                                                      08/04/24  13:47:31  PAGE 8   

  424   2              while ((ls_byte & 0xFFFFFF00) > 0)
  425   2              {
  426   3                  ls_byte >>= 1;
  427   3                  ms_byte++;
  428   3              }
  429   2              return_data = (ms_byte << 8) | (ls_byte & 0xFF);
  430   2          }
  431   1          return return_data;
  432   1      }
  433          
  434          //-------------------------------------------------------------------------------------------------------
             -------------
  435          // å‡½æ•°ç®€ä»‹     è·å–åºåˆ—æ­¥éª¤ä½¿èƒ½è®¾ç½®
  436          // å‚æ•°è¯´æ˜     enables         åºåˆ—ä½¿èƒ½æ­¥éª¤ç»“æ„ä½“
  437          // è¿”å›å‚æ•°     void
  438          // ä½¿ç”¨ç¤ºä¾‹     dl1a_get_sequence_step_enables(enables);
  439          // å¤‡æ³¨ä¿¡æ¯
  440          //-------------------------------------------------------------------------------------------------------
             -------------
  441          static void dl1a_get_sequence_step_enables(dl1a_sequence_enables_step_struct *enables)
  442          {
  443   1          uint8 xdata sequence_config = 0;
  444   1          dl1a_read_registers(DL1A_SYSTEM_SEQUENCE_CONFIG, &sequence_config, 1);
  445   1          enables->tcc          = (sequence_config >> 4) & 0x1;
  446   1          enables->dss          = (sequence_config >> 3) & 0x1;
  447   1          enables->msrc         = (sequence_config >> 2) & 0x1;
  448   1          enables->pre_range    = (sequence_config >> 6) & 0x1;
  449   1          enables->final_range  = (sequence_config >> 7) & 0x1;
  450   1      }
  451          
  452          //-------------------------------------------------------------------------------------------------------
             -------------
  453          // å‡½æ•°ç®€ä»‹     è·å–è„‰å†²å‘¨æœŸ
  454          // å‚æ•°è¯´æ˜     type            é¢„é‡ç¨‹ç±»å‹
  455          // è¿”å›å‚æ•°     uint8 xdata           è¿”å›çš„å‘¨æœŸå€¼
  456          // ä½¿ç”¨ç¤ºä¾‹     dl1a_get_vcsel_pulse_period(DL1A_VCSEL_PERIOD_PER_RANGE);
  457          // å¤‡æ³¨ä¿¡æ¯     åœ¨ PCLKs ä¸­è·å–ç»™å®šå‘¨æœŸç±»å‹çš„ VCSEL è„‰å†²å‘¨æœŸ
  458          //-------------------------------------------------------------------------------------------------------
             -------------
  459          static uint8 dl1a_get_vcsel_pulse_period (dl1a_vcsel_period_type_enum type)
  460          {
  461   1          uint8 xdata data_buffer = 0;
  462   1          if (type == DL1A_VCSEL_PERIOD_PER_RANGE)
  463   1          {
  464   2              dl1a_read_registers(DL1A_PRE_RANGE_CONFIG_VCSEL_PERIOD, &data_buffer, 1);
  465   2              data_buffer = decode_vcsel_period(data_buffer);
  466   2          }
  467   1          else if (type == DL1A_VCSEL_PERIOD_FINAL_RANGE)
  468   1          {
  469   2              dl1a_read_registers(DL1A_FINAL_RANGE_CONFIG_VCSEL_PERIOD, &data_buffer, 1);
  470   2              data_buffer = decode_vcsel_period(data_buffer);
  471   2          }
  472   1          else
  473   1          {
  474   2              data_buffer = 255;
  475   2          }
  476   1          return data_buffer;
  477   1      }
  478          
  479          //-------------------------------------------------------------------------------------------------------
             -------------
  480          // å‡½æ•°ç®€ä»‹     è·å–åºåˆ—æ­¥éª¤è¶…æ—¶è®¾ç½®
  481          // å‚æ•°è¯´æ˜     enables         åºåˆ—ä½¿èƒ½æ­¥éª¤ç»“æ„ä½“
  482          // å‚æ•°è¯´æ˜     timeouts        åºåˆ—è¶…æ—¶æ­¥éª¤ç»“æ„ä½“
  483          // è¿”å›å‚æ•°     void
  484          // ä½¿ç”¨ç¤ºä¾‹     dl1a_get_sequence_step_timeouts(enables, timeouts);
C251 COMPILER V5.60.0,  SEEKFREE_DL1A                                                      08/04/24  13:47:31  PAGE 9   

  485          // å¤‡æ³¨ä¿¡æ¯     è·å–æ‰€æœ‰è¶…æ—¶è€Œä¸ä»…ä»…æ˜¯è¯·æ±‚çš„è¶…æ—¶ å¹¶ä¸”è¿˜å­˜å‚¨ä¸­é—´å€¼
  486          //-------------------------------------------------------------------------------------------------------
             -------------
  487          static void dl1a_get_sequence_step_timeouts (dl1a_sequence_enables_step_struct const *enables, dl1a_seque
             -nce_timeout_step_struct *timeouts)
  488          {
  489   1          uint8 xdata reg_buffer[2];
  490   1          uint16 xdata reg16_buffer = 0;
  491   1          timeouts->pre_range_vcsel_period_pclks = dl1a_get_vcsel_pulse_period(DL1A_VCSEL_PERIOD_PER_RANGE);
  492   1          dl1a_read_registers(DL1A_MSRC_CONFIG_TIMEOUT_MACROP, reg_buffer, 1);
  493   1          timeouts->msrc_dss_tcc_mclks = reg_buffer[0] + 1;
  494   1          timeouts->msrc_dss_tcc_us = dl1a_timeout_mclks_to_microseconds(timeouts->msrc_dss_tcc_mclks, (uint8)t
             -imeouts->pre_range_vcsel_period_pclks);
  495   1          dl1a_read_registers(DL1A_PRE_RANGE_CONFIG_TIMEOUT_MACROP_HI, reg_buffer, 2);
  496   1          reg16_buffer = ((uint16) reg_buffer[0] << 8) | reg_buffer[1];
  497   1          timeouts->pre_range_mclks = dl1a_decode_timeout(reg16_buffer);
  498   1          timeouts->pre_range_us = dl1a_timeout_mclks_to_microseconds(timeouts->pre_range_mclks, (uint8)timeout
             -s->pre_range_vcsel_period_pclks);
  499   1          timeouts->final_range_vcsel_period_pclks = dl1a_get_vcsel_pulse_period(DL1A_VCSEL_PERIOD_FINAL_RANGE)
             -;
  500   1          dl1a_read_registers(DL1A_FINAL_RANGE_CONFIG_TIMEOUT_MACROP_HI, reg_buffer, 2);
  501   1          reg16_buffer = ((uint16) reg_buffer[0] << 8) | reg_buffer[1];
  502   1          timeouts->final_range_mclks = dl1a_decode_timeout(reg16_buffer);
  503   1          if (enables->pre_range)
  504   1          {
  505   2              timeouts->final_range_mclks -= timeouts->pre_range_mclks;
  506   2          }
  507   1          timeouts->final_range_us = dl1a_timeout_mclks_to_microseconds(timeouts->final_range_mclks, (uint8)tim
             -eouts->final_range_vcsel_period_pclks);
  508   1      }
  509          
  510          //-------------------------------------------------------------------------------------------------------
             -------------
  511          // å‡½æ•°ç®€ä»‹     æ‰§è¡Œå•æ¬¡å‚è€ƒæ ¡å‡†
  512          // å‚æ•°è¯´æ˜     vhv_init_byte   é¢„è®¾æ ¡å‡†å€¼
  513          // è¿”å›å‚æ•°     uint8 xdata           æ“ä½œæ˜¯å¦æˆåŠŸ 0-æˆåŠŸ 1-å¤±è´¥
  514          // ä½¿ç”¨ç¤ºä¾‹     dl1a_get_vcsel_pulse_period(DL1A_VCSEL_PERIOD_PER_RANGE);
  515          // å¤‡æ³¨ä¿¡æ¯     åœ¨ PCLKs ä¸­è·å–ç»™å®šå‘¨æœŸç±»å‹çš„ VCSEL è„‰å†²å‘¨æœŸ
  516          //-------------------------------------------------------------------------------------------------------
             -------------
  517          static uint8 dl1a_perform_single_ref_calibration (uint8 vhv_init_byte)
  518          {
  519   1          uint8 xdata return_state = 0;
  520   1          uint8 xdata data_buffer = 0;
  521   1          volatile uint16 loop_count = 0;
  522   1          do
  523   1          {
  524   2              dl1a_write_register(DL1A_SYSRANGE_START, 0x01 | vhv_init_byte);
  525   2              dl1a_read_registers(DL1A_MSRC_CONFIG_TIMEOUT_MACROP, &data_buffer, 1);
  526   2              while ((data_buffer & 0x07) == 0)
  527   2              {
  528   3                  if (loop_count > 0x8fe0)
  529   3                  {
  530   4                      return_state = 1;
  531   4                      break;
  532   4                  }
  533   3                  if (loop_count++ % 0x10 == 0)
  534   3                  {
  535   4                      dl1a_read_registers(DL1A_MSRC_CONFIG_TIMEOUT_MACROP, &data_buffer, 1);
  536   4                  }
  537   3              }
  538   2              if(return_state)
  539   2              {
  540   3                  break;
  541   3              }
  542   2              dl1a_write_register(DL1A_SYSTEM_INTERRUPT_CLEAR, 0x01);
C251 COMPILER V5.60.0,  SEEKFREE_DL1A                                                      08/04/24  13:47:31  PAGE 10  

  543   2              dl1a_write_register(DL1A_SYSRANGE_START, 0x00);
  544   2          }
  545   1          while(0);
  546   1          return return_state;
  547   1      }
  548          
  549          //-------------------------------------------------------------------------------------------------------
             -------------
  550          // å‡½æ•°ç®€ä»‹     è®¾ç½®æµ‹é‡å®šæ—¶é¢„ç®— (ä»¥å¾®ç§’ä¸ºå•ä½)
  551          // å‚æ•°è¯´æ˜     budget_us       è®¾å®šçš„æµ‹é‡å…è®¸çš„æ—¶é—´
  552          // è¿”å›å‚æ•°     uint8 xdata           æ“ä½œç»“æœ 0-æˆåŠŸ 1-å¤±è´¥
  553          // ä½¿ç”¨ç¤ºä¾‹     dl1a_set_measurement_timing_budget(measurement_timing_budget_us);
  554          // å¤‡æ³¨ä¿¡æ¯     è¿™æ˜¯ä¸€æ¬¡æµ‹é‡å…è®¸çš„æ—¶é—´
  555          //              å³åœ¨æµ‹è·åºåˆ—çš„å­æ­¥éª¤ä¹‹é—´åˆ†é…æ—¶é—´é¢„ç®—
  556          //              æ›´é•¿çš„æ—¶é—´é¢„ç®—å…è®¸æ›´ç²¾ç¡®çš„æµ‹é‡
  557          //              å¢åŠ ä¸€ä¸ªNå€çš„é¢„ç®—å¯ä»¥å‡å°‘ä¸€ä¸ªsqrt(N)å€çš„èŒƒå›´æµ‹é‡æ ‡å‡†åå·®
  558          //              é»˜è®¤ä¸º33æ¯«ç§’ æœ€å°å€¼ä¸º20 ms
  559          //-------------------------------------------------------------------------------------------------------
             -------------
  560          static uint8 dl1a_set_measurement_timing_budget (uint32 budget_us)
  561          {
  562   1          uint8 xdata return_state = 0;
  563   1          uint8 xdata data_buffer[3];
  564   1          uint16 xdata dat = 0;
  565   1          uint32 xdata used_budget_us;
  566   1          uint32 xdata final_range_timeout_us;
  567   1          uint16 xdata final_range_timeout_mclks;
  568   1          dl1a_sequence_enables_step_struct enables;
  569   1          dl1a_sequence_timeout_step_struct timeouts;
  570   1          do
  571   1          {
  572   2              if (budget_us < DL1A_MIN_TIMING_BUDGET)
  573   2              {
  574   3                  return_state = 1;
  575   3                  break;
  576   3              }
  577   2              used_budget_us = DL1A_SET_START_OVERHEAD + DL1A_END_OVERHEAD;
  578   2              dl1a_get_sequence_step_enables(&enables);
  579   2              dl1a_get_sequence_step_timeouts(&enables, &timeouts);
  580   2              if (enables.tcc)
  581   2              {
  582   3                  used_budget_us += (timeouts.msrc_dss_tcc_us + DL1A_TCC_OVERHEAD);
  583   3              }
  584   2              if (enables.dss)
  585   2              {
  586   3                  used_budget_us += 2 * (timeouts.msrc_dss_tcc_us + DL1A_DSS_OVERHEAD);
  587   3              }
  588   2              else if (enables.msrc)
  589   2              {
  590   3                  used_budget_us += (timeouts.msrc_dss_tcc_us + DL1A_MSRC_OVERHEAD);
  591   3              }
  592   2              if (enables.pre_range)
  593   2              {
  594   3                  used_budget_us += (timeouts.pre_range_us + DL1A_PRERANGE_OVERHEAD);
  595   3              }
  596   2              if (enables.final_range)
  597   2              {
  598   3                  // è¯·æ³¨æ„ æœ€ç»ˆèŒƒå›´è¶…æ—¶ç”±è®¡æ—¶é¢„ç®—å’Œåºåˆ—ä¸­æ‰€æœ‰å…¶ä»–è¶…æ—¶çš„æ€»å’Œå†³å®š
  599   3                  // å¦‚æœæ²¡æœ‰ç©ºé—´ç”¨äºæœ€ç»ˆèŒƒå›´è¶…æ—¶ åˆ™å°†è®¾ç½®é”™è¯¯
  600   3                  // å¦åˆ™ å‰©ä½™æ—¶é—´å°†åº”ç”¨äºæœ€ç»ˆèŒƒå›´
  601   3                  used_budget_us += DL1A_FINALlRANGE_OVERHEAD;
  602   3                  if (used_budget_us > budget_us)
  603   3                  {
  604   4                      // è¯·æ±‚çš„è¶…æ—¶å¤ªå¤§
  605   4                      return_state = 1;
  606   4                      break;
C251 COMPILER V5.60.0,  SEEKFREE_DL1A                                                      08/04/24  13:47:31  PAGE 11  

  607   4                  }
  608   3                  // å¯¹äºæœ€ç»ˆè¶…æ—¶èŒƒå›´ å¿…é¡»æ·»åŠ é¢„é‡ç¨‹èŒƒå›´è¶…æ—¶
  609   3                  // ä¸ºæ­¤ æœ€ç»ˆè¶…æ—¶å’Œé¢„é‡ç¨‹è¶…æ—¶å¿…é¡»ä»¥å®å‘¨æœŸ MClks è¡¨ç¤º
  610   3                  // å› ä¸ºå®ƒä»¬å…·æœ‰ä¸åŒçš„ VCSEL å‘¨æœŸ
  611   3                  final_range_timeout_us = budget_us - used_budget_us;
  612   3                  final_range_timeout_mclks =
  613   3                      dl1a_timeout_microseconds_to_mclks(final_range_timeout_us,
  614   3                                                         (uint8)timeouts.final_range_vcsel_period_pclks);
  615   3                  if (enables.pre_range)
  616   3                  {
  617   4                      final_range_timeout_mclks += timeouts.pre_range_mclks;
  618   4                  }
  619   3                  dat = dl1a_encode_timeout(final_range_timeout_mclks);
  620   3                  data_buffer[0] = DL1A_FINAL_RANGE_CONFIG_TIMEOUT_MACROP_HI;
  621   3                  data_buffer[1] = ((dat >> 8) & 0xFF);
  622   3                  data_buffer[2] = (dat & 0xFF);
  623   3                  dl1a_write_array(data_buffer, 3);
  624   3              }
  625   2          }
  626   1          while(0);
  627   1          return return_state;
  628   1      }
  629          
  630          //-------------------------------------------------------------------------------------------------------
             -------------
  631          // å‡½æ•°ç®€ä»‹     è·å–æµ‹é‡å®šæ—¶é¢„ç®— (ä»¥å¾®ç§’ä¸ºå•ä½)
  632          // å‚æ•°è¯´æ˜     void
  633          // è¿”å›å‚æ•°     uint32 xdata          å·²è®¾å®šçš„æµ‹é‡å…è®¸çš„æ—¶é—´
  634          // ä½¿ç”¨ç¤ºä¾‹     dl1a_get_measurement_timing_budget();
  635          // å¤‡æ³¨ä¿¡æ¯
  636          //-------------------------------------------------------------------------------------------------------
             -------------
  637          static uint32 dl1a_get_measurement_timing_budget (void)
  638          {
  639   1          dl1a_sequence_enables_step_struct enables;
  640   1          dl1a_sequence_timeout_step_struct timeouts;
  641   1          // å¼€å§‹å’Œç»“æŸå¼€é”€æ—¶é—´å§‹ç»ˆå­˜åœ¨
  642   1          uint32 xdata budget_us = DL1A_GET_START_OVERHEAD + DL1A_END_OVERHEAD;
  643   1          dl1a_get_sequence_step_enables(&enables);
  644   1          dl1a_get_sequence_step_timeouts(&enables, &timeouts);
  645   1          if (enables.tcc)
  646   1          {
  647   2              budget_us += (timeouts.msrc_dss_tcc_us + DL1A_TCC_OVERHEAD);
  648   2          }
  649   1          if (enables.dss)
  650   1          {
  651   2              budget_us += 2 * (timeouts.msrc_dss_tcc_us + DL1A_DSS_OVERHEAD);
  652   2          }
  653   1          else if (enables.msrc)
  654   1          {
  655   2              budget_us += (timeouts.msrc_dss_tcc_us + DL1A_MSRC_OVERHEAD);
  656   2          }
  657   1          if (enables.pre_range)
  658   1          {
  659   2              budget_us += (timeouts.pre_range_us + DL1A_PRERANGE_OVERHEAD);
  660   2          }
  661   1          if (enables.final_range)
  662   1          {
  663   2              budget_us += (timeouts.final_range_us + DL1A_FINALlRANGE_OVERHEAD);
  664   2          }
  665   1          return budget_us;
  666   1      }
  667          
  668          //-------------------------------------------------------------------------------------------------------
             -------------
  669          // å‡½æ•°ç®€ä»‹     è®¾ç½®è¿”å›ä¿¡å·é€Ÿç‡é™åˆ¶ è¯¥å€¼å•ä½ä¸º MCPS (ç™¾ä¸‡æ¬¡æ¯ç§’)
C251 COMPILER V5.60.0,  SEEKFREE_DL1A                                                      08/04/24  13:47:31  PAGE 12  

  670          // å‚æ•°è¯´æ˜     limit_mcps      è®¾ç½®çš„æœ€å°é€Ÿç‡
  671          // è¿”å›å‚æ•°     void
  672          // ä½¿ç”¨ç¤ºä¾‹     dl1a_set_signal_rate_limit(0.25);
  673          // å¤‡æ³¨ä¿¡æ¯     è¿™ä¸ªé€Ÿç‡è¡¨ç¤ºä»ç›®æ ‡åå°„å¹¶è¢«è®¾å¤‡æ£€æµ‹åˆ°çš„ä¿¡å·çš„æŒ¯å¹…
  674          //              è®¾ç½®æ­¤é™åˆ¶å¯ä»¥ç¡®å®šä¼ æ„Ÿå™¨æŠ¥å‘Šæœ‰æ•ˆè¯»æ•°æ‰€éœ€çš„æœ€å°æµ‹é‡å€¼
  675          //              è®¾ç½®ä¸€ä¸ªè¾ƒä½çš„é™åˆ¶å¯ä»¥å¢åŠ ä¼ æ„Ÿå™¨çš„æµ‹é‡èŒƒå›´
  676          //              ä½†ä¼¼ä¹ä¹Ÿå¢åŠ äº† <ç”±äºæ¥è‡ªç›®æ ‡ä»¥å¤–çš„ç‰©ä½“çš„ä¸éœ€è¦çš„åå°„å¯¼è‡´> å¾—å
             -ˆ°ä¸å‡†ç¡®è¯»æ•°çš„å¯èƒ½æ€§
  677          //              é»˜è®¤ä¸º 0.25 MCPS å¯é¢„è®¾èŒƒå›´ä¸º 0 - 511.99
  678          //-------------------------------------------------------------------------------------------------------
             -------------
  679          static void dl1a_set_signal_rate_limit (float limit_mcps)
  680          {
  681   1          uint8 xdata data_buffer[3];
  682   1          uint16 xdata limit_mcps_16bit = (limit_mcps * (1 << 7));
  683   1          //zf_assert(limit_mcps >= 0 || limit_mcps <= 511.99);
  684   1          data_buffer[0] = DL1A_FINAL_RANGE_CONFIG_MIN_COUNT_RATE_RTN_LIMIT;
  685   1          data_buffer[1] = ((limit_mcps_16bit >> 8) & 0xFF);
  686   1          data_buffer[2] = (limit_mcps_16bit & 0xFF);
  687   1          dl1a_write_array(data_buffer, 3);
  688   1      }
  689          
  690          //-------------------------------------------------------------------------------------------------------
             -------------
  691          // å‡½æ•°ç®€ä»‹     è¿”å›ä»¥æ¯«ç±³ä¸ºå•ä½çš„èŒƒå›´è¯»æ•°
  692          // å‚æ•°è¯´æ˜     void
  693          // è¿”å›å‚æ•°     uint8 xdata           0-æ•°æ®æ— æ•ˆ 1-æ•°æ®æœ‰æ•ˆ
  694          // ä½¿ç”¨ç¤ºä¾‹     dl1a_get_distance();
  695          // å¤‡æ³¨ä¿¡æ¯     åœ¨å¼€å§‹å•æ¬¡å°„ç¨‹æµ‹é‡åä¹Ÿè°ƒç”¨æ­¤å‡½æ•°
  696          //-------------------------------------------------------------------------------------------------------
             -------------
  697          void dl1a_get_distance (void)
  698          {
  699   1          uint8 xdata reg_databuffer[3];
  700   1          dl1a_read_registers_1(DL1A_RESULT_INTERRUPT_STATUS, reg_databuffer, 1);
  701   1          if((reg_databuffer[0] & 0x07) == 0)
  702   1          {
  703   2              dl1a_finsh_flag = 0;
  704   2          }
  705   1          else
  706   1          {
  707   2              // å‡è®¾çº¿æ€§åº¦æ ¡æ­£å¢ç›Šä¸ºé»˜è®¤å€¼ 1000 ä¸”æœªå¯ç”¨åˆ†æ•°èŒƒå›´
  708   2              dl1a_read_registers_1(DL1A_RESULT_RANGE_STATUS + 10, reg_databuffer, 2);
  709   2              dl1a_distance_mm = ((uint16)reg_databuffer[0] << 8);
  710   2              dl1a_distance_mm |= reg_databuffer[1];
  711   2              dl1a_write_register(DL1A_SYSTEM_INTERRUPT_CLEAR, 0x01);
  712   2              dl1a_finsh_flag = 1;
  713   2          }
  714   1      }
  715          
  716          //-------------------------------------------------------------------------------------------------------
             -------------
  717          // å‡½æ•°ç®€ä»‹     åˆå§‹åŒ– DL1A
  718          // å‚æ•°è¯´æ˜     void
  719          // è¿”å›å‚æ•°     uint8 xdata           1-åˆå§‹åŒ–å¤±è´¥ 0-åˆå§‹åŒ–æˆåŠŸ
  720          // ä½¿ç”¨ç¤ºä¾‹     dl1a_init();
  721          // å¤‡æ³¨ä¿¡æ¯
  722          //-------------------------------------------------------------------------------------------------------
             -------------
  723          uint8 dl1a_init (void)
  724          {
  725   1          uint32 xdata measurement_timing_budget_us = 0;
  726   1          uint8 xdata stop_variable = 0;
  727   1          uint8 xdata return_state = 0;
  728   1          uint8 xdata reg_data_buffer = 0;
  729   1          uint8 xdata ref_spad_map[6];
C251 COMPILER V5.60.0,  SEEKFREE_DL1A                                                      08/04/24  13:47:31  PAGE 13  

  730   1          uint8 xdata data_buffer[7];
  731   1          uint8 xdata i = 0;
  732   1          memset(ref_spad_map, 0, 6);
  733   1          memset(data_buffer, 0, 7);
  734   1          do
  735   1          {
  736   2              delay_ms(100);
  737   2              DL1A_XSHUT_PIN = 0;
  738   2              delay_ms(50);
  739   2              DL1A_XSHUT_PIN = 1;
  740   2              delay_ms(100);
  741   2              // -------------------------------- DL1A å¯åŠ¨åˆå§‹åŒ– --------------------------------
  742   2              reg_data_buffer = dl1a_read_register(DL1A_IO_VOLTAGE_CONFIG);         // ä¼ æ„Ÿå™¨é»˜è®¤ IO ä¸º 1
             -.8V æ¨¡å¼
  743   2              dl1a_write_register(DL1A_IO_VOLTAGE_CONFIG, reg_data_buffer | 0x01);  // é…ç½® IO ä¸º 2.8V æ¨¡å¼
             -
  744   2              dl1a_write_register(0x88, 0x00);                                         // è®¾ç½®ä¸ºæ ‡å‡† IIC æ
             -¨¡å¼
  745   2              dl1a_write_register(0x80, 0x01);
  746   2              dl1a_write_register(0xFF, 0x01);
  747   2              dl1a_write_register(0x00, 0x00);
  748   2              dl1a_read_registers(0x91, &stop_variable, 1);
  749   2              dl1a_write_register(0x00, 0x01);
  750   2              dl1a_write_register(0xFF, 0x00);
  751   2              dl1a_write_register(0x80, 0x00);
  752   2              // ç¦ç”¨ SIGNAL_RATE_MSRC(bit1) å’Œ SIGNAL_RATE_PRE_RANGE(bit4) é™åˆ¶æ£€æŸ¥
  753   2              reg_data_buffer = dl1a_read_register(DL1A_MSRC_CONFIG);
  754   2              dl1a_write_register(DL1A_MSRC_CONFIG, reg_data_buffer | 0x12);
  755   2              dl1a_set_signal_rate_limit(DL1A_DEFAULT_RATE_LIMIT);                  // è®¾ç½®ä¿¡å·é€Ÿç‡é™åˆ¶
  756   2              dl1a_write_register(DL1A_SYSTEM_SEQUENCE_CONFIG, 0xFF);
  757   2              // -------------------------------- DL1A å¯åŠ¨åˆå§‹åŒ– --------------------------------
  758   2              // -------------------------------- DL1A é…ç½®åˆå§‹åŒ– --------------------------------
  759   2              if (dl1a_get_spad_info(&data_buffer[0], &data_buffer[1]))
  760   2              {
  761   3                  return_state = 1;
  762   3                  // å¦‚æœç¨‹åºåœ¨è¾“å‡ºäº†æ–­è¨€ä¿¡æ¯ å¹¶ä¸”æç¤ºå‡ºé”™ä½ç½®åœ¨è¿™é‡Œ
  763   3                  // é‚£ä¹ˆå°±æ˜¯ dl1a è‡ªæ£€å‡ºé”™å¹¶è¶…æ—¶é€€å‡ºäº†
  764   3                  // æ£€æŸ¥ä¸€ä¸‹æ¥çº¿æœ‰æ²¡æœ‰é—®é¢˜ å¦‚æœæ²¡é—®é¢˜å¯èƒ½å°±æ˜¯åäº†
  765   3                  printf("dl1a init error.\r\n");
  766   3                  break;
  767   3              }
  768   2              // ä» GLOBAL_CONFIG_SPAD_ENABLES_REF_[0-6] è·å– SPAD map (RefGoodSpadMap) æ•°æ®
  769   2              dl1a_read_registers(DL1A_GLOBAL_CONFIG_SPAD_ENABLES_REF_0, ref_spad_map, 6);
  770   2              dl1a_write_register(0xFF, 0x01);
  771   2              dl1a_write_register(DL1A_DYNAMIC_SPAD_REF_EN_START_OFFSET, 0x00);
  772   2              dl1a_write_register(DL1A_DYNAMIC_SPAD_NUM_REQUESTED_REF_SPAD, 0x2C);
  773   2              dl1a_write_register(0xFF, 0x00);
  774   2              dl1a_write_register(DL1A_GLOBAL_CONFIG_REF_EN_START_SELECT, 0xB4);
  775   2              data_buffer[2] = data_buffer[1] ? 12 : 0; // 12 is the first aperture spad
  776   2              for (i = 0; i < 48; i++)
  777   2              {
  778   3                  if (i < data_buffer[2] || data_buffer[3] == data_buffer[0])
  779   3                  {
  780   4                      // æ­¤ä½ä½äºåº”å¯ç”¨çš„ç¬¬ä¸€ä¸ªä½
  781   4                      // æˆ–è€… (eference_spad_count) ä½å·²å¯ç”¨
  782   4                      // å› æ­¤æ­¤ä½ä¸ºé›¶
  783   4                      ref_spad_map[i / 8] &= ~(1 << (i % 8));
  784   4                  }
  785   3                  else if ((ref_spad_map[i / 8] >> (i % 8)) & 0x1)
  786   3                  {
  787   4                      data_buffer[3]++;
  788   4                  }
  789   3              }
  790   2              data_buffer[0] = DL1A_GLOBAL_CONFIG_SPAD_ENABLES_REF_0;
  791   2              for(i = 1; i < 7; i++)
  792   2              {
C251 COMPILER V5.60.0,  SEEKFREE_DL1A                                                      08/04/24  13:47:31  PAGE 14  

  793   3                  data_buffer[1] = ref_spad_map[i-1];
  794   3              }
  795   2              dl1a_write_array(data_buffer, 7);
  796   2              // é»˜è®¤è½¬æ¢è®¾ç½® version 02/11/2015_v36
  797   2              dl1a_write_register(0xFF, 0x01);
  798   2              dl1a_write_register(0x00, 0x00);
  799   2              dl1a_write_register(0xFF, 0x00);
  800   2              dl1a_write_register(0x09, 0x00);
  801   2              dl1a_write_register(0x10, 0x00);
  802   2              dl1a_write_register(0x11, 0x00);
  803   2              dl1a_write_register(0x24, 0x01);
  804   2              dl1a_write_register(0x25, 0xFF);
  805   2              dl1a_write_register(0x75, 0x00);
  806   2              dl1a_write_register(0xFF, 0x01);
  807   2              dl1a_write_register(0x4E, 0x2C);
  808   2              dl1a_write_register(0x48, 0x00);
  809   2              dl1a_write_register(0x30, 0x20);
  810   2              dl1a_write_register(0xFF, 0x00);
  811   2              dl1a_write_register(0x30, 0x09);
  812   2              dl1a_write_register(0x54, 0x00);
  813   2              dl1a_write_register(0x31, 0x04);
  814   2              dl1a_write_register(0x32, 0x03);
  815   2              dl1a_write_register(0x40, 0x83);
  816   2              dl1a_write_register(0x46, 0x25);
  817   2              dl1a_write_register(0x60, 0x00);
  818   2              dl1a_write_register(0x27, 0x00);
  819   2              dl1a_write_register(0x50, 0x06);
  820   2              dl1a_write_register(0x51, 0x00);
  821   2              dl1a_write_register(0x52, 0x96);
  822   2              dl1a_write_register(0x56, 0x08);
  823   2              dl1a_write_register(0x57, 0x30);
  824   2              dl1a_write_register(0x61, 0x00);
  825   2              dl1a_write_register(0x62, 0x00);
  826   2              dl1a_write_register(0x64, 0x00);
  827   2              dl1a_write_register(0x65, 0x00);
  828   2              dl1a_write_register(0x66, 0xA0);
  829   2              dl1a_write_register(0xFF, 0x01);
  830   2              dl1a_write_register(0x22, 0x32);
  831   2              dl1a_write_register(0x47, 0x14);
  832   2              dl1a_write_register(0x49, 0xFF);
  833   2              dl1a_write_register(0x4A, 0x00);
  834   2              dl1a_write_register(0xFF, 0x00);
  835   2              dl1a_write_register(0x7A, 0x0A);
  836   2              dl1a_write_register(0x7B, 0x00);
  837   2              dl1a_write_register(0x78, 0x21);
  838   2              dl1a_write_register(0xFF, 0x01);
  839   2              dl1a_write_register(0x23, 0x34);
  840   2              dl1a_write_register(0x42, 0x00);
  841   2              dl1a_write_register(0x44, 0xFF);
  842   2              dl1a_write_register(0x45, 0x26);
  843   2              dl1a_write_register(0x46, 0x05);
  844   2              dl1a_write_register(0x40, 0x40);
  845   2              dl1a_write_register(0x0E, 0x06);
  846   2              dl1a_write_register(0x20, 0x1A);
  847   2              dl1a_write_register(0x43, 0x40);
  848   2              dl1a_write_register(0xFF, 0x00);
  849   2              dl1a_write_register(0x34, 0x03);
  850   2              dl1a_write_register(0x35, 0x44);
  851   2              dl1a_write_register(0xFF, 0x01);
  852   2              dl1a_write_register(0x31, 0x04);
  853   2              dl1a_write_register(0x4B, 0x09);
  854   2              dl1a_write_register(0x4C, 0x05);
  855   2              dl1a_write_register(0x4D, 0x04);
  856   2              dl1a_write_register(0xFF, 0x00);
  857   2              dl1a_write_register(0x44, 0x00);
  858   2              dl1a_write_register(0x45, 0x20);
C251 COMPILER V5.60.0,  SEEKFREE_DL1A                                                      08/04/24  13:47:31  PAGE 15  

  859   2              dl1a_write_register(0x47, 0x08);
  860   2              dl1a_write_register(0x48, 0x28);
  861   2              dl1a_write_register(0x67, 0x00);
  862   2              dl1a_write_register(0x70, 0x04);
  863   2              dl1a_write_register(0x71, 0x01);
  864   2              dl1a_write_register(0x72, 0xFE);
  865   2              dl1a_write_register(0x76, 0x00);
  866   2              dl1a_write_register(0x77, 0x00);
  867   2              dl1a_write_register(0xFF, 0x01);
  868   2              dl1a_write_register(0x0D, 0x01);
  869   2              dl1a_write_register(0xFF, 0x00);
  870   2              dl1a_write_register(0x80, 0x01);
  871   2              dl1a_write_register(0x01, 0xF8);
  872   2              dl1a_write_register(0xFF, 0x01);
  873   2              dl1a_write_register(0x8E, 0x01);
  874   2              dl1a_write_register(0x00, 0x01);
  875   2              dl1a_write_register(0xFF, 0x00);
  876   2              dl1a_write_register(0x80, 0x00);
  877   2              // å°†ä¸­æ–­é…ç½®è®¾ç½®ä¸ºæ–°æ ·å“å°±ç»ª
  878   2              dl1a_write_register(DL1A_SYSTEM_INTERRUPT_GPIO_CONFIG, 0x04);
  879   2              reg_data_buffer = dl1a_read_register(DL1A_GPIO_HV_MUX_ACTIVE_HIGH);
  880   2              dl1a_write_register(DL1A_GPIO_HV_MUX_ACTIVE_HIGH, reg_data_buffer & ~0x10);
  881   2              dl1a_write_register(DL1A_SYSTEM_INTERRUPT_CLEAR, 0x01);
  882   2              measurement_timing_budget_us  = dl1a_get_measurement_timing_budget();
  883   2              // é»˜è®¤æƒ…å†µä¸‹ç¦ç”¨ MSRC å’Œ TCC
  884   2              // MSRC = Minimum Signal Rate Check
  885   2              // TCC = Target CentreCheck
  886   2              dl1a_write_register(DL1A_SYSTEM_SEQUENCE_CONFIG, 0xE8);
  887   2              dl1a_set_measurement_timing_budget(measurement_timing_budget_us);    // é‡æ–°è®¡ç®—æ—¶åºé¢„ç®—
  888   2              // -------------------------------- DL1A é…ç½®åˆå§‹åŒ– --------------------------------
  889   2              dl1a_write_register(DL1A_SYSTEM_SEQUENCE_CONFIG, 0x01);
  890   2              if (dl1a_perform_single_ref_calibration(0x40))
  891   2              {
  892   3                  return_state = 1;
  893   3                  break;
  894   3              }
  895   2              dl1a_write_register(DL1A_SYSTEM_SEQUENCE_CONFIG, 0x02);
  896   2              if (dl1a_perform_single_ref_calibration(0x00))
  897   2              {
  898   3                  return_state = 1;
  899   3                  break;
  900   3              }
  901   2              dl1a_write_register(DL1A_SYSTEM_SEQUENCE_CONFIG, 0xE8);           // æ¢å¤ä»¥å‰çš„åºåˆ—é…ç½®
  902   2              delay_ms(100);
  903   2              dl1a_write_register(0x80, 0x01);
  904   2              dl1a_write_register(0xFF, 0x01);
  905   2              dl1a_write_register(0x00, 0x00);
  906   2              dl1a_write_register(0x91, stop_variable);
  907   2              dl1a_write_register(0x00, 0x01);
  908   2              dl1a_write_register(0xFF, 0x00);
  909   2              dl1a_write_register(0x80, 0x00);
  910   2              dl1a_write_register(DL1A_SYSRANGE_START, 0x02);
  911   2          }
  912   1          while(0);
  913   1          return return_state;
  914   1      }
  915          


Module Information          Static   Overlayable
------------------------------------------------
  code size            =      5037     ------
  ecode size           =    ------     ------
  data size            =    ------     ------
  idata size           =    ------     ------
  pdata size           =    ------     ------
  xdata size           =        81     ------
C251 COMPILER V5.60.0,  SEEKFREE_DL1A                                                      08/04/24  13:47:31  PAGE 16  

  xdata-const size     =    ------     ------
  edata size           =       141     ------
  bit size             =    ------     ------
  ebit size            =    ------     ------
  bitaddressable size  =    ------     ------
  ebitaddressable size =    ------     ------
  far data size        =    ------     ------
  huge data size       =    ------     ------
  const size           =    ------     ------
  hconst size          =        19     ------
End of Module Information.


C251 COMPILATION COMPLETE.  0 WARNING(S),  0 ERROR(S)
