C251 COMPILER V5.60.0,  SEEKFREE_IMU963RA                                                  08/04/24  13:47:32  PAGE 1   


C251 COMPILER V5.60.0, COMPILATION OF MODULE SEEKFREE_IMU963RA
OBJECT MODULE PLACED IN .\Out_File\SEEKFREE_IMU963RA.obj
COMPILER INVOKED BY: C:\Keil_v5\C251\BIN\C251.EXE ..\..\Libraries\seekfree_peripheral\SEEKFREE_IMU963RA.c XSMALL INTR2 W
                    -ARNINGLEVEL(3) OPTIMIZE(0,SPEED) BROWSE INCDIR(..\..\Libraries\libraries;..\..\Libraries\seekfree_libraries;..\..\Librar
                    -ies\seekfree_peripheral;..\CODE;..\USER\inc;..\USER\src;..\..\Libraries\seekfree_components) DEBUG PRINT(.\Out_File\SEEK
                    -FREE_IMU963RA.lst) TABS(2) OBJECT(.\Out_File\SEEKFREE_IMU963RA.obj) 

stmt  level    source

    1          /********************************************************************************************************
             -*************
    2           * COPYRIGHT NOTICE
    3           * Copyright (c) 2018,é€é£ç§‘æŠ€
    4           * All rights reserved.
    5           * æŠ€æœ¯è®¨è®ºQQç¾¤ï¼šä¸€ç¾¤ï¼š179029047(å·²æ»¡)  äºŒç¾¤ï¼š244861897
    6           *
    7           * ä»¥ä¸‹æ‰€æœ‰å†…å®¹ç‰ˆæƒå‡å±é€é£ç§‘æŠ€æ‰€æœ‰ï¼Œæœªç»å…è®¸ä¸å¾—ç”¨äºå•†ä¸šç”¨é€”ï¼Œ
    8           * æ¬¢è¿å„ä½ä½¿ç”¨å¹¶ä¼ æ’­æœ¬ç¨‹åºï¼Œä¿®æ”¹å†…å®¹æ—¶å¿…é¡»ä¿ç•™é€é£ç§‘æŠ€çš„ç‰ˆæƒå£°æ˜ã€‚
    9           *
   10           * @file          IMU963RA
   11           * @company       æˆéƒ½é€é£ç§‘æŠ€æœ‰é™å…¬å¸
   12           * @author        é€é£ç§‘æŠ€(QQ3184284598)
   13           * @version       æŸ¥çœ‹docå†…versionæ–‡ä»¶ ç‰ˆæœ¬è¯´æ˜
   14           * @Software    MDK FOR C251 V5.60
   15           * @Target core   STC32G12K128
   16           * @Taobao      https://seekfree.taobao.com/
   17           * @date          2019-04-30
   18           * @note
   19           * æ¥çº¿å®šä¹‰ï¼š
   20           *                   ------------------------------------
   21           *                   æ¨¡å—ç®¡è„š            å•ç‰‡æœºç®¡è„š
   22           *                   // ç¡¬ä»¶ SPI å¼•è„š
   23           *                   SCL/SPC             æŸ¥çœ‹ SEEKFREE_IMU963RA.h ä¸­ IMU963RA_SPC_PIN å®å®šä¹‰
   24           *                   SDA/DSI             æŸ¥çœ‹ SEEKFREE_IMU963RA.h ä¸­ IMU963RA_SDI_PIN å®å®šä¹‰
   25           *                   SA0/SDO             æŸ¥çœ‹ SEEKFREE_IMU963RA.h ä¸­ IMU963RA_SDO_PIN å®å®šä¹‰
   26           *                   CS                  æŸ¥çœ‹ SEEKFREE_IMU963RA.h ä¸­ IMU963RA_CS_PIN  å®å®šä¹‰
   27           *                   VCC                 3.3Vç”µæº
   28           *                   GND                 ç”µæºåœ°
   29           *                   å…¶ä½™å¼•è„šæ‚¬ç©º
   30           *
   31           *                   // è½¯ä»¶ IIC å¼•è„š
   32           *                   SCL/SPC             æŸ¥çœ‹ SEEKFREE_IMU963RA.h ä¸­ IMU963RA_SCL_PIN å®å®šä¹‰
   33           *                   SDA/DSI             æŸ¥çœ‹ SEEKFREE_IMU963RA.h ä¸­ IMU963RA_SDA_PIN å®å®šä¹‰
   34           *                   VCC                 3.3Vç”µæº
   35           *                   GND                 ç”µæºåœ°
   36           *                   å…¶ä½™å¼•è„šæ‚¬ç©º
   37           *                   ------------------------------------
   38          *********************************************************************************************************
             -***********/
   39          
   40          #include "SEEKFREE_IMU963RA.h"
   41          
   42          #include "zf_delay.h"
   43          #include "zf_spi.h"
   44          
   45          
   46          
   47          #pragma warning disable = 177
   48          #pragma warning disable = 183
   49          
   50          
   51          int16 imu963ra_gyro_x = 0, imu963ra_gyro_y = 0, imu963ra_gyro_z = 0;
   52          int16 imu963ra_acc_x = 0,  imu963ra_acc_y = 0,  imu963ra_acc_z = 0;
   53          int16 imu963ra_mag_x = 0,  imu963ra_mag_y = 0,  imu963ra_mag_z = 0;
   54          
C251 COMPILER V5.60.0,  SEEKFREE_IMU963RA                                                  08/04/24  13:47:32  PAGE 2   

   55          #if IMU963RA_USE_SOFT_IIC
               
               
               #define GET_IMU963RA_SDA        IMU963RA_SDA_PIN
               #define IMU963RA_SDA_LOW()          IMU963RA_SDA_PIN = 0    //IOå£è¾“å‡ºä½ç”µå¹³
               #define IMU963RA_SDA_HIGH()         IMU963RA_SDA_PIN = 1    //IOå£è¾“å‡ºé«˜ç”µå¹³
               
               #define IMU963RA_SCL_LOW()          IMU963RA_SCL_PIN = 0    //IOå£è¾“å‡ºä½ç”µå¹³
               #define IMU963RA_SCL_HIGH()         IMU963RA_SCL_PIN = 1    //IOå£è¾“å‡ºé«˜ç”µå¹³
               
               #define ack 1      //ä¸»åº”ç­”
               #define no_ack 0   //ä»åº”ç­”  
               
               //-------------------------------------------------------------------------------------------------------
             -------------
               //  @brief      æ¨¡æ‹ŸIICå»¶æ—¶
               //  @return     void
               //  @since      v1.0
               //  Sample usage:       å¦‚æœIICé€šè®¯å¤±è´¥å¯ä»¥å°è¯•å¢åŠ jçš„å€¼
               //-------------------------------------------------------------------------------------------------------
             -------------
               static void imu963ra_simiic_delay(void)
               {
                   uint16 xdata j=IMU963RA_SOFT_IIC_DELAY;
                   while(j--);
               }
               
               //å†…éƒ¨ä½¿ç”¨ï¼Œç”¨æˆ·æ— éœ€è°ƒç”¨
               static void imu963ra_simiic_start(void)
               {
                   IMU963RA_SDA_HIGH();
                   IMU963RA_SCL_HIGH();
                   imu963ra_simiic_delay();
                   IMU963RA_SDA_LOW();
                   imu963ra_simiic_delay();
                   IMU963RA_SCL_LOW();
               }
               
               //å†…éƒ¨ä½¿ç”¨ï¼Œç”¨æˆ·æ— éœ€è°ƒç”¨
               static void imu963ra_simiic_stop(void)
               {
                   IMU963RA_SDA_LOW();
                   IMU963RA_SCL_LOW();
                   imu963ra_simiic_delay();
                   IMU963RA_SCL_HIGH();
                   imu963ra_simiic_delay();
                   IMU963RA_SDA_HIGH();
                   imu963ra_simiic_delay();
               }
               
               //ä¸»åº”ç­”(åŒ…å«ack:SDA=0å’Œno_ack:SDA=0)
               //å†…éƒ¨ä½¿ç”¨ï¼Œç”¨æˆ·æ— éœ€è°ƒç”¨
               static void imu963ra_simiic_sendack(unsigned char ack_dat)
               {
                   IMU963RA_SCL_LOW();
                   imu963ra_simiic_delay();
                   if(ack_dat) IMU963RA_SDA_LOW();
                   else      IMU963RA_SDA_HIGH();
                   IMU963RA_SCL_HIGH();
                   imu963ra_simiic_delay();
                   IMU963RA_SCL_LOW();
                   imu963ra_simiic_delay();
               }
               
               
               static int imu963ra_sccb_waitack(void)
C251 COMPILER V5.60.0,  SEEKFREE_IMU963RA                                                  08/04/24  13:47:32  PAGE 3   

               {
                   IMU963RA_SCL_LOW();
                   imu963ra_simiic_delay();
                   IMU963RA_SCL_HIGH();
                   imu963ra_simiic_delay();
                   if(GET_IMU963RA_SDA)           //åº”ç­”ä¸ºé«˜ç”µå¹³ï¼Œå¼‚å¸¸ï¼Œé€šä¿¡å¤±è´¥
                   {
                       IMU963RA_SCL_LOW();
                       return 0;
                   }
                   IMU963RA_SCL_LOW();
                   imu963ra_simiic_delay();
                   return 1;
               }
               
               //å­—èŠ‚å‘é€ç¨‹åº
               //å‘é€c(å¯ä»¥æ˜¯æ•°æ®ä¹Ÿå¯æ˜¯åœ°å€)ï¼Œé€å®Œåæ¥æ”¶ä»åº”ç­”
               //ä¸è€ƒè™‘ä»åº”ç­”ä½
               //å†…éƒ¨ä½¿ç”¨ï¼Œç”¨æˆ·æ— éœ€è°ƒç”¨
               static void imu963ra_send_ch(uint8 c)
               {
                   uint8 xdata i = 8;
                   while(i--)
                   {
                       if(c & 0x80)  IMU963RA_SDA_HIGH();//SDA è¾“å‡ºæ•°æ®
                       else      IMU963RA_SDA_LOW();
                       c <<= 1;
                       imu963ra_simiic_delay();
                       IMU963RA_SCL_HIGH();                //SCL æ‹‰é«˜ï¼Œé‡‡é›†ä¿¡å·
                       imu963ra_simiic_delay();
                       IMU963RA_SCL_LOW();                //SCL æ—¶é’Ÿçº¿æ‹‰ä½
                   }
                   imu963ra_sccb_waitack();
               }
               
               
               //å­—èŠ‚æ¥æ”¶ç¨‹åº
               //æ¥æ”¶å™¨ä»¶ä¼ æ¥çš„æ•°æ®ï¼Œæ­¤ç¨‹åºåº”é…åˆ|ä¸»åº”ç­”å‡½æ•°|ä½¿ç”¨
               //å†…éƒ¨ä½¿ç”¨ï¼Œç”¨æˆ·æ— éœ€è°ƒç”¨
               static uint8 imu963ra_read_ch(uint8 ack_x)
               {
                   uint8 xdata i;
                   uint8 xdata c;
                   c=0;
                   IMU963RA_SCL_LOW();
                   imu963ra_simiic_delay();
                   IMU963RA_SDA_HIGH();
                   for(i=0; i<8; i++)
                   {
                       imu963ra_simiic_delay();
                       IMU963RA_SCL_LOW();         //ç½®æ—¶é’Ÿçº¿ä¸ºä½ï¼Œå‡†å¤‡æ¥æ”¶æ•°æ®ä½
                       imu963ra_simiic_delay();
                       IMU963RA_SCL_HIGH();         //ç½®æ—¶é’Ÿçº¿ä¸ºé«˜ï¼Œä½¿æ•°æ®çº¿ä¸Šæ•°æ®æœ‰æ•ˆ
                       imu963ra_simiic_delay();
                       c<<=1;
                       if(GET_IMU963RA_SDA)
                       {
                           c+=1;   //è¯»æ•°æ®ä½ï¼Œå°†æ¥æ”¶çš„æ•°æ®å­˜c
                       }
                   }
                   IMU963RA_SCL_LOW();
                   imu963ra_simiic_delay();
                   imu963ra_simiic_sendack(ack_x);
                   return c;
               }
               
C251 COMPILER V5.60.0,  SEEKFREE_IMU963RA                                                  08/04/24  13:47:32  PAGE 4   

               
               //-------------------------------------------------------------------------------------------------------
             -------------
               //  @brief      æ¨¡æ‹ŸIICå†™æ•°æ®åˆ°è®¾å¤‡å¯„å­˜å™¨å‡½æ•°
               //  @param      dev_add     è®¾å¤‡åœ°å€(ä½ä¸ƒä½åœ°å€)
               //  @param      reg       å¯„å­˜å™¨åœ°å€
               //  @param      dat       å†™å…¥çš„æ•°æ®
               //  @return     void
               //  @since      v1.0
               //  Sample usage:
               //-------------------------------------------------------------------------------------------------------
             -------------
               static void imu963ra_simiic_write_reg(uint8 dev_add, uint8 reg, uint8 dat)
               {
                   imu963ra_simiic_start();
                   imu963ra_send_ch( (dev_add<<1) | 0x00);   //å‘é€å™¨ä»¶åœ°å€åŠ å†™ä½
                   imu963ra_send_ch( reg );           //å‘é€ä»æœºå¯„å­˜å™¨åœ°å€
                   imu963ra_send_ch( dat );           //å‘é€éœ€è¦å†™å…¥çš„æ•°æ®
                   imu963ra_simiic_stop();
               }
               
               
               
               
               //-------------------------------------------------------------------------------------------------------
             -------------
               //  @brief      æ¨¡æ‹ŸIICä»è®¾å¤‡å¯„å­˜å™¨è¯»å–æ•°æ®
               //  @param      dev_add     è®¾å¤‡åœ°å€(ä½ä¸ƒä½åœ°å€)
               //  @param      reg       å¯„å­˜å™¨åœ°å€
               //  @param      type      é€‰æ‹©é€šä¿¡æ–¹å¼æ˜¯IIC  è¿˜æ˜¯ SCCB
               //  @return     uint8 xdata     è¿”å›å¯„å­˜å™¨çš„æ•°æ®
               //  @since      v1.0
               //  Sample usage:
               //-------------------------------------------------------------------------------------------------------
             -------------
               //static uint8 imu963ra_simiic_read_reg(uint8 dev_add, uint8 reg)
               //{
               //  uint8 dat;
               //  imu963ra_simiic_start();
               //    imu963ra_send_ch( (dev_add<<1) | 0x00);  //å‘é€å™¨ä»¶åœ°å€åŠ å†™ä½
               //  imu963ra_send_ch( reg );          //å‘é€ä»æœºå¯„å­˜å™¨åœ°å€
               
               //
               //  imu963ra_simiic_start();
               //  imu963ra_send_ch( (dev_add<<1) | 0x01);  //å‘é€å™¨ä»¶åœ°å€åŠ è¯»ä½
               //  dat = imu963ra_read_ch(no_ack);           //è¯»å–æ•°æ®
               //  imu963ra_simiic_stop();
               //
               //  return dat;
               //}
               
               
               //-------------------------------------------------------------------------------------------------------
             -------------
               //  @brief      æ¨¡æ‹ŸIICä»è®¾å¤‡å¯„å­˜å™¨è¯»å–æ•°æ®
               //  @param      dev_add     è®¾å¤‡åœ°å€(ä½ä¸ƒä½åœ°å€)
               //  @param      reg       å¯„å­˜å™¨åœ°å€
               //  @return     uint8 xdata     è¿”å›å¯„å­˜å™¨çš„æ•°æ®
               //  @since      v1.0
               //  Sample usage:
               //-------------------------------------------------------------------------------------------------------
             -------------
               static uint8 imu963ra_simiic_sccb_read_reg(uint8 dev_add, uint8 reg)
               {
                   uint8 xdata dat;
                   imu963ra_simiic_start();
C251 COMPILER V5.60.0,  SEEKFREE_IMU963RA                                                  08/04/24  13:47:32  PAGE 5   

                   imu963ra_send_ch( (dev_add<<1) | 0x00);  //å‘é€å™¨ä»¶åœ°å€åŠ å†™ä½
                   imu963ra_send_ch( reg );          //å‘é€ä»æœºå¯„å­˜å™¨åœ°å€
                   imu963ra_simiic_stop();
                   imu963ra_simiic_start();
                   imu963ra_send_ch( (dev_add<<1) | 0x01);  //å‘é€å™¨ä»¶åœ°å€åŠ è¯»ä½
                   dat = imu963ra_read_ch(no_ack);           //è¯»å–æ•°æ®
                   imu963ra_simiic_stop();
                   return dat;
               }
               
               
               //-------------------------------------------------------------------------------------------------------
             -------------
               //  @brief      æ¨¡æ‹ŸIICè¯»å–å¤šå­—èŠ‚æ•°æ®
               //  @param      dev_add     è®¾å¤‡åœ°å€(ä½ä¸ƒä½åœ°å€)
               //  @param      reg       å¯„å­˜å™¨åœ°å€
               //  @param      dat_add     æ•°æ®ä¿å­˜çš„åœ°å€æŒ‡é’ˆ
               //  @param      num       è¯»å–å­—èŠ‚æ•°é‡
               //  @param      type      é€‰æ‹©é€šä¿¡æ–¹å¼æ˜¯IIC  è¿˜æ˜¯ SCCB
               //  @return     uint8 xdata     è¿”å›å¯„å­˜å™¨çš„æ•°æ®
               //  @since      v1.0
               //  Sample usage:
               //-------------------------------------------------------------------------------------------------------
             -------------
               static void imu963ra_simiic_read_regs(uint8 dev_add, uint8 reg, uint8 *dat_add, uint32 num)
               {
                   imu963ra_simiic_start();
                   imu963ra_send_ch( (dev_add<<1) | 0x00);  //å‘é€å™¨ä»¶åœ°å€åŠ å†™ä½
                   imu963ra_send_ch( reg );          //å‘é€ä»æœºå¯„å­˜å™¨åœ°å€
                   imu963ra_simiic_start();
                   imu963ra_send_ch( (dev_add<<1) | 0x01);  //å‘é€å™¨ä»¶åœ°å€åŠ è¯»ä½
                   while(--num)
                   {
                       *dat_add = imu963ra_read_ch(ack); //è¯»å–æ•°æ®
                       dat_add++;
                   }
                   *dat_add = imu963ra_read_ch(no_ack); //è¯»å–æ•°æ®
                   imu963ra_simiic_stop();
               }
               
               
               //-------------------------------------------------------------------------------------------------------
             -------------
               // å‡½æ•°ç®€ä»‹     IMU963RA å†™å¯„å­˜å™¨
               // å‚æ•°è¯´æ˜     reg             å¯„å­˜å™¨åœ°å€
               // å‚æ•°è¯´æ˜     dat            æ•°æ®
               // è¿”å›å‚æ•°     void
               // ä½¿ç”¨ç¤ºä¾‹     imu963ra_write_acc_gyro_register(IMU963RA_SLV0_CONFIG, 0x00);
               // å¤‡æ³¨ä¿¡æ¯     å†…éƒ¨è°ƒç”¨
               //-------------------------------------------------------------------------------------------------------
             -------------
               #define imu963ra_write_acc_gyro_register(reg,dat)       (imu963ra_simiic_write_reg(IMU963RA_DEV_ADDR,reg,
             -dat))
               
               //-------------------------------------------------------------------------------------------------------
             -------------
               // å‡½æ•°ç®€ä»‹     IMU963RA è¯»å¯„å­˜å™¨
               // å‚æ•°è¯´æ˜     reg             å¯„å­˜å™¨åœ°å€
               // è¿”å›å‚æ•°     uint8 xdata           æ•°æ®
               // ä½¿ç”¨ç¤ºä¾‹     imu963ra_read_acc_gyro_register(IMU963RA_STATUS_MASTER);
               // å¤‡æ³¨ä¿¡æ¯     å†…éƒ¨è°ƒç”¨
               //-------------------------------------------------------------------------------------------------------
             -------------
               #define imu963ra_read_acc_gyro_register(reg)             (imu963ra_simiic_sccb_read_reg(IMU963RA_DEV_ADDR
             -,reg))
               
C251 COMPILER V5.60.0,  SEEKFREE_IMU963RA                                                  08/04/24  13:47:32  PAGE 6   

               //-------------------------------------------------------------------------------------------------------
             -------------
               // å‡½æ•°ç®€ä»‹     IMU963RA è¯»æ•°æ® å†…éƒ¨è°ƒç”¨
               // å‚æ•°è¯´æ˜     reg             å¯„å­˜å™¨åœ°å€
               // å‚æ•°è¯´æ˜     dat            æ•°æ®ç¼“å†²åŒº
               // å‚æ•°è¯´æ˜     len             æ•°æ®é•¿åº¦
               // è¿”å›å‚æ•°     void
               // ä½¿ç”¨ç¤ºä¾‹     imu963ra_read_acc_gyro_registers(IMU963RA_OUTX_L_A, dat, 6);
               // å¤‡æ³¨ä¿¡æ¯     å†…éƒ¨è°ƒç”¨
               //-------------------------------------------------------------------------------------------------------
             -------------
               #define imu963ra_read_acc_gyro_registers(reg,dat,len)   (imu963ra_simiic_read_regs(IMU963RA_DEV_ADDR,reg,
             -dat,len))
               
               
               #else
  316          
  317          
  318          
  319          #define IMU963RA_SCK(x)       IMU963RA_SPC_PIN  = x
  320          #define IMU963RA_MOSI(x)      IMU963RA_SDI_PIN = x
  321          #define IMU963RA_CS(x)        IMU963RA_CS_PIN  = x
  322          #define IMU963RA_MISO         IMU963RA_SDO_PIN
  323          
  324          //-------------------------------------------------------------------------------------------------------
             -------------
  325          //  @brief      é€šè¿‡SPIå†™ä¸€ä¸ªbyte,åŒæ—¶è¯»å–ä¸€ä¸ªbyte
  326          //  @param      byte        å‘é€çš„æ•°æ®
  327          //  @return     uint8 xdata       return è¿”å›statusçŠ¶æ€
  328          //  @since      v1.0
  329          //  Sample usage:
  330          //-------------------------------------------------------------------------------------------------------
             -------------
  331          static uint8 imu963ra_simspi_wr_byte(uint8 byte)
  332          {
  333   1          uint8 xdata i;
  334   1          for(i=0; i<8; i++)
  335   1          {
  336   2              IMU963RA_MOSI(byte&0x80);
  337   2              byte <<= 1;
  338   2              IMU963RA_SCK (0);
  339   2              IMU963RA_SCK (0);
  340   2              IMU963RA_SCK (1);
  341   2              IMU963RA_SCK (1);
  342   2              byte |= IMU963RA_MISO;
  343   2          }
  344   1          return(byte);
  345   1      }
  346          //-------------------------------------------------------------------------------------------------------
             -------------
  347          //  @brief      å°†valå†™å…¥cmdå¯¹åº”çš„å¯„å­˜å™¨åœ°å€,åŒæ—¶è¿”å›statuså­—èŠ‚
  348          //  @param      cmd         å‘½ä»¤å­—
  349          //  @param      val         å¾…å†™å…¥å¯„å­˜å™¨çš„æ•°å€¼
  350          //  @since      v1.0
  351          //  Sample usage:
  352          //-------------------------------------------------------------------------------------------------------
             -------------
  353          static void imu963ra_simspi_w_reg_byte(uint8 cmd, uint8 val)
  354          {
  355   1          IMU963RA_CS(0);
  356   1          cmd |= IMU963RA_SPI_W;
  357   1          imu963ra_simspi_wr_byte(cmd);
  358   1          imu963ra_simspi_wr_byte(val);
  359   1          IMU963RA_CS(1);
  360   1      }
  361          
C251 COMPILER V5.60.0,  SEEKFREE_IMU963RA                                                  08/04/24  13:47:32  PAGE 7   

  362          
  363          //-------------------------------------------------------------------------------------------------------
             -------------
  364          //  @brief      å°†valå†™å…¥cmdå¯¹åº”çš„å¯„å­˜å™¨åœ°å€
  365          //  @param      cmd         å‘½ä»¤å­—
  366          //  @param      val         å¾…å†™å…¥å¯„å­˜å™¨çš„æ•°å€¼
  367          //  @since      v1.0
  368          //  Sample usage:
  369          //-------------------------------------------------------------------------------------------------------
             -------------
  370          //static void imu963ra_simspi_w_reg_bytes(uint8 cmd, uint8 *dat_addr, uint32 len)
  371          //{
  372          
  373          //
  374          //    IMU963RA_CS(0);
  375          //    cmd |= IMU963RA_SPI_W;
  376          //    imu963ra_simspi_wr_byte(cmd);
  377          //  while(len--)
  378          //  {
  379          //    imu963ra_simspi_wr_byte(*dat_addr++);
  380          //  }
  381          //    IMU963RA_CS(1);
  382          //}
  383          
  384          //-------------------------------------------------------------------------------------------------------
             -------------
  385          //  @brief      è¯»å–cmdæ‰€å¯¹åº”çš„å¯„å­˜å™¨åœ°å€
  386          //  @param      cmd         å‘½ä»¤å­—
  387          //  @param      *val        å­˜å‚¨è¯»å–çš„æ•°æ®åœ°å€
  388          //  @since      v1.0
  389          //  Sample usage:
  390          //-------------------------------------------------------------------------------------------------------
             -------------
  391          static void imu963ra_simspi_r_reg_byte(uint8 cmd, uint8 *val)
  392          {
  393   1          IMU963RA_CS(0);
  394   1          cmd |= IMU963RA_SPI_R;
  395   1          imu963ra_simspi_wr_byte(cmd);
  396   1          *val = imu963ra_simspi_wr_byte(0);
  397   1          IMU963RA_CS(1);
  398   1      }
  399          
  400          //-------------------------------------------------------------------------------------------------------
             -------------
  401          //  @brief      è¯»å–cmdæ‰€å¯¹åº”çš„å¯„å­˜å™¨åœ°å€
  402          //  @param      cmd         å‘½ä»¤å­—
  403          //  @param      *val        å­˜å‚¨è¯»å–çš„æ•°æ®åœ°å€
  404          //  @param      num         è¯»å–çš„æ•°é‡
  405          //  @since      v1.0
  406          //  Sample usage:
  407          //-------------------------------------------------------------------------------------------------------
             -------------
  408          static void imu963ra_simspi_r_reg_bytes(uint8 cmd, uint8 *val, uint32 num)
  409          {
  410   1          cmd |= IMU963RA_SPI_R;
  411   1          imu963ra_simspi_wr_byte(cmd);
  412   1          while(num--)
  413   1          {
  414   2              *val++ = imu963ra_simspi_wr_byte(0);
  415   2          }
  416   1      }
  417          
  418          
  419          
  420          //-------------------------------------------------------------------------------------------------------
             -------------
C251 COMPILER V5.60.0,  SEEKFREE_IMU963RA                                                  08/04/24  13:47:32  PAGE 8   

  421          // å‡½æ•°ç®€ä»‹     IMU963RA å†™å¯„å­˜å™¨
  422          // å‚æ•°è¯´æ˜     reg             å¯„å­˜å™¨åœ°å€
  423          // å‚æ•°è¯´æ˜     dat            æ•°æ®
  424          // è¿”å›å‚æ•°     void
  425          // ä½¿ç”¨ç¤ºä¾‹     imu963ra_write_acc_gyro_register(IMU963RA_SLV0_CONFIG, 0x00);
  426          // å¤‡æ³¨ä¿¡æ¯     å†…éƒ¨è°ƒç”¨
  427          //-------------------------------------------------------------------------------------------------------
             -------------
  428          static void imu963ra_write_acc_gyro_register(uint8 reg, uint8 dat)
  429          {
  430   1          IMU963RA_CS(0);
  431   1          imu963ra_simspi_w_reg_byte(reg | IMU963RA_SPI_W, dat);
  432   1          IMU963RA_CS(1);
  433   1      }
  434          
  435          //-------------------------------------------------------------------------------------------------------
             -------------
  436          // å‡½æ•°ç®€ä»‹     IMU963RA è¯»å¯„å­˜å™¨
  437          // å‚æ•°è¯´æ˜     reg             å¯„å­˜å™¨åœ°å€
  438          // è¿”å›å‚æ•°     uint8 xdata           æ•°æ®
  439          // ä½¿ç”¨ç¤ºä¾‹     imu963ra_read_acc_gyro_register(IMU963RA_STATUS_MASTER);
  440          // å¤‡æ³¨ä¿¡æ¯     å†…éƒ¨è°ƒç”¨
  441          //-------------------------------------------------------------------------------------------------------
             -------------
  442          static uint8 imu963ra_read_acc_gyro_register(uint8 reg)
  443          {
  444   1          uint8 xdata dat = 0;
  445   1          IMU963RA_CS(0);
  446   1          imu963ra_simspi_r_reg_byte(reg | IMU963RA_SPI_R, &dat);
  447   1          IMU963RA_CS(1);
  448   1          return dat;
  449   1      }
  450          
  451          //-------------------------------------------------------------------------------------------------------
             -------------
  452          // å‡½æ•°ç®€ä»‹     IMU963RA è¯»æ•°æ® å†…éƒ¨è°ƒç”¨
  453          // å‚æ•°è¯´æ˜     reg             å¯„å­˜å™¨åœ°å€
  454          // å‚æ•°è¯´æ˜     dat            æ•°æ®ç¼“å†²åŒº
  455          // å‚æ•°è¯´æ˜     len             æ•°æ®é•¿åº¦
  456          // è¿”å›å‚æ•°     void
  457          // ä½¿ç”¨ç¤ºä¾‹     imu963ra_read_acc_gyro_registers(IMU963RA_OUTX_L_A, dat, 6);
  458          // å¤‡æ³¨ä¿¡æ¯     å†…éƒ¨è°ƒç”¨
  459          //-------------------------------------------------------------------------------------------------------
             -------------
  460          static void imu963ra_read_acc_gyro_registers(uint8 reg, uint8 *dat, uint32 len)
  461          {
  462   1          IMU963RA_CS(0);
  463   1          imu963ra_simspi_r_reg_bytes( reg | IMU963RA_SPI_R, dat, len);
  464   1          IMU963RA_CS(1);
  465   1      }
  466          #endif
  467          
  468          //-------------------------------------------------------------------------------------------------------
             -------------
  469          // å‡½æ•°ç®€ä»‹     IMU963RA ä½œä¸º IIC ä¸»æœºå‘ç£åŠ›è®¡å†™æ•°æ®
  470          // å‚æ•°è¯´æ˜     addr            ç›®æ ‡åœ°å€
  471          // å‚æ•°è¯´æ˜     reg             ç›®æ ‡å¯„å­˜å™¨
  472          // å‚æ•°è¯´æ˜     dat            æ•°æ®
  473          // è¿”å›å‚æ•°     uint8 xdata           1-å¤±è´¥ 0-æˆåŠŸ
  474          // ä½¿ç”¨ç¤ºä¾‹     imu963ra_write_mag_register(IMU963RA_MAG_ADDR, IMU963RA_MAG_CONTROL2, 0x80);
  475          // å¤‡æ³¨ä¿¡æ¯     å†…éƒ¨è°ƒç”¨
  476          //-------------------------------------------------------------------------------------------------------
             -------------
  477          static uint8 imu963ra_write_mag_register (uint8 addr, uint8 reg, uint8 dat)
  478          {
  479   1          uint8 xdata return_state = 0;
C251 COMPILER V5.60.0,  SEEKFREE_IMU963RA                                                  08/04/24  13:47:32  PAGE 9   

  480   1          uint16 xdata timeout_count = 0;
  481   1          addr = addr << 1;
  482   1          imu963ra_write_acc_gyro_register(IMU963RA_SLV0_CONFIG, 0x00);               // ä»æœº0é…ç½®æ¸…é™¤
  483   1          imu963ra_write_acc_gyro_register(IMU963RA_SLV0_ADD, addr | 0);              // è®¾ç½®åœ°ç£è®¡åœ°å€ï
             -¼ˆæ³¨æ„è¿™é‡Œéœ€è¦è®¾ç½®8ä½çš„I2Cåœ°å€ï¼‰ 0x2C
  484   1          imu963ra_write_acc_gyro_register(IMU963RA_SLV0_SUBADD, reg);                // éœ€è¦å†™å…¥çš„å¯„å­˜å
             -™¨åœ°å€
  485   1          imu963ra_write_acc_gyro_register(IMU963RA_DATAWRITE_SLV0, dat);            // éœ€è¦å†™å…¥çš„æ•°æ®
  486   1          imu963ra_write_acc_gyro_register(IMU963RA_MASTER_CONFIG, 0x4C);             // ä»…åœ¨ç¬¬ä¸€ä¸ªå‘¨æœŸå
             -¯ç”¨é€šè®¯ å¼€å¯ä¸Šæ‹‰ I2Cä¸»æœºä½¿èƒ½
  487   1          // ç­‰å¾…é€šè®¯æˆåŠŸ
  488   1          while(0 == (0x80 & imu963ra_read_acc_gyro_register(IMU963RA_STATUS_MASTER)))
  489   1          {
  490   2              if(timeout_count ++ > IMU963RA_TIMEOUT_COUNT)
  491   2              {
  492   3                  return_state = 1;
  493   3                  break;
  494   3              }
  495   2              delay_ms(2);
  496   2          }
  497   1          return return_state;
  498   1      }
  499          
  500          //-------------------------------------------------------------------------------------------------------
             -------------
  501          // å‡½æ•°ç®€ä»‹     IMU963RA ä½œä¸º IIC ä¸»æœºå‘ç£åŠ›è®¡è¯»æ•°æ®
  502          // å‚æ•°è¯´æ˜     addr            ç›®æ ‡åœ°å€
  503          // å‚æ•°è¯´æ˜     reg             ç›®æ ‡å¯„å­˜å™¨
  504          // è¿”å›å‚æ•°     uint8 xdata           è¯»å–çš„æ•°æ®
  505          // ä½¿ç”¨ç¤ºä¾‹     imu963ra_read_mag_register(IMU963RA_MAG_ADDR, IMU963RA_MAG_CHIP_ID);
  506          // å¤‡æ³¨ä¿¡æ¯     å†…éƒ¨è°ƒç”¨
  507          //-------------------------------------------------------------------------------------------------------
             -------------
  508          static uint8 imu963ra_read_mag_register (uint8 addr, uint8 reg)
  509          {
  510   1          uint16 xdata timeout_count = 0;
  511   1          addr = addr << 1;
  512   1          imu963ra_write_acc_gyro_register(IMU963RA_SLV0_ADD, addr | 1);              // è®¾ç½®åœ°ç£è®¡åœ°å€ï
             -¼ˆæ³¨æ„è¿™é‡Œéœ€è¦è®¾ç½®8ä½çš„I2Cåœ°å€ï¼‰ 0x2C
  513   1          imu963ra_write_acc_gyro_register(IMU963RA_SLV0_SUBADD, reg);                // éœ€è¦è¯»å–çš„å¯„å­˜å
             -™¨åœ°å€
  514   1          imu963ra_write_acc_gyro_register(IMU963RA_SLV0_CONFIG, 0x01);
  515   1          imu963ra_write_acc_gyro_register(IMU963RA_MASTER_CONFIG, 0x4C);             // ä»…åœ¨ç¬¬ä¸€ä¸ªå‘¨æœŸå
             -¯ç”¨é€šè®¯ å¼€å¯ä¸Šæ‹‰ I2Cä¸»æœºä½¿èƒ½
  516   1          // ç­‰å¾…é€šè®¯æˆåŠŸ
  517   1          while(0 == (0x01 & imu963ra_read_acc_gyro_register(IMU963RA_STATUS_MASTER)))
  518   1          {
  519   2              if(timeout_count ++ > IMU963RA_TIMEOUT_COUNT)
  520   2              {
  521   3                  break;
  522   3              }
  523   2              delay_ms(2);
  524   2          }
  525   1          return (imu963ra_read_acc_gyro_register(IMU963RA_SENSOR_HUB_1));            // è¿”å›è¯»å–åˆ°çš„æ•°æ
             -®
  526   1      }
  527          
  528          //-------------------------------------------------------------------------------------------------------
             -------------
  529          // å‡½æ•°ç®€ä»‹     IMU963RA ä½œä¸º IIC ä¸»æœºå‘ç£åŠ›è®¡è‡ªåŠ¨å†™æ•°æ®
  530          // å‚æ•°è¯´æ˜     addr            ç›®æ ‡åœ°å€
  531          // å‚æ•°è¯´æ˜     reg             ç›®æ ‡å¯„å­˜å™¨
  532          // è¿”å›å‚æ•°     void
  533          // ä½¿ç”¨ç¤ºä¾‹     imu963ra_connect_mag(IMU963RA_MAG_ADDR, IMU963RA_MAG_OUTX_L);
  534          // å¤‡æ³¨ä¿¡æ¯     å†…éƒ¨è°ƒç”¨
  535          //-------------------------------------------------------------------------------------------------------
C251 COMPILER V5.60.0,  SEEKFREE_IMU963RA                                                  08/04/24  13:47:32  PAGE 10  

             -------------
  536          static void imu963ra_connect_mag (uint8 addr, uint8 reg)
  537          {
  538   1          addr = addr << 1;
  539   1          imu963ra_write_acc_gyro_register(IMU963RA_SLV0_ADD, addr | 1);              // è®¾ç½®åœ°ç£è®¡åœ°å€ï
             -¼ˆæ³¨æ„è¿™é‡Œéœ€è¦è®¾ç½®8ä½çš„I2Cåœ°å€ï¼‰ 0x2C
  540   1          imu963ra_write_acc_gyro_register(IMU963RA_SLV0_SUBADD, reg);                // éœ€è¦è¯»å–çš„å¯„å­˜å
             -™¨åœ°å€
  541   1          imu963ra_write_acc_gyro_register(IMU963RA_SLV0_CONFIG, 0x06);
  542   1          imu963ra_write_acc_gyro_register(IMU963RA_MASTER_CONFIG, 0x6C);             // ä»…åœ¨ç¬¬ä¸€ä¸ªå‘¨æœŸå
             -¯ç”¨é€šè®¯ å¼€å¯ä¸Šæ‹‰ I2Cä¸»æœºä½¿èƒ½
  543   1      }
  544          
  545          
  546          //-------------------------------------------------------------------------------------------------------
             -------------
  547          // å‡½æ•°ç®€ä»‹     IMU963RA å…­è½´è‡ªæ£€ å†…éƒ¨è°ƒç”¨
  548          // å‚æ•°è¯´æ˜     void
  549          // è¿”å›å‚æ•°     uint8 xdata           1-è‡ªæ£€å¤±è´¥ 0-è‡ªæ£€æˆåŠŸ
  550          // ä½¿ç”¨ç¤ºä¾‹     imu963ra_acc_gyro_self_check();
  551          // å¤‡æ³¨ä¿¡æ¯     å†…éƒ¨è°ƒç”¨
  552          //-------------------------------------------------------------------------------------------------------
             -------------
  553          static uint8 imu963ra_acc_gyro_self_check (void)
  554          {
  555   1          uint8 xdata return_state = 0;
  556   1          uint8 xdata dat = 0;
  557   1          uint16 xdata timeout_count = 0;
  558   1          while(0x6B != dat)                                                          // åˆ¤æ–­ ID æ˜¯å¦æ­£ç¡®
  559   1          {
  560   2              if(timeout_count++ > IMU963RA_TIMEOUT_COUNT)
  561   2              {
  562   3                  return_state = 1;
  563   3                  break;
  564   3              }
  565   2              dat = imu963ra_read_acc_gyro_register(IMU963RA_WHO_AM_I);
  566   2              delay_ms(10);
  567   2          }
  568   1          return return_state;
  569   1      }
  570          
  571          //-------------------------------------------------------------------------------------------------------
             -------------
  572          // å‡½æ•°ç®€ä»‹     IMU963RA ç£åŠ›è®¡è‡ªæ£€ å†…éƒ¨è°ƒç”¨
  573          // å‚æ•°è¯´æ˜     void
  574          // è¿”å›å‚æ•°     uint8 xdata           1-è‡ªæ£€å¤±è´¥ 0-è‡ªæ£€æˆåŠŸ
  575          // ä½¿ç”¨ç¤ºä¾‹     imu963ra_mag_self_check();
  576          // å¤‡æ³¨ä¿¡æ¯     å†…éƒ¨è°ƒç”¨
  577          //-------------------------------------------------------------------------------------------------------
             -------------
  578          static uint8 imu963ra_mag_self_check (void)
  579          {
  580   1          uint8 xdata return_state = 0;
  581   1          uint8 xdata dat = 0;
  582   1          uint16 xdata timeout_count = 0;
  583   1          while(0xff != dat)                                                          // åˆ¤æ–­ ID æ˜¯å¦æ­£ç¡®
  584   1          {
  585   2              if(timeout_count++ > IMU963RA_TIMEOUT_COUNT)
  586   2              {
  587   3                  return_state = 1;
  588   3                  break;
  589   3              }
  590   2              dat = imu963ra_read_mag_register(IMU963RA_MAG_ADDR, IMU963RA_MAG_CHIP_ID);
  591   2              delay_ms(10);
  592   2          }
  593   1          return return_state;
C251 COMPILER V5.60.0,  SEEKFREE_IMU963RA                                                  08/04/24  13:47:32  PAGE 11  

  594   1      }
  595          
  596          //-------------------------------------------------------------------------------------------------------
             -------------
  597          // å‡½æ•°ç®€ä»‹     è·å– IMU963RA åŠ é€Ÿåº¦è®¡æ•°æ®
  598          // å‚æ•°è¯´æ˜     void
  599          // è¿”å›å‚æ•°     void
  600          // ä½¿ç”¨ç¤ºä¾‹     imu963ra_get_acc();
  601          // å¤‡æ³¨ä¿¡æ¯     æ‰§è¡Œè¯¥å‡½æ•°åï¼Œç›´æ¥æŸ¥çœ‹å¯¹åº”çš„å˜é‡å³å¯
  602          //-------------------------------------------------------------------------------------------------------
             -------------
  603          void imu963ra_get_acc (void)
  604          {
  605   1          uint8 xdata dat[6];
  606   1          imu963ra_read_acc_gyro_registers(IMU963RA_OUTX_L_A, dat, 6);
  607   1          imu963ra_acc_x = (int16)(((uint16)dat[1]<<8 | dat[0]));
  608   1          imu963ra_acc_y = (int16)(((uint16)dat[3]<<8 | dat[2]));
  609   1          imu963ra_acc_z = (int16)(((uint16)dat[5]<<8 | dat[4]));
  610   1      }
  611          
  612          
  613          //-------------------------------------------------------------------------------------------------------
             -------------
  614          // å‡½æ•°ç®€ä»‹     è·å–IMU963RAé™€èºä»ªæ•°æ®
  615          // å‚æ•°è¯´æ˜     void
  616          // è¿”å›å‚æ•°     void
  617          // ä½¿ç”¨ç¤ºä¾‹     imu963ra_get_gyro();
  618          // å¤‡æ³¨ä¿¡æ¯     æ‰§è¡Œè¯¥å‡½æ•°åï¼Œç›´æ¥æŸ¥çœ‹å¯¹åº”çš„å˜é‡å³å¯
  619          //-------------------------------------------------------------------------------------------------------
             -------------
  620          void imu963ra_get_gyro (void)
  621          {
  622   1          uint8 xdata dat[6];
  623   1          imu963ra_read_acc_gyro_registers(IMU963RA_OUTX_L_G, dat, 6);
  624   1          imu963ra_gyro_x = (int16)(((uint16)dat[1]<<8 | dat[0]));
  625   1          imu963ra_gyro_y = (int16)(((uint16)dat[3]<<8 | dat[2]));
  626   1          imu963ra_gyro_z = (int16)(((uint16)dat[5]<<8 | dat[4]));
  627   1      }
  628          
  629          
  630          //-------------------------------------------------------------------------------------------------------
             -------------
  631          // å‡½æ•°ç®€ä»‹     è·å– IMU963RA ç£åŠ›è®¡æ•°æ®
  632          // å‚æ•°è¯´æ˜     void
  633          // è¿”å›å‚æ•°     void
  634          // ä½¿ç”¨ç¤ºä¾‹     imu963ra_get_mag();
  635          // å¤‡æ³¨ä¿¡æ¯     æ‰§è¡Œè¯¥å‡½æ•°åï¼Œç›´æ¥æŸ¥çœ‹å¯¹åº”çš„å˜é‡å³å¯
  636          //-------------------------------------------------------------------------------------------------------
             -------------
  637          void imu963ra_get_mag (void)
  638          {
  639   1          uint8 xdata temp_status;
  640   1          uint8 xdata dat[6];
  641   1          imu963ra_write_acc_gyro_register(IMU963RA_FUNC_CFG_ACCESS, 0x40);
  642   1          temp_status = imu963ra_read_acc_gyro_register(IMU963RA_STATUS_MASTER);
  643   1          if(0x01 & temp_status)
  644   1          {
  645   2              imu963ra_read_acc_gyro_registers(IMU963RA_SENSOR_HUB_1, dat, 6);
  646   2              imu963ra_mag_x = (int16)(((uint16)dat[1]<<8 | dat[0]));
  647   2              imu963ra_mag_y = (int16)(((uint16)dat[3]<<8 | dat[2]));
  648   2              imu963ra_mag_z = (int16)(((uint16)dat[5]<<8 | dat[4]));
  649   2          }
  650   1          imu963ra_write_acc_gyro_register(IMU963RA_FUNC_CFG_ACCESS, 0x00);
  651   1      }
  652          
  653          //-------------------------------------------------------------------------------------------------------
C251 COMPILER V5.60.0,  SEEKFREE_IMU963RA                                                  08/04/24  13:47:32  PAGE 12  

             -------------
  654          // å‡½æ•°ç®€ä»‹     å°† IMU963RA åŠ é€Ÿåº¦è®¡æ•°æ®è½¬æ¢ä¸ºå®é™…ç‰©ç†æ•°æ®
  655          // å‚æ•°è¯´æ˜     gyro_value      ä»»æ„è½´çš„åŠ é€Ÿåº¦è®¡æ•°æ®
  656          // è¿”å›å‚æ•°     void
  657          // ä½¿ç”¨ç¤ºä¾‹     float dat = imu963ra_acc_transition(imu963ra_acc_x);           // å•ä½ä¸º g(m/s^2)
  658          // å¤‡æ³¨ä¿¡æ¯
  659          //-------------------------------------------------------------------------------------------------------
             -------------
  660          float imu963ra_acc_transition (int16 acc_value)
  661          {
  662   1          float acc_dat = 0;
  663   1          switch(IMU963RA_ACC_SAMPLE)
  664   1          {
  665   2              case 0x30:
  666   2                  acc_dat = (float)acc_value / 16393;
  667   2                  break;                  // 0x30 åŠ é€Ÿåº¦é‡ç¨‹ä¸º:Â±2G      è·å–åˆ°çš„åŠ é€Ÿåº¦è®¡æ•°æ® é
             -™¤ä»¥ 16393 ï¼Œå¯ä»¥è½¬åŒ–ä¸ºå¸¦ç‰©ç†å•ä½çš„æ•°æ®ï¼Œå•ä½ï¼šg(m/s^2)
  668   2              case 0x38:
  669   2                  acc_dat = (float)acc_value / 8197;
  670   2                  break;                  // 0x38 åŠ é€Ÿåº¦é‡ç¨‹ä¸º:Â±4G      è·å–åˆ°çš„åŠ é€Ÿåº¦è®¡æ•°æ® é
             -™¤ä»¥ 8197 ï¼Œ å¯ä»¥è½¬åŒ–ä¸ºå¸¦ç‰©ç†å•ä½çš„æ•°æ®ï¼Œå•ä½ï¼šg(m/s^2)
  671   2              case 0x3C:
  672   2                  acc_dat = (float)acc_value / 4098;
  673   2                  break;                  // 0x3C åŠ é€Ÿåº¦é‡ç¨‹ä¸º:Â±8G      è·å–åˆ°çš„åŠ é€Ÿåº¦è®¡æ•°æ® é
             -™¤ä»¥ 4098 ï¼Œ å¯ä»¥è½¬åŒ–ä¸ºå¸¦ç‰©ç†å•ä½çš„æ•°æ®ï¼Œå•ä½ï¼šg(m/s^2)
  674   2              case 0x34:
  675   2                  acc_dat = (float)acc_value / 2049;
  676   2                  break;                  // 0x34 åŠ é€Ÿåº¦é‡ç¨‹ä¸º:Â±16G     è·å–åˆ°çš„åŠ é€Ÿåº¦è®¡æ•°æ® é
             -™¤ä»¥ 2049 ï¼Œ å¯ä»¥è½¬åŒ–ä¸ºå¸¦ç‰©ç†å•ä½çš„æ•°æ®ï¼Œå•ä½ï¼šg(m/s^2)
  677   2              default:
  678   2                  break;
  679   2          }
  680   1          return acc_dat;
  681   1      }
  682          
  683          //-------------------------------------------------------------------------------------------------------
             -------------
  684          // å‡½æ•°ç®€ä»‹     å°† IMU963RA é™€èºä»ªæ•°æ®è½¬æ¢ä¸ºå®é™…ç‰©ç†æ•°æ®
  685          // å‚æ•°è¯´æ˜     gyro_value      ä»»æ„è½´çš„é™€èºä»ªæ•°æ®
  686          // è¿”å›å‚æ•°     void
  687          // ä½¿ç”¨ç¤ºä¾‹     float dat = imu963ra_gyro_transition(imu963ra_gyro_x);         // å•ä½ä¸ºÂ°/s
  688          // å¤‡æ³¨ä¿¡æ¯
  689          //-------------------------------------------------------------------------------------------------------
             -------------
  690          float imu963ra_gyro_transition (int16 gyro_value)
  691          {
  692   1          float gyro_dat = 0;
  693   1          switch(IMU963RA_GYR_SAMPLE)
  694   1          {
  695   2              case 0x52:
  696   2                  gyro_dat = (float)gyro_value / 228.6f;
  697   2                  break;              //  0x52 é™€èºä»ªé‡ç¨‹ä¸º:Â±125dps  è·å–åˆ°çš„é™€èºä»ªæ•°æ®é™¤ä»¥ 2
             -28.6ï¼Œ   å¯ä»¥è½¬åŒ–ä¸ºå¸¦ç‰©ç†å•ä½çš„æ•°æ®ï¼Œå•ä½ä¸ºï¼šÂ°/s
  698   2              case 0x50:
  699   2                  gyro_dat = (float)gyro_value / 114.3f;
  700   2                  break;              //  0x50 é™€èºä»ªé‡ç¨‹ä¸º:Â±250dps  è·å–åˆ°çš„é™€èºä»ªæ•°æ®é™¤ä»¥ 1
             -14.3ï¼Œ   å¯ä»¥è½¬åŒ–ä¸ºå¸¦ç‰©ç†å•ä½çš„æ•°æ®ï¼Œå•ä½ä¸ºï¼šÂ°/s
  701   2              case 0x54:
  702   2                  gyro_dat = (float)gyro_value / 57.1f;
  703   2                  break;              //  0x54 é™€èºä»ªé‡ç¨‹ä¸º:Â±500dps  è·å–åˆ°çš„é™€èºä»ªæ•°æ®é™¤ä»¥ 5
             -7.1ï¼Œ    å¯ä»¥è½¬åŒ–ä¸ºå¸¦ç‰©ç†å•ä½çš„æ•°æ®ï¼Œå•ä½ä¸ºï¼šÂ°/s
  704   2              case 0x58:
  705   2                  gyro_dat = (float)gyro_value / 28.6f;
  706   2                  break;              //  0x58 é™€èºä»ªé‡ç¨‹ä¸º:Â±1000dps è·å–åˆ°çš„é™€èºä»ªæ•°æ®é™¤ä»¥ 2
             -8.6ï¼Œ    å¯ä»¥è½¬åŒ–ä¸ºå¸¦ç‰©ç†å•ä½çš„æ•°æ®ï¼Œå•ä½ä¸ºï¼šÂ°/s
  707   2              case 0x5C:
C251 COMPILER V5.60.0,  SEEKFREE_IMU963RA                                                  08/04/24  13:47:32  PAGE 13  

  708   2                  gyro_dat = (float)gyro_value / 14.3f;
  709   2                  break;              //  0x5C é™€èºä»ªé‡ç¨‹ä¸º:Â±2000dps è·å–åˆ°çš„é™€èºä»ªæ•°æ®é™¤ä»¥ 1
             -4.3ï¼Œ    å¯ä»¥è½¬åŒ–ä¸ºå¸¦ç‰©ç†å•ä½çš„æ•°æ®ï¼Œå•ä½ä¸ºï¼šÂ°/s
  710   2              case 0x51:
  711   2                  gyro_dat = (float)gyro_value / 7.1f;
  712   2                  break;              //  0x51 é™€èºä»ªé‡ç¨‹ä¸º:Â±4000dps è·å–åˆ°çš„é™€èºä»ªæ•°æ®é™¤ä»¥ 7
             -.1ï¼Œ     å¯ä»¥è½¬åŒ–ä¸ºå¸¦ç‰©ç†å•ä½çš„æ•°æ®ï¼Œå•ä½ä¸ºï¼šÂ°/s
  713   2              default:
  714   2                  break;
  715   2          }
  716   1          return gyro_dat;
  717   1      }
  718          
  719          //-------------------------------------------------------------------------------------------------------
             -------------
  720          // å‡½æ•°ç®€ä»‹     å°† IMU963RA åœ°ç£è®¡æ•°æ®è½¬æ¢ä¸ºå®é™…ç‰©ç†æ•°æ®
  721          // å‚æ•°è¯´æ˜     mag_value       ä»»æ„è½´çš„åœ°ç£è®¡æ•°æ®
  722          // è¿”å›å‚æ•°     void
  723          // ä½¿ç”¨ç¤ºä¾‹     float dat = imu963ra_mag_transition(imu963ra_mag_x);          // å•ä½ä¸ºG(é«˜æ–¯)
  724          // å¤‡æ³¨ä¿¡æ¯
  725          //-------------------------------------------------------------------------------------------------------
             -------------
  726          float imu963ra_mag_transition (int16 mag_value)
  727          {
  728   1          float mag_dat = 0;
  729   1          switch(IMU963RA_MAG_SAMPLE)
  730   1          {
  731   2              case 0x19:
  732   2                  mag_dat = (float)mag_value / 3000;
  733   2                  break;                  //  0x19 ç£åŠ›è®¡é‡ç¨‹ä¸º:8G     è·å–åˆ°çš„åŠ é€Ÿåº¦è®¡æ•°æ® é™¤
             -ä»¥3000ï¼Œ å¯ä»¥è½¬åŒ–ä¸ºå¸¦ç‰©ç†å•ä½çš„æ•°æ®ï¼Œå•ä½ï¼šG(é«˜æ–¯)
  734   2              case 0x09:
  735   2                  mag_dat = (float)mag_value / 12000;
  736   2                  break;                  //  0x09 ç£åŠ›è®¡é‡ç¨‹ä¸º:2G     è·å–åˆ°çš„åŠ é€Ÿåº¦è®¡æ•°æ® é™¤
             -ä»¥12000ï¼Œå¯ä»¥è½¬åŒ–ä¸ºå¸¦ç‰©ç†å•ä½çš„æ•°æ®ï¼Œå•ä½ï¼šG(é«˜æ–¯)
  737   2              default:
  738   2                  break;
  739   2          }
  740   1          return mag_dat;
  741   1      }
  742          
  743          //-------------------------------------------------------------------------------------------------------
             -------------
  744          // å‡½æ•°ç®€ä»‹     åˆå§‹åŒ– IMU963RA
  745          // å‚æ•°è¯´æ˜     void
  746          // è¿”å›å‚æ•°     uint8 xdata           1-åˆå§‹åŒ–å¤±è´¥ 0-åˆå§‹åŒ–æˆåŠŸ
  747          // ä½¿ç”¨ç¤ºä¾‹     imu963ra_init();
  748          // å¤‡æ³¨ä¿¡æ¯
  749          //-------------------------------------------------------------------------------------------------------
             -------------
  750          uint8 imu963ra_init (void)
  751          {
  752   1          uint8 xdata return_state = 0;
  753   1          delay_ms(10);                                                        // ä¸Šç”µå»¶æ—¶
  754   1      
  755   1          do
  756   1          {
  757   2              imu963ra_write_acc_gyro_register(IMU963RA_FUNC_CFG_ACCESS, 0x00);       // å…³é—­HUBå¯„å­˜å™¨è®¿é
             -—®
  758   2              imu963ra_write_acc_gyro_register(IMU963RA_CTRL3_C, 0x01);               // å¤ä½è®¾å¤‡
  759   2              delay_ms(2);
  760   2              imu963ra_write_acc_gyro_register(IMU963RA_FUNC_CFG_ACCESS, 0x00);       // å…³é—­HUBå¯„å­˜å™¨è®¿é
             -—®
  761   2              if(imu963ra_acc_gyro_self_check())
  762   2              {
  763   3                  printf( "IMU963RA acc and gyro self check error.\r\n");
C251 COMPILER V5.60.0,  SEEKFREE_IMU963RA                                                  08/04/24  13:47:32  PAGE 14  

  764   3                  return_state = 1;
  765   3                  break;
  766   3              }
  767   2              imu963ra_write_acc_gyro_register(IMU963RA_INT1_CTRL, 0x03);             // å¼€å¯é™€èºä»ª åŠ é€Ÿ
             -åº¦æ•°æ®å°±ç»ªä¸­æ–­
  768   2              imu963ra_write_acc_gyro_register(IMU963RA_CTRL1_XL, IMU963RA_GYR_SAMPLE);   // è®¾ç½®åŠ é€Ÿåº¦è®¡
             -é‡ç¨‹ Â±8G ä»¥åŠæ•°æ®è¾“å‡ºé€Ÿç‡ 52hz ä»¥åŠåŠ é€Ÿåº¦ä¿¡æ¯ä»ç¬¬ä¸€çº§æ»¤æ³¢å™¨è¾“å‡º
  769   2              // IMU963RA_CTRL1_XL å¯„å­˜å™¨
  770   2              // è®¾ç½®ä¸º:0x30 åŠ é€Ÿåº¦é‡ç¨‹ä¸º:Â±2G      è·å–åˆ°çš„åŠ é€Ÿåº¦è®¡æ•°æ® é™¤ä»¥16393ï¼Œå¯ä»
             -¥è½¬åŒ–ä¸ºå¸¦ç‰©ç†å•ä½çš„æ•°æ®ï¼Œå•ä½ï¼šg(m/s^2)
  771   2              // è®¾ç½®ä¸º:0x38 åŠ é€Ÿåº¦é‡ç¨‹ä¸º:Â±4G      è·å–åˆ°çš„åŠ é€Ÿåº¦è®¡æ•°æ® é™¤ä»¥8197ï¼Œ å¯ä»
             -¥è½¬åŒ–ä¸ºå¸¦ç‰©ç†å•ä½çš„æ•°æ®ï¼Œå•ä½ï¼šg(m/s^2)
  772   2              // è®¾ç½®ä¸º:0x3C åŠ é€Ÿåº¦é‡ç¨‹ä¸º:Â±8G      è·å–åˆ°çš„åŠ é€Ÿåº¦è®¡æ•°æ® é™¤ä»¥4098ï¼Œ å¯ä»
             -¥è½¬åŒ–ä¸ºå¸¦ç‰©ç†å•ä½çš„æ•°æ®ï¼Œå•ä½ï¼šg(m/s^2)
  773   2              // è®¾ç½®ä¸º:0x34 åŠ é€Ÿåº¦é‡ç¨‹ä¸º:Â±16G     è·å–åˆ°çš„åŠ é€Ÿåº¦è®¡æ•°æ® é™¤ä»¥2049ï¼Œ å¯ä»
             -¥è½¬åŒ–ä¸ºå¸¦ç‰©ç†å•ä½çš„æ•°æ®ï¼Œå•ä½ï¼šg(m/s^2)
  774   2              imu963ra_write_acc_gyro_register(IMU963RA_CTRL2_G, IMU963RA_ACC_SAMPLE);    // è®¾ç½®é™€èºä»ªè®¡
             -é‡ç¨‹ Â±2000dps ä»¥åŠæ•°æ®è¾“å‡ºé€Ÿç‡ 208hz
  775   2              // IMU963RA_CTRL2_G å¯„å­˜å™¨
  776   2              // è®¾ç½®ä¸º:0x52 é™€èºä»ªé‡ç¨‹ä¸º:Â±125dps  è·å–åˆ°çš„é™€èºä»ªæ•°æ®é™¤ä»¥228.6ï¼Œ   å¯ä»¥
             -è½¬åŒ–ä¸ºå¸¦ç‰©ç†å•ä½çš„æ•°æ®ï¼Œå•ä½ä¸ºï¼šÂ°/s
  777   2              // è®¾ç½®ä¸º:0x50 é™€èºä»ªé‡ç¨‹ä¸º:Â±250dps  è·å–åˆ°çš„é™€èºä»ªæ•°æ®é™¤ä»¥114.3ï¼Œ   å¯ä»¥
             -è½¬åŒ–ä¸ºå¸¦ç‰©ç†å•ä½çš„æ•°æ®ï¼Œå•ä½ä¸ºï¼šÂ°/s
  778   2              // è®¾ç½®ä¸º:0x54 é™€èºä»ªé‡ç¨‹ä¸º:Â±500dps  è·å–åˆ°çš„é™€èºä»ªæ•°æ®é™¤ä»¥57.1ï¼Œ    å¯ä»¥
             -è½¬åŒ–ä¸ºå¸¦ç‰©ç†å•ä½çš„æ•°æ®ï¼Œå•ä½ä¸ºï¼šÂ°/s
  779   2              // è®¾ç½®ä¸º:0x58 é™€èºä»ªé‡ç¨‹ä¸º:Â±1000dps è·å–åˆ°çš„é™€èºä»ªæ•°æ®é™¤ä»¥28.6ï¼Œ    å¯ä»¥
             -è½¬åŒ–ä¸ºå¸¦ç‰©ç†å•ä½çš„æ•°æ®ï¼Œå•ä½ä¸ºï¼šÂ°/s
  780   2              // è®¾ç½®ä¸º:0x5C é™€èºä»ªé‡ç¨‹ä¸º:Â±2000dps è·å–åˆ°çš„é™€èºä»ªæ•°æ®é™¤ä»¥14.3ï¼Œ    å¯ä»¥
             -è½¬åŒ–ä¸ºå¸¦ç‰©ç†å•ä½çš„æ•°æ®ï¼Œå•ä½ä¸ºï¼šÂ°/s
  781   2              // è®¾ç½®ä¸º:0x51 é™€èºä»ªé‡ç¨‹ä¸º:Â±4000dps è·å–åˆ°çš„é™€èºä»ªæ•°æ®é™¤ä»¥7.1ï¼Œ     å¯ä»¥
             -è½¬åŒ–ä¸ºå¸¦ç‰©ç†å•ä½çš„æ•°æ®ï¼Œå•ä½ä¸ºï¼šÂ°/s
  782   2              imu963ra_write_acc_gyro_register(IMU963RA_CTRL3_C, 0x44);               // ä½¿èƒ½é™€èºä»ªæ•°å­—ä
             -½é€šæ»¤æ³¢å™¨
  783   2              imu963ra_write_acc_gyro_register(IMU963RA_CTRL4_C, 0x02);               // ä½¿èƒ½æ•°å­—ä½é€šæ»¤æ
             -³¢å™¨
  784   2              imu963ra_write_acc_gyro_register(IMU963RA_CTRL5_C, 0x00);               // åŠ é€Ÿåº¦è®¡ä¸é™€èºä
             -»ªå››èˆäº”å…¥
  785   2              imu963ra_write_acc_gyro_register(IMU963RA_CTRL6_C, 0x00);               // å¼€å¯åŠ é€Ÿåº¦è®¡é«˜æ
             -€§èƒ½æ¨¡å¼ é™€èºä»ªä½é€šæ»¤æ³¢ 133hz
  786   2              imu963ra_write_acc_gyro_register(IMU963RA_CTRL7_G, 0x00);               // å¼€å¯é™€èºä»ªé«˜æ€§è
             -ƒ½æ¨¡å¼ å…³é—­é«˜é€šæ»¤æ³¢
  787   2              imu963ra_write_acc_gyro_register(IMU963RA_CTRL9_XL, 0x01);              // å…³é—­I3Cæ¥å£
  788   2              imu963ra_write_acc_gyro_register(IMU963RA_FUNC_CFG_ACCESS, 0x40);       // å¼€å¯HUBå¯„å­˜å™¨è®¿é
             -—® ç”¨äºé…ç½®åœ°ç£è®¡
  789   2              imu963ra_write_acc_gyro_register(IMU963RA_MASTER_CONFIG, 0x80);         // å¤ä½I2Cä¸»æœº
  790   2              delay_ms(2);
  791   2              imu963ra_write_acc_gyro_register(IMU963RA_MASTER_CONFIG, 0x00);         // æ¸…é™¤å¤ä½æ ‡å¿—
  792   2              delay_ms(2);
  793   2              imu963ra_write_mag_register(IMU963RA_MAG_ADDR, IMU963RA_MAG_CONTROL2, 0x80);// å¤ä½è¿æ¥çš„å¤–
             -è®¾
  794   2              delay_ms(2);
  795   2              imu963ra_write_mag_register(IMU963RA_MAG_ADDR, IMU963RA_MAG_CONTROL2, 0x00);
  796   2              delay_ms(2);
  797   2              if(imu963ra_mag_self_check())
  798   2              {
  799   3      //      while(1)
  800   3      //      {
  801   3                  printf("IMU963RA mag self check error.\r\n");
  802   3      //        delay_ms(200);
  803   3      //      };
  804   3                  return_state = 1;
  805   3                  break;
  806   3              }
  807   2              imu963ra_write_mag_register(IMU963RA_MAG_ADDR, IMU963RA_MAG_CONTROL1, IMU963RA_MAG_SAMPLE); // è®
             -¾ç½®ç£åŠ›è®¡é‡ç¨‹8G è¾“å‡ºé€Ÿç‡100hz è¿ç»­æ¨¡å¼
  808   2              // IMU963RA_MAG_ADDR å¯„å­˜å™¨
C251 COMPILER V5.60.0,  SEEKFREE_IMU963RA                                                  08/04/24  13:47:32  PAGE 15  

  809   2              // è®¾ç½®ä¸º:0x19 ç£åŠ›è®¡é‡ç¨‹ä¸º:8G     è·å–åˆ°çš„åŠ é€Ÿåº¦è®¡æ•°æ® é™¤ä»¥3000ï¼Œ å¯ä»¥è½
             -¬åŒ–ä¸ºå¸¦ç‰©ç†å•ä½çš„æ•°æ®ï¼Œå•ä½ï¼šG(é«˜æ–¯)
  810   2              // è®¾ç½®ä¸º:0x09 ç£åŠ›è®¡é‡ç¨‹ä¸º:2G     è·å–åˆ°çš„åŠ é€Ÿåº¦è®¡æ•°æ® é™¤ä»¥12000ï¼Œå¯ä»¥è½
             -¬åŒ–ä¸ºå¸¦ç‰©ç†å•ä½çš„æ•°æ®ï¼Œå•ä½ï¼šG(é«˜æ–¯)
  811   2              imu963ra_write_mag_register(IMU963RA_MAG_ADDR, IMU963RA_MAG_FBR, 0x01);
  812   2              imu963ra_connect_mag(IMU963RA_MAG_ADDR, IMU963RA_MAG_OUTX_L);
  813   2              imu963ra_write_acc_gyro_register(IMU963RA_FUNC_CFG_ACCESS, 0x00);       // å…³é—­HUBå¯„å­˜å™¨è®¿é
             -—®
  814   2              delay_ms(20);                                                    // ç­‰å¾…ç£åŠ›è®¡è·å–æ•°æ®
  815   2          }
  816   1          while(0);
  817   1          return return_state;
  818   1      }


Module Information          Static   Overlayable
------------------------------------------------
  code size            =      1809     ------
  ecode size           =    ------     ------
  data size            =    ------     ------
  idata size           =    ------     ------
  pdata size           =    ------     ------
  xdata size           =        35     ------
  xdata-const size     =    ------     ------
  edata size           =        72     ------
  bit size             =    ------     ------
  ebit size            =    ------     ------
  bitaddressable size  =    ------     ------
  ebitaddressable size =    ------     ------
  far data size        =    ------     ------
  huge data size       =    ------     ------
  const size           =    ------     ------
  hconst size          =       129     ------
End of Module Information.


C251 COMPILATION COMPLETE.  0 WARNING(S),  0 ERROR(S)
